5724-H72 (C) Copyright IBM Corp. 1994, 2025.
Starting MQSC for queue manager QM1.


     1 : DIS CONN(*) WHERE(APPLTAG EQ TEST49531) ALL
AMQ8276I: Display Connection details.
   CONN(BEB3BD68005B0040)                
   EXTCONN(414D5143514D31202020202020202020)
   TYPE(CONN)                            
   PID(1353)                               TID(15) 
   APPLDESC(IBM MQ Channel)                APPLTAG(TEST49531)
   APPLTYPE(USER)                          ASTATE(NONE)
   CHANNEL(APP.SVRCONN)                    CLIENTID( )
   CONNAME(10.10.10.2)                  
   CONNOPTS(MQCNO_HANDLE_SHARE_BLOCK,MQCNO_SHARED_BINDING,MQCNO_GENERATE_CONN_TAG)
   USERID(app)                             UOWLOG( )
   UOWSTDA( )                              UOWSTTI( )
   UOWLOGDA( )                             UOWLOGTI( )
   URTYPE(QMGR)                         
   EXTURID(XA_FORMATID[] XA_GTRID[] XA_BQUAL[])
   QMURID(0.0)                             UOWSTATE(NONE)
   CONNTAG(MQCTBEB3BD68005B0040QM1_2025-09-05_02.13.44TEST49531)
AMQ8276I: Display Connection details.
   CONN(BEB3BD68005F0040)                
   EXTCONN(414D5143514D31202020202020202020)
   TYPE(CONN)                            
   PID(1353)                               TID(15) 
   APPLDESC(IBM MQ Channel)                APPLTAG(TEST49531)
   APPLTYPE(USER)                          ASTATE(NONE)
   CHANNEL(APP.SVRCONN)                    CLIENTID( )
   CONNAME(10.10.10.2)                  
   CONNOPTS(MQCNO_HANDLE_SHARE_BLOCK,MQCNO_SHARED_BINDING)
   USERID(app)                             UOWLOG( )
   UOWSTDA( )                              UOWSTTI( )
   UOWLOGDA( )                             UOWLOGTI( )
   URTYPE(QMGR)                         
   EXTURID(XA_FORMATID[] XA_GTRID[] XA_BQUAL[])
   QMURID(0.0)                             UOWSTATE(NONE)
   CONNTAG(MQCTBEB3BD68005B0040QM1_2025-09-05_02.13.44TEST49531)
AMQ8276I: Display Connection details.
   CONN(BEB3BD68005E0040)                
   EXTCONN(414D5143514D31202020202020202020)
   TYPE(CONN)                            
   PID(1353)                               TID(15) 
   APPLDESC(IBM MQ Channel)                APPLTAG(TEST49531)
   APPLTYPE(USER)                          ASTATE(NONE)
   CHANNEL(APP.SVRCONN)                    CLIENTID( )
   CONNAME(10.10.10.2)                  
   CONNOPTS(MQCNO_HANDLE_SHARE_BLOCK,MQCNO_SHARED_BINDING)
   USERID(app)                             UOWLOG( )
   UOWSTDA( )                              UOWSTTI( )
   UOWLOGDA( )                             UOWLOGTI( )
   URTYPE(QMGR)                         
   EXTURID(XA_FORMATID[] XA_GTRID[] XA_BQUAL[])
   QMURID(0.0)                             UOWSTATE(NONE)
   CONNTAG(MQCTBEB3BD68005B0040QM1_2025-09-05_02.13.44TEST49531)
AMQ8276I: Display Connection details.
   CONN(BEB3BD68005D0040)                
   EXTCONN(414D5143514D31202020202020202020)
   TYPE(CONN)                            
   PID(1353)                               TID(15) 
   APPLDESC(IBM MQ Channel)                APPLTAG(TEST49531)
   APPLTYPE(USER)                          ASTATE(NONE)
   CHANNEL(APP.SVRCONN)                    CLIENTID( )
   CONNAME(10.10.10.2)                  
   CONNOPTS(MQCNO_HANDLE_SHARE_BLOCK,MQCNO_SHARED_BINDING)
   USERID(app)                             UOWLOG( )
   UOWSTDA( )                              UOWSTTI( )
   UOWLOGDA( )                             UOWLOGTI( )
   URTYPE(QMGR)                         
   EXTURID(XA_FORMATID[] XA_GTRID[] XA_BQUAL[])
   QMURID(0.0)                             UOWSTATE(NONE)
   CONNTAG(MQCTBEB3BD68005B0040QM1_2025-09-05_02.13.44TEST49531)
AMQ8276I: Display Connection details.
   CONN(BEB3BD68005C0040)                
   EXTCONN(414D5143514D31202020202020202020)
   TYPE(CONN)                            
   PID(1353)                               TID(15) 
   APPLDESC(IBM MQ Channel)                APPLTAG(TEST49531)
   APPLTYPE(USER)                          ASTATE(NONE)
   CHANNEL(APP.SVRCONN)                    CLIENTID( )
   CONNAME(10.10.10.2)                  
   CONNOPTS(MQCNO_HANDLE_SHARE_BLOCK,MQCNO_SHARED_BINDING)
   USERID(app)                             UOWLOG( )
   UOWSTDA( )                              UOWSTTI( )
   UOWLOGDA( )                             UOWLOGTI( )
   URTYPE(QMGR)                         
   EXTURID(XA_FORMATID[] XA_GTRID[] XA_BQUAL[])
   QMURID(0.0)                             UOWSTATE(NONE)
   CONNTAG(MQCTBEB3BD68005B0040QM1_2025-09-05_02.13.44TEST49531)
AMQ8276I: Display Connection details.
   CONN(BEB3BD6800600040)                
   EXTCONN(414D5143514D31202020202020202020)
   TYPE(CONN)                            
   PID(1353)                               TID(15) 
   APPLDESC(IBM MQ Channel)                APPLTAG(TEST49531)
   APPLTYPE(USER)                          ASTATE(NONE)
   CHANNEL(APP.SVRCONN)                    CLIENTID( )
   CONNAME(10.10.10.2)                  
   CONNOPTS(MQCNO_HANDLE_SHARE_BLOCK,MQCNO_SHARED_BINDING)
   USERID(app)                             UOWLOG( )
   UOWSTDA( )                              UOWSTTI( )
   UOWLOGDA( )                             UOWLOGTI( )
   URTYPE(QMGR)                         
   EXTURID(XA_FORMATID[] XA_GTRID[] XA_BQUAL[])
   QMURID(0.0)                             UOWSTATE(NONE)
   CONNTAG(MQCTBEB3BD68005B0040QM1_2025-09-05_02.13.44TEST49531)
One MQSC command read.
No commands have a syntax error.
All valid MQSC commands were processed.
