â•â•â•â•â•â•â•â•â•â•â•â•â•â•â•â•â•â•â•â•â•â•â•â•â•â•â•â•â•â•â•â•â•â•â•â•â•â•â•â•â•â•â•â•â•â•â•â•â•â•â•â•â•â•â•â•â•â•â•â•â•â•â•â•
     CONNECTION TRACE EVIDENCE - 2025-09-05 18:04:28
â•â•â•â•â•â•â•â•â•â•â•â•â•â•â•â•â•â•â•â•â•â•â•â•â•â•â•â•â•â•â•â•â•â•â•â•â•â•â•â•â•â•â•â•â•â•â•â•â•â•â•â•â•â•â•â•â•â•â•â•â•â•â•â•


[0;34mâ•â•â• Queue Manager: QM1 at 2025-09-05 18:04:28.707 â•â•â•[0m
â”€â”€â”€â”€â”€â”€â”€â”€â”€â”€â”€â”€â”€â”€â”€â”€â”€â”€â”€â”€â”€â”€â”€â”€â”€â”€â”€â”€â”€â”€â”€â”€â”€â”€â”€â”€â”€â”€â”€â”€â”€â”€â”€â”€â”€â”€â”€â”€â”€â”€â”€â”€
Connection ID:        *
Queue Manager:        QM1
Channel:              
Connection Name:      
Application Tag:      
Application Type:     
User ID:              
Process ID:           
Thread ID:            
UOW Log Date:         
UOW Log Time:         
UOW Start Date:       
UOW Start Time:       
UR Type:              
External UR ID:       


[0;34mâ•â•â• Queue Manager: QM2 at 2025-09-05 18:04:28.800 â•â•â•[0m
â”€â”€â”€â”€â”€â”€â”€â”€â”€â”€â”€â”€â”€â”€â”€â”€â”€â”€â”€â”€â”€â”€â”€â”€â”€â”€â”€â”€â”€â”€â”€â”€â”€â”€â”€â”€â”€â”€â”€â”€â”€â”€â”€â”€â”€â”€â”€â”€â”€â”€â”€â”€
Connection ID:        *
Queue Manager:        QM2
Channel:              
Connection Name:      
Application Tag:      
Application Type:     
User ID:              
Process ID:           
Thread ID:            
UOW Log Date:         
UOW Log Time:         
UOW Start Date:       
UOW Start Time:       
UR Type:              
External UR ID:       


[0;34mâ•â•â• Queue Manager: QM3 at 2025-09-05 18:04:28.895 â•â•â•[0m
â”€â”€â”€â”€â”€â”€â”€â”€â”€â”€â”€â”€â”€â”€â”€â”€â”€â”€â”€â”€â”€â”€â”€â”€â”€â”€â”€â”€â”€â”€â”€â”€â”€â”€â”€â”€â”€â”€â”€â”€â”€â”€â”€â”€â”€â”€â”€â”€â”€â”€â”€â”€
Connection ID:        *
Queue Manager:        QM3
Channel:              
Connection Name:      
Application Tag:      
Application Type:     
User ID:              
Process ID:           
Thread ID:            
UOW Log Date:         
UOW Log Time:         
UOW Start Date:       
UOW Start Time:       
UR Type:              
External UR ID:       



[0;35mâ•â•â•â•â•â•â•â•â•â•â•â•â•â•â•â•â•â•â•â•â•â•â•â•â•â•â•â•â•â•â•â•â•â•â•â•â•â•â•â•â•â•â•â•â•â•â•â•â•â•â•â•â•â•â•â•â•â•â•â•â•â•â•â•[0m
[0;35m           PARENT-CHILD CONNECTION ANALYSIS                      [0m
[0;35mâ•â•â•â•â•â•â•â•â•â•â•â•â•â•â•â•â•â•â•â•â•â•â•â•â•â•â•â•â•â•â•â•â•â•â•â•â•â•â•â•â•â•â•â•â•â•â•â•â•â•â•â•â•â•â•â•â•â•â•â•â•â•â•â•[0m

[1;33mGrouping connections by IP address (parent-child detection):[0m


[1;33mGrouping by Application Tag patterns:[0m

