Starting Dual Connection Test with MQSC Capture
================================================
Tracking Key: DUAL-1757429405980

=== MQSC Capture 1 at Tue Sep  9 14:50:09 UTC 2025 ===
Connection 1 (DUAL-1757429405980-C1):
     1 : DIS CONN(*) WHERE(APPLTAG EQ 'DUAL-1757429405980-C1') ALL
   CONN(8A11C06800760040)                
   EXTCONN(414D5143514D31202020202020202020)
   PID(5861)                               TID(58) 
   APPLDESC(IBM MQ Channel)                APPLTAG(DUAL-1757429405980-C1)
   CHANNEL(APP.SVRCONN)                    CLIENTID( )
   CONNAME(10.10.10.2)                  
   CONN(8A11C06800710040)                
   EXTCONN(414D5143514D31202020202020202020)
   PID(5861)                               TID(58) 
   APPLDESC(IBM MQ Channel)                APPLTAG(DUAL-1757429405980-C1)
   CHANNEL(APP.SVRCONN)                    CLIENTID( )
   CONNAME(10.10.10.2)                  
   CONN(8A11C06800750040)                
   EXTCONN(414D5143514D31202020202020202020)
   PID(5861)                               TID(58) 
   APPLDESC(IBM MQ Channel)                APPLTAG(DUAL-1757429405980-C1)
   CHANNEL(APP.SVRCONN)                    CLIENTID( )
   CONNAME(10.10.10.2)                  
   CONN(8A11C06800740040)                
   EXTCONN(414D5143514D31202020202020202020)
   PID(5861)                               TID(58) 
   APPLDESC(IBM MQ Channel)                APPLTAG(DUAL-1757429405980-C1)
   CHANNEL(APP.SVRCONN)                    CLIENTID( )
   CONNAME(10.10.10.2)                  
   CONN(8A11C06800730040)                
   EXTCONN(414D5143514D31202020202020202020)
   PID(5861)                               TID(58) 
   APPLDESC(IBM MQ Channel)                APPLTAG(DUAL-1757429405980-C1)
   CHANNEL(APP.SVRCONN)                    CLIENTID( )
   CONNAME(10.10.10.2)                  
   CONN(8A11C06800720040)                
   EXTCONN(414D5143514D31202020202020202020)
   PID(5861)                               TID(58) 
   APPLDESC(IBM MQ Channel)                APPLTAG(DUAL-1757429405980-C1)
   CHANNEL(APP.SVRCONN)                    CLIENTID( )
   CONNAME(10.10.10.2)                  

Connection 2 (DUAL-1757429405980-C2):
     1 : DIS CONN(*) WHERE(APPLTAG EQ 'DUAL-1757429405980-C2') ALL
   CONN(8A11C068007A0040)                
   EXTCONN(414D5143514D31202020202020202020)
   PID(5861)                               TID(59) 
   APPLDESC(IBM MQ Channel)                APPLTAG(DUAL-1757429405980-C2)
   CHANNEL(APP.SVRCONN)                    CLIENTID( )
   CONNAME(10.10.10.2)                  
   CONN(8A11C06800790040)                
   EXTCONN(414D5143514D31202020202020202020)
   PID(5861)                               TID(59) 
   APPLDESC(IBM MQ Channel)                APPLTAG(DUAL-1757429405980-C2)
   CHANNEL(APP.SVRCONN)                    CLIENTID( )
   CONNAME(10.10.10.2)                  
   CONN(8A11C06800780040)                
   EXTCONN(414D5143514D31202020202020202020)
   PID(5861)                               TID(59) 
   APPLDESC(IBM MQ Channel)                APPLTAG(DUAL-1757429405980-C2)
   CHANNEL(APP.SVRCONN)                    CLIENTID( )
   CONNAME(10.10.10.2)                  
   CONN(8A11C06800770040)                
   EXTCONN(414D5143514D31202020202020202020)
   PID(5861)                               TID(59) 
   APPLDESC(IBM MQ Channel)                APPLTAG(DUAL-1757429405980-C2)
   CHANNEL(APP.SVRCONN)                    CLIENTID( )
   CONNAME(10.10.10.2)                  

Count summary:
  Connection 1: 13 connections
  Connection 2: 9 connections
  Total: 22 connections

=== MQSC Capture 2 at Tue Sep  9 14:50:30 UTC 2025 ===
Connection 1 (DUAL-1757429405980-C1):
     1 : DIS CONN(*) WHERE(APPLTAG EQ 'DUAL-1757429405980-C1') ALL
   CONN(8A11C06800760040)                
   EXTCONN(414D5143514D31202020202020202020)
   PID(5861)                               TID(58) 
   APPLDESC(IBM MQ Channel)                APPLTAG(DUAL-1757429405980-C1)
   CHANNEL(APP.SVRCONN)                    CLIENTID( )
   CONNAME(10.10.10.2)                  
   CONN(8A11C06800710040)                
   EXTCONN(414D5143514D31202020202020202020)
   PID(5861)                               TID(58) 
   APPLDESC(IBM MQ Channel)                APPLTAG(DUAL-1757429405980-C1)
   CHANNEL(APP.SVRCONN)                    CLIENTID( )
   CONNAME(10.10.10.2)                  
   CONN(8A11C06800750040)                
   EXTCONN(414D5143514D31202020202020202020)
   PID(5861)                               TID(58) 
   APPLDESC(IBM MQ Channel)                APPLTAG(DUAL-1757429405980-C1)
   CHANNEL(APP.SVRCONN)                    CLIENTID( )
   CONNAME(10.10.10.2)                  
   CONN(8A11C06800740040)                
   EXTCONN(414D5143514D31202020202020202020)
   PID(5861)                               TID(58) 
   APPLDESC(IBM MQ Channel)                APPLTAG(DUAL-1757429405980-C1)
   CHANNEL(APP.SVRCONN)                    CLIENTID( )
   CONNAME(10.10.10.2)                  
   CONN(8A11C06800730040)                
   EXTCONN(414D5143514D31202020202020202020)
   PID(5861)                               TID(58) 
   APPLDESC(IBM MQ Channel)                APPLTAG(DUAL-1757429405980-C1)
   CHANNEL(APP.SVRCONN)                    CLIENTID( )
   CONNAME(10.10.10.2)                  
   CONN(8A11C06800720040)                
   EXTCONN(414D5143514D31202020202020202020)
   PID(5861)                               TID(58) 
   APPLDESC(IBM MQ Channel)                APPLTAG(DUAL-1757429405980-C1)
   CHANNEL(APP.SVRCONN)                    CLIENTID( )
   CONNAME(10.10.10.2)                  

Connection 2 (DUAL-1757429405980-C2):
     1 : DIS CONN(*) WHERE(APPLTAG EQ 'DUAL-1757429405980-C2') ALL
   CONN(8A11C068007A0040)                
   EXTCONN(414D5143514D31202020202020202020)
   PID(5861)                               TID(59) 
   APPLDESC(IBM MQ Channel)                APPLTAG(DUAL-1757429405980-C2)
   CHANNEL(APP.SVRCONN)                    CLIENTID( )
   CONNAME(10.10.10.2)                  
   CONN(8A11C06800790040)                
   EXTCONN(414D5143514D31202020202020202020)
   PID(5861)                               TID(59) 
   APPLDESC(IBM MQ Channel)                APPLTAG(DUAL-1757429405980-C2)
   CHANNEL(APP.SVRCONN)                    CLIENTID( )
   CONNAME(10.10.10.2)                  
   CONN(8A11C06800780040)                
   EXTCONN(414D5143514D31202020202020202020)
   PID(5861)                               TID(59) 
   APPLDESC(IBM MQ Channel)                APPLTAG(DUAL-1757429405980-C2)
   CHANNEL(APP.SVRCONN)                    CLIENTID( )
   CONNAME(10.10.10.2)                  
   CONN(8A11C06800770040)                
   EXTCONN(414D5143514D31202020202020202020)
   PID(5861)                               TID(59) 
   APPLDESC(IBM MQ Channel)                APPLTAG(DUAL-1757429405980-C2)
   CHANNEL(APP.SVRCONN)                    CLIENTID( )
   CONNAME(10.10.10.2)                  

Count summary:
  Connection 1: 13 connections
  Connection 2: 9 connections
  Total: 22 connections

=== MQSC Capture 3 at Tue Sep  9 14:50:50 UTC 2025 ===
Connection 1 (DUAL-1757429405980-C1):
     1 : DIS CONN(*) WHERE(APPLTAG EQ 'DUAL-1757429405980-C1') ALL
   CONN(8A11C06800760040)                
   EXTCONN(414D5143514D31202020202020202020)
   PID(5861)                               TID(58) 
   APPLDESC(IBM MQ Channel)                APPLTAG(DUAL-1757429405980-C1)
   CHANNEL(APP.SVRCONN)                    CLIENTID( )
   CONNAME(10.10.10.2)                  
   CONN(8A11C06800710040)                
   EXTCONN(414D5143514D31202020202020202020)
   PID(5861)                               TID(58) 
   APPLDESC(IBM MQ Channel)                APPLTAG(DUAL-1757429405980-C1)
   CHANNEL(APP.SVRCONN)                    CLIENTID( )
   CONNAME(10.10.10.2)                  
   CONN(8A11C06800750040)                
   EXTCONN(414D5143514D31202020202020202020)
   PID(5861)                               TID(58) 
   APPLDESC(IBM MQ Channel)                APPLTAG(DUAL-1757429405980-C1)
   CHANNEL(APP.SVRCONN)                    CLIENTID( )
   CONNAME(10.10.10.2)                  
   CONN(8A11C06800740040)                
   EXTCONN(414D5143514D31202020202020202020)
   PID(5861)                               TID(58) 
   APPLDESC(IBM MQ Channel)                APPLTAG(DUAL-1757429405980-C1)
   CHANNEL(APP.SVRCONN)                    CLIENTID( )
   CONNAME(10.10.10.2)                  
   CONN(8A11C06800730040)                
   EXTCONN(414D5143514D31202020202020202020)
   PID(5861)                               TID(58) 
   APPLDESC(IBM MQ Channel)                APPLTAG(DUAL-1757429405980-C1)
   CHANNEL(APP.SVRCONN)                    CLIENTID( )
   CONNAME(10.10.10.2)                  
   CONN(8A11C06800720040)                
   EXTCONN(414D5143514D31202020202020202020)
   PID(5861)                               TID(58) 
   APPLDESC(IBM MQ Channel)                APPLTAG(DUAL-1757429405980-C1)
   CHANNEL(APP.SVRCONN)                    CLIENTID( )
   CONNAME(10.10.10.2)                  

Connection 2 (DUAL-1757429405980-C2):
     1 : DIS CONN(*) WHERE(APPLTAG EQ 'DUAL-1757429405980-C2') ALL
   CONN(8A11C068007A0040)                
   EXTCONN(414D5143514D31202020202020202020)
   PID(5861)                               TID(59) 
   APPLDESC(IBM MQ Channel)                APPLTAG(DUAL-1757429405980-C2)
   CHANNEL(APP.SVRCONN)                    CLIENTID( )
   CONNAME(10.10.10.2)                  
   CONN(8A11C06800790040)                
   EXTCONN(414D5143514D31202020202020202020)
   PID(5861)                               TID(59) 
   APPLDESC(IBM MQ Channel)                APPLTAG(DUAL-1757429405980-C2)
   CHANNEL(APP.SVRCONN)                    CLIENTID( )
   CONNAME(10.10.10.2)                  
   CONN(8A11C06800780040)                
   EXTCONN(414D5143514D31202020202020202020)
   PID(5861)                               TID(59) 
   APPLDESC(IBM MQ Channel)                APPLTAG(DUAL-1757429405980-C2)
   CHANNEL(APP.SVRCONN)                    CLIENTID( )
   CONNAME(10.10.10.2)                  
   CONN(8A11C06800770040)                
   EXTCONN(414D5143514D31202020202020202020)
   PID(5861)                               TID(59) 
   APPLDESC(IBM MQ Channel)                APPLTAG(DUAL-1757429405980-C2)
   CHANNEL(APP.SVRCONN)                    CLIENTID( )
   CONNAME(10.10.10.2)                  

Count summary:
  Connection 1: 13 connections
  Connection 2: 9 connections
  Total: 22 connections

=== MQSC Capture 4 at Tue Sep  9 14:51:10 UTC 2025 ===
Connection 1 (DUAL-1757429405980-C1):
     1 : DIS CONN(*) WHERE(APPLTAG EQ 'DUAL-1757429405980-C1') ALL
   CONN(8A11C06800760040)                
   EXTCONN(414D5143514D31202020202020202020)
   PID(5861)                               TID(58) 
   APPLDESC(IBM MQ Channel)                APPLTAG(DUAL-1757429405980-C1)
   CHANNEL(APP.SVRCONN)                    CLIENTID( )
   CONNAME(10.10.10.2)                  
   CONN(8A11C06800710040)                
   EXTCONN(414D5143514D31202020202020202020)
   PID(5861)                               TID(58) 
   APPLDESC(IBM MQ Channel)                APPLTAG(DUAL-1757429405980-C1)
   CHANNEL(APP.SVRCONN)                    CLIENTID( )
   CONNAME(10.10.10.2)                  
   CONN(8A11C06800750040)                
   EXTCONN(414D5143514D31202020202020202020)
   PID(5861)                               TID(58) 
   APPLDESC(IBM MQ Channel)                APPLTAG(DUAL-1757429405980-C1)
   CHANNEL(APP.SVRCONN)                    CLIENTID( )
   CONNAME(10.10.10.2)                  
   CONN(8A11C06800740040)                
   EXTCONN(414D5143514D31202020202020202020)
   PID(5861)                               TID(58) 
   APPLDESC(IBM MQ Channel)                APPLTAG(DUAL-1757429405980-C1)
   CHANNEL(APP.SVRCONN)                    CLIENTID( )
   CONNAME(10.10.10.2)                  
   CONN(8A11C06800730040)                
   EXTCONN(414D5143514D31202020202020202020)
   PID(5861)                               TID(58) 
   APPLDESC(IBM MQ Channel)                APPLTAG(DUAL-1757429405980-C1)
   CHANNEL(APP.SVRCONN)                    CLIENTID( )
   CONNAME(10.10.10.2)                  
   CONN(8A11C06800720040)                
   EXTCONN(414D5143514D31202020202020202020)
   PID(5861)                               TID(58) 
   APPLDESC(IBM MQ Channel)                APPLTAG(DUAL-1757429405980-C1)
   CHANNEL(APP.SVRCONN)                    CLIENTID( )
   CONNAME(10.10.10.2)                  

Connection 2 (DUAL-1757429405980-C2):
     1 : DIS CONN(*) WHERE(APPLTAG EQ 'DUAL-1757429405980-C2') ALL
   CONN(8A11C068007A0040)                
   EXTCONN(414D5143514D31202020202020202020)
   PID(5861)                               TID(59) 
   APPLDESC(IBM MQ Channel)                APPLTAG(DUAL-1757429405980-C2)
   CHANNEL(APP.SVRCONN)                    CLIENTID( )
   CONNAME(10.10.10.2)                  
   CONN(8A11C06800790040)                
   EXTCONN(414D5143514D31202020202020202020)
   PID(5861)                               TID(59) 
   APPLDESC(IBM MQ Channel)                APPLTAG(DUAL-1757429405980-C2)
   CHANNEL(APP.SVRCONN)                    CLIENTID( )
   CONNAME(10.10.10.2)                  
   CONN(8A11C06800780040)                
   EXTCONN(414D5143514D31202020202020202020)
   PID(5861)                               TID(59) 
   APPLDESC(IBM MQ Channel)                APPLTAG(DUAL-1757429405980-C2)
   CHANNEL(APP.SVRCONN)                    CLIENTID( )
   CONNAME(10.10.10.2)                  
   CONN(8A11C06800770040)                
   EXTCONN(414D5143514D31202020202020202020)
   PID(5861)                               TID(59) 
   APPLDESC(IBM MQ Channel)                APPLTAG(DUAL-1757429405980-C2)
   CHANNEL(APP.SVRCONN)                    CLIENTID( )
   CONNAME(10.10.10.2)                  

Count summary:
  Connection 1: 13 connections
  Connection 2: 9 connections
  Total: 22 connections

=== MQSC Capture 5 at Tue Sep  9 14:51:31 UTC 2025 ===
Connection 1 (DUAL-1757429405980-C1):
     1 : DIS CONN(*) WHERE(APPLTAG EQ 'DUAL-1757429405980-C1') ALL
   CONN(8A11C06800760040)                
   EXTCONN(414D5143514D31202020202020202020)
   PID(5861)                               TID(58) 
   APPLDESC(IBM MQ Channel)                APPLTAG(DUAL-1757429405980-C1)
   CHANNEL(APP.SVRCONN)                    CLIENTID( )
   CONNAME(10.10.10.2)                  
   CONN(8A11C06800710040)                
   EXTCONN(414D5143514D31202020202020202020)
   PID(5861)                               TID(58) 
   APPLDESC(IBM MQ Channel)                APPLTAG(DUAL-1757429405980-C1)
   CHANNEL(APP.SVRCONN)                    CLIENTID( )
   CONNAME(10.10.10.2)                  
   CONN(8A11C06800750040)                
   EXTCONN(414D5143514D31202020202020202020)
   PID(5861)                               TID(58) 
   APPLDESC(IBM MQ Channel)                APPLTAG(DUAL-1757429405980-C1)
   CHANNEL(APP.SVRCONN)                    CLIENTID( )
   CONNAME(10.10.10.2)                  
   CONN(8A11C06800740040)                
   EXTCONN(414D5143514D31202020202020202020)
   PID(5861)                               TID(58) 
   APPLDESC(IBM MQ Channel)                APPLTAG(DUAL-1757429405980-C1)
   CHANNEL(APP.SVRCONN)                    CLIENTID( )
   CONNAME(10.10.10.2)                  
   CONN(8A11C06800730040)                
   EXTCONN(414D5143514D31202020202020202020)
   PID(5861)                               TID(58) 
   APPLDESC(IBM MQ Channel)                APPLTAG(DUAL-1757429405980-C1)
   CHANNEL(APP.SVRCONN)                    CLIENTID( )
   CONNAME(10.10.10.2)                  
   CONN(8A11C06800720040)                
   EXTCONN(414D5143514D31202020202020202020)
   PID(5861)                               TID(58) 
   APPLDESC(IBM MQ Channel)                APPLTAG(DUAL-1757429405980-C1)
   CHANNEL(APP.SVRCONN)                    CLIENTID( )
   CONNAME(10.10.10.2)                  

Connection 2 (DUAL-1757429405980-C2):
     1 : DIS CONN(*) WHERE(APPLTAG EQ 'DUAL-1757429405980-C2') ALL
   CONN(8A11C068007A0040)                
   EXTCONN(414D5143514D31202020202020202020)
   PID(5861)                               TID(59) 
   APPLDESC(IBM MQ Channel)                APPLTAG(DUAL-1757429405980-C2)
   CHANNEL(APP.SVRCONN)                    CLIENTID( )
   CONNAME(10.10.10.2)                  
   CONN(8A11C06800790040)                
   EXTCONN(414D5143514D31202020202020202020)
   PID(5861)                               TID(59) 
   APPLDESC(IBM MQ Channel)                APPLTAG(DUAL-1757429405980-C2)
   CHANNEL(APP.SVRCONN)                    CLIENTID( )
   CONNAME(10.10.10.2)                  
   CONN(8A11C06800780040)                
   EXTCONN(414D5143514D31202020202020202020)
   PID(5861)                               TID(59) 
   APPLDESC(IBM MQ Channel)                APPLTAG(DUAL-1757429405980-C2)
   CHANNEL(APP.SVRCONN)                    CLIENTID( )
   CONNAME(10.10.10.2)                  
   CONN(8A11C06800770040)                
   EXTCONN(414D5143514D31202020202020202020)
   PID(5861)                               TID(59) 
   APPLDESC(IBM MQ Channel)                APPLTAG(DUAL-1757429405980-C2)
   CHANNEL(APP.SVRCONN)                    CLIENTID( )
   CONNAME(10.10.10.2)                  

Count summary:
  Connection 1: 13 connections
  Connection 2: 9 connections
  Total: 22 connections

=== MQSC Capture 6 at Tue Sep  9 14:51:51 UTC 2025 ===
Connection 1 (DUAL-1757429405980-C1):
     1 : DIS CONN(*) WHERE(APPLTAG EQ 'DUAL-1757429405980-C1') ALL
   CONN(8A11C06800760040)                
   EXTCONN(414D5143514D31202020202020202020)
   PID(5861)                               TID(58) 
   APPLDESC(IBM MQ Channel)                APPLTAG(DUAL-1757429405980-C1)
   CHANNEL(APP.SVRCONN)                    CLIENTID( )
   CONNAME(10.10.10.2)                  
   CONN(8A11C06800710040)                
   EXTCONN(414D5143514D31202020202020202020)
   PID(5861)                               TID(58) 
   APPLDESC(IBM MQ Channel)                APPLTAG(DUAL-1757429405980-C1)
   CHANNEL(APP.SVRCONN)                    CLIENTID( )
   CONNAME(10.10.10.2)                  
   CONN(8A11C06800750040)                
   EXTCONN(414D5143514D31202020202020202020)
   PID(5861)                               TID(58) 
   APPLDESC(IBM MQ Channel)                APPLTAG(DUAL-1757429405980-C1)
   CHANNEL(APP.SVRCONN)                    CLIENTID( )
   CONNAME(10.10.10.2)                  
   CONN(8A11C06800740040)                
   EXTCONN(414D5143514D31202020202020202020)
   PID(5861)                               TID(58) 
   APPLDESC(IBM MQ Channel)                APPLTAG(DUAL-1757429405980-C1)
   CHANNEL(APP.SVRCONN)                    CLIENTID( )
   CONNAME(10.10.10.2)                  
   CONN(8A11C06800730040)                
   EXTCONN(414D5143514D31202020202020202020)
   PID(5861)                               TID(58) 
   APPLDESC(IBM MQ Channel)                APPLTAG(DUAL-1757429405980-C1)
   CHANNEL(APP.SVRCONN)                    CLIENTID( )
   CONNAME(10.10.10.2)                  
   CONN(8A11C06800720040)                
   EXTCONN(414D5143514D31202020202020202020)
   PID(5861)                               TID(58) 
   APPLDESC(IBM MQ Channel)                APPLTAG(DUAL-1757429405980-C1)
   CHANNEL(APP.SVRCONN)                    CLIENTID( )
   CONNAME(10.10.10.2)                  

Connection 2 (DUAL-1757429405980-C2):
     1 : DIS CONN(*) WHERE(APPLTAG EQ 'DUAL-1757429405980-C2') ALL
   CONN(8A11C068007A0040)                
   EXTCONN(414D5143514D31202020202020202020)
   PID(5861)                               TID(59) 
   APPLDESC(IBM MQ Channel)                APPLTAG(DUAL-1757429405980-C2)
   CHANNEL(APP.SVRCONN)                    CLIENTID( )
   CONNAME(10.10.10.2)                  
   CONN(8A11C06800790040)                
   EXTCONN(414D5143514D31202020202020202020)
   PID(5861)                               TID(59) 
   APPLDESC(IBM MQ Channel)                APPLTAG(DUAL-1757429405980-C2)
   CHANNEL(APP.SVRCONN)                    CLIENTID( )
   CONNAME(10.10.10.2)                  
   CONN(8A11C06800780040)                
   EXTCONN(414D5143514D31202020202020202020)
   PID(5861)                               TID(59) 
   APPLDESC(IBM MQ Channel)                APPLTAG(DUAL-1757429405980-C2)
   CHANNEL(APP.SVRCONN)                    CLIENTID( )
   CONNAME(10.10.10.2)                  
   CONN(8A11C06800770040)                
   EXTCONN(414D5143514D31202020202020202020)
   PID(5861)                               TID(59) 
   APPLDESC(IBM MQ Channel)                APPLTAG(DUAL-1757429405980-C2)
   CHANNEL(APP.SVRCONN)                    CLIENTID( )
   CONNAME(10.10.10.2)                  

Count summary:
  Connection 1: 13 connections
  Connection 2: 9 connections
  Total: 22 connections

Test completed\!
