===============================================================================
         FINAL PARENT-CHILD CONNECTION PROOF WITH RAW DATA
         Timestamp: Fri Sep  5 18:12:26 UTC 2025
===============================================================================

██████ INITIAL STATE - BEFORE TEST ██████

--- QM1 ---
1

--- QM2 ---
1

--- QM3 ---
1

██████ STARTING PARENT-CHILD PROOF TEST ██████
Test started at: Fri Sep  5 18:12:26 UTC 2025
==============================================================================
     PARENT CONNECTION - CHILD SESSION CORRELATION PROOF
==============================================================================
This test creates ONE parent connection and multiple child sessions
and proves they all connect to the SAME Queue Manager
==============================================================================

APPLICATION TAG FOR MQSC TRACKING: PROOF-1757095948053
Timestamp: 1757095948053

Creating parent connection...

Exception in thread "main" com.ibm.msg.client.jms.DetailedJMSException: JMSWMQ2020: Failed to connect to queue manager '' with connection mode 'Client' and supplied CCDT URL 'file:///workspace/ccdt/ccdt.json', see linked exception for more information.
Check the queue manager is started and if running in client mode, check there is a listener running. Please see the linked exception for more information.
	at com.ibm.msg.client.wmq.common.internal.Reason.reasonToException(Reason.java:595)
	at com.ibm.msg.client.wmq.common.internal.Reason.createException(Reason.java:215)
	at com.ibm.msg.client.wmq.internal.WMQConnection.<init>(WMQConnection.java:482)
	at com.ibm.msg.client.wmq.factories.WMQConnectionFactory.createV7ProviderConnection(WMQConnectionFactory.java:9009)
	at com.ibm.msg.client.wmq.factories.WMQConnectionFactory.createProviderConnection(WMQConnectionFactory.java:8349)
	at com.ibm.msg.client.jms.admin.JmsConnectionFactoryImpl._createConnection(JmsConnectionFactoryImpl.java:322)
	at com.ibm.msg.client.jms.admin.JmsConnectionFactoryImpl.createConnection(JmsConnectionFactoryImpl.java:242)
	at com.ibm.mq.jms.MQConnectionFactory.createCommonConnection(MQConnectionFactory.java:6193)
	at com.ibm.mq.jms.MQConnectionFactory.createConnection(MQConnectionFactory.java:6256)
	at ParentChildProof.main(ParentChildProof.java:38)
Caused by: com.ibm.mq.MQException: JMSCMQ0001: IBM MQ call failed with compcode '2' ('MQCC_FAILED') reason '2278' ('MQRC_CLIENT_CONN_ERROR').
	at com.ibm.msg.client.wmq.common.internal.Reason.createException(Reason.java:203)
	... 8 more
Caused by: com.ibm.mq.jmqi.JmqiException: CC=2;RC=2278;AMQ9696: JSON attribute 'tuning' has an invalid value or an unexpected type. [3=file:/workspace/ccdt/ccdt.json,4=tuning,5=[null]]
	at com.ibm.mq.jmqi.system.internal.JSONCCDTFileParser.parse(JSONCCDTFileParser.java:132)
	at com.ibm.mq.jmqi.system.internal.CCDT.<init>(CCDT.java:112)
	at com.ibm.mq.jmqi.remote.impl.RemoteCCDT.<init>(RemoteCCDT.java:62)
	at com.ibm.mq.jmqi.remote.api.RemoteFAP.getCcdt(RemoteFAP.java:489)
	at com.ibm.mq.jmqi.remote.api.RemoteFAP.access$2300(RemoteFAP.java:190)
	at com.ibm.mq.jmqi.remote.api.RemoteFAP$Connector.initialiseFromCCDT(RemoteFAP.java:14459)
	at com.ibm.mq.jmqi.remote.api.RemoteFAP$Connector.jmqiConnect(RemoteFAP.java:13346)
	at com.ibm.mq.jmqi.remote.api.RemoteFAP$Connector.access$100(RemoteFAP.java:13202)
	at com.ibm.mq.jmqi.remote.api.RemoteFAP.jmqiConnect(RemoteFAP.java:1451)
	at com.ibm.mq.jmqi.remote.api.RemoteFAP.jmqiConnect(RemoteFAP.java:1392)
	at com.ibm.mq.ese.jmqi.InterceptedJmqiImpl.jmqiConnect(InterceptedJmqiImpl.java:377)
	at com.ibm.mq.ese.jmqi.ESEJMQI.jmqiConnect(ESEJMQI.java:562)
	at com.ibm.msg.client.wmq.internal.WMQConnection.<init>(WMQConnection.java:415)
	... 7 more
Caused by: com.ibm.mq.jmqi.system.internal.JSONAttributeException: "unsupported JSON object: 'tuning'
	at com.ibm.mq.jmqi.system.internal.JSONExceptionFactory.newJSONAttributeException(JSONCCDTFileParser.java:1051)
	at com.ibm.mq.jmqi.system.internal.JSONExceptionFactory.UnsupportedObject(JSONCCDTFileParser.java:1107)
	at com.ibm.mq.jmqi.system.internal.JSONCCDTFileParser.parse(JSONCCDTFileParser.java:111)
	... 19 more

██████ CAPTURING RAW MQSC DATA DURING TEST ██████
Capture time: Fri Sep  5 18:12:29 UTC 2025

╔══════════════════════════════════════════════════════════════╗
║                    QM1 RAW CONNECTION DATA                     ║
╚══════════════════════════════════════════════════════════════╝
     1 : DIS CONN(*) WHERE(CHANNEL EQ APP.SVRCONN) ALL
AMQ8461I: Connection identifier not found.
One MQSC command read.
No commands have a syntax error.
One valid MQSC command could not be processed.

╔══════════════════════════════════════════════════════════════╗
║                    QM2 RAW CONNECTION DATA                     ║
╚══════════════════════════════════════════════════════════════╝
     1 : DIS CONN(*) WHERE(CHANNEL EQ APP.SVRCONN) ALL
AMQ8461I: Connection identifier not found.
One MQSC command read.
No commands have a syntax error.
One valid MQSC command could not be processed.

╔══════════════════════════════════════════════════════════════╗
║                    QM3 RAW CONNECTION DATA                     ║
╚══════════════════════════════════════════════════════════════╝
     1 : DIS CONN(*) WHERE(CHANNEL EQ APP.SVRCONN) ALL
AMQ8461I: Connection identifier not found.
One MQSC command read.
No commands have a syntax error.
One valid MQSC command could not be processed.

██████ TEST COMPLETED ██████

██████ FINAL STATE - AFTER TEST ██████

--- QM1 ---
QM1: 1 remaining connections

--- QM2 ---
QM2: 1 remaining connections

--- QM3 ---
QM3: 1 remaining connections

===============================================================================
PROOF COMPLETE - Evidence saved to: FINAL_PARENT_CHILD_PROOF_20250905_181226.log
File size: 111 lines
