📊 CAPTURING MQSC DATA FOR CORRELATION KEY: DEBUG-1757096506604
══════════════════════════════════════════════════════════════════
Timestamp: Fri Sep  5 18:22:48 UTC 2025

╔════════════════════════════════════════════════════════════════╗
║ Checking QM1 for connections with APPLTAG 'DEBUG-1757096506604' ║
╚════════════════════════════════════════════════════════════════╝
✅ FOUND CONNECTION(S) ON QM1:
5724-H72 (C) Copyright IBM Corp. 1994, 2025.
Starting MQSC for queue manager QM1.


     1 : DIS CONN(*) WHERE(APPLTAG EQ 'DEBUG-1757096506604') ALL
AMQ8461I: Connection identifier not found.
One MQSC command read.
No commands have a syntax error.
One valid MQSC command could not be processed.

📍 DETAILED CONNECTION INFO FOR *:
5724-H72 (C) Copyright IBM Corp. 1994, 2025.
Starting MQSC for queue manager QM1.


     1 : DIS CONN(*) TYPE(*) ALL
AMQ8276I: Display Connection details.
   CONN(6147BA6800080040)                
   EXTCONN(414D5143514D31202020202020202020)
   TYPE(*)                               
   PID(1245)                               TID(1) 
   APPLDESC(IBM MQ Channel Initiator)      APPLTAG(runmqchi)
   APPLTYPE(CHINIT)                        ASTATE(NONE)
   CHANNEL( )                              CLIENTID( )
   CONNAME( )                           
   CONNOPTS(MQCNO_HANDLE_SHARE_BLOCK,MQCNO_SHARED_BINDING)
   USERID(mqm)                             UOWLOG( )
   UOWSTDA( )                              UOWSTTI( )
   UOWLOGDA( )                             UOWLOGTI( )
   URTYPE(QMGR)                         
   EXTURID(XA_FORMATID[] XA_GTRID[] XA_BQUAL[])
   QMURID(0.0)                             UOWSTATE(NONE)
   CONNTAG(MQCT6147BA6800080040QM1_2025-09-05_02.13.44runmqchi)
AMQ8276I: Display Connection details.
   CONN(6147BA6800240040)                
   EXTCONN(414D5143514D31202020202020202020)
   TYPE(*)                               
   PID(1304)                               TID(5) 
   APPLDESC(IBM MQ Queued Pub/Sub Controller)
   APPLTAG(amqfqpub)                       APPLTYPE(SYSTEM)
   ASTATE(NONE)                            CHANNEL( )
   CLIENTID( )                             CONNAME( )
   CONNOPTS(MQCNO_FASTPATH_BINDING)        USERID(mqm)
   UOWLOG( )                               UOWSTDA(2025-09-05)
   UOWSTTI(02.13.56)                       UOWLOGDA( )
   UOWLOGTI( )                             URTYPE(QMGR)
   EXTURID(XA_FORMATID[] XA_GTRID[] XA_BQUAL[])
   QMURID(0.4117)                          UOWSTATE(ACTIVE)
   CONNTAG(MQCT6147BA6800240040QM1_2025-09-05_02.13.44amqfqpub)

   OBJNAME(SYSTEM.BROKER.INTER.BROKER.COMMUNICATIONS)
   OBJTYPE(QUEUE)                          ASTATE(NONE)
   HSTATE(ACTIVE)                          OPENOPTS(MQOO_INPUT_EXCLUSIVE)
   READA(NO)                            
AMQ8276I: Display Connection details.
   CONN(6147BA6801BA0740)                
   EXTCONN(414D5143514D31202020202020202020)
   TYPE(*)                               
   PID(23573)                              TID(1) 
   APPLDESC(IBM MQ Script Command Processor)
   APPLTAG(runmqsc)                        APPLTYPE(SYSTEM)
   ASTATE(STOPPED)                         CHANNEL( )
   CLIENTID( )                             CONNAME( )
   CONNOPTS(MQCNO_SHARED_BINDING)          USERID(mqm)
   UOWLOG( )                               UOWSTDA( )
   UOWSTTI( )                              UOWLOGDA( )
   UOWLOGTI( )                             URTYPE(QMGR)
   EXTURID(XA_FORMATID[] XA_GTRID[] XA_BQUAL[])
   QMURID(0.0)                             UOWSTATE(NONE)
   CONNTAG(MQCT6147BA6801BA0740QM1_2025-09-05_02.13.44runmqsc)
AMQ8276I: Display Connection details.
   CONN(6147BA6800030040)                
   EXTCONN(414D5143514D31202020202020202020)
   TYPE(*)                               
   PID(1188)                               TID(1) 
   APPLDESC(IBM MQ Object Authority Manager)
   APPLTAG(amqzfuma)                       APPLTYPE(SYSTEM)
   ASTATE(NONE)                            CHANNEL( )
   CLIENTID( )                             CONNAME( )
   CONNOPTS(MQCNO_FASTPATH_BINDING)        USERID(mqm)
   UOWLOG( )                               UOWSTDA( )
   UOWSTTI( )                              UOWLOGDA( )
   UOWLOGTI( )                             URTYPE(QMGR)
   EXTURID(XA_FORMATID[] XA_GTRID[] XA_BQUAL[])
   QMURID(0.0)                             UOWSTATE(NONE)
   CONNTAG(MQCT6147BA6800030040QM1_2025-09-05_02.13.44amqzfuma)

   OBJNAME(SYSTEM.AUTH.DATA.QUEUE)         OBJTYPE(QUEUE)
   ASTATE(NONE)                            HSTATE(INACTIVE)
   OPENOPTS(MQOO_INPUT_EXCLUSIVE,MQOO_BROWSE,MQOO_OUTPUT,MQOO_SET,MQOO_FAIL_IF_QUIESCING)
   READA(NO)                            
AMQ8276I: Display Connection details.
   CONN(6147BA68001F0040)                
   EXTCONN(414D5143514D31202020202020202020)
   TYPE(*)                               
   PID(1304)                               TID(4) 
   APPLDESC(IBM MQ Queued Pub/Sub Controller)
   APPLTAG(amqfqpub)                       APPLTYPE(SYSTEM)
   ASTATE(NONE)                            CHANNEL( )
   CLIENTID( )                             CONNAME( )
   CONNOPTS(MQCNO_FASTPATH_BINDING)        USERID(mqm)
   UOWLOG( )                               UOWSTDA( )
   UOWSTTI( )                              UOWLOGDA( )
   UOWLOGTI( )                             URTYPE(QMGR)
   EXTURID(XA_FORMATID[] XA_GTRID[] XA_BQUAL[])
   QMURID(0.0)                             UOWSTATE(NONE)
   CONNTAG(MQCT6147BA68001F0040QM1_2025-09-05_02.13.44amqfqpub)

   OBJNAME(SYSTEM.QPUBSUB.QUEUE.NAMELIST)
   OBJTYPE(NAMELIST)                       ASTATE(NONE)
   HSTATE(INACTIVE)                     
   OPENOPTS(MQOO_INQUIRE,MQOO_FAIL_IF_QUIESCING)
   READA(NO)                            
AMQ8276I: Display Connection details.
   CONN(6147BA6800150040)                
   EXTCONN(414D5143514D31202020202020202020)
   TYPE(*)                               
   PID(1226)                               TID(8) 
   APPLDESC(IBM MQ Distributed Pub/Sub Fan Out Task)
   APPLTAG(amqzmuf0)                       APPLTYPE(SYSTEM)
   ASTATE(NONE)                            CHANNEL( )
   CLIENTID( )                             CONNAME( )
   CONNOPTS(MQCNO_FASTPATH_BINDING)        USERID(mqm)
   UOWLOG( )                               UOWSTDA(2025-09-05)
   UOWSTTI(02.13.57)                       UOWLOGDA( )
   UOWLOGTI( )                             URTYPE(QMGR)
   EXTURID(XA_FORMATID[] XA_GTRID[] XA_BQUAL[])
   QMURID(0.4119)                          UOWSTATE(ACTIVE)
   CONNTAG(MQCT6147BA6800150040QM1_2025-09-05_02.13.44amqzmuf0)

   OBJNAME(SYSTEM.INTER.QMGR.FANREQ)       OBJTYPE(QUEUE)
   ASTATE(NONE)                            HSTATE(ACTIVE)
   OPENOPTS(MQOO_INPUT_SHARED,MQOO_OUTPUT,MQOO_SAVE_ALL_CONTEXT,MQOO_FAIL_IF_QUIESCING)
   READA(NO)                            
AMQ8276I: Display Connection details.
   CONN(6147BA6800230040)                
   EXTCONN(414D5143514D31202020202020202020)
   TYPE(*)                               
   PID(1323)                               TID(6) 
   APPLDESC(IBM MQ Queued Pub/Sub Worker)
   APPLTAG(amqfcxba)                       APPLTYPE(SYSTEM)
   ASTATE(NONE)                            CHANNEL( )
   CLIENTID( )                             CONNAME( )
   CONNOPTS(MQCNO_FASTPATH_BINDING)        USERID(mqm)
   UOWLOG( )                               UOWSTDA( )
   UOWSTTI( )                              UOWLOGDA( )
   UOWLOGTI( )                             URTYPE(QMGR)
   EXTURID(XA_FORMATID[] XA_GTRID[] XA_BQUAL[])
   QMURID(0.0)                             UOWSTATE(NONE)
   CONNTAG(MQCT6147BA6800230040QM1_2025-09-05_02.13.44amqfcxba)

   OBJNAME(SYSTEM.BROKER.CONTROL.QUEUE)    OBJTYPE(QUEUE)
   ASTATE(NONE)                            HSTATE(INACTIVE)
   OPENOPTS(MQOO_INPUT_SHARED,MQOO_FAIL_IF_QUIESCING)
   READA(NO)                            
AMQ8276I: Display Connection details.
   CONN(6147BA6800020040)                
   EXTCONN(414D5143514D31202020202020202020)
   TYPE(*)                               
   PID(1232)                               TID(1) 
   APPLDESC(IBM MQ Cluster Repository)     APPLTAG(amqrrmfa)
   APPLTYPE(SYSTEM)                        ASTATE(NONE)
   CHANNEL( )                              CLIENTID( )
   CONNAME( )                              CONNOPTS(MQCNO_FASTPATH_BINDING)
   USERID(mqm)                             UOWLOG( )
   UOWSTDA(2025-09-05)                     UOWSTTI(18.13.56)
   UOWLOGDA( )                             UOWLOGTI( )
   URTYPE(QMGR)                         
   EXTURID(XA_FORMATID[] XA_GTRID[] XA_BQUAL[])
   QMURID(0.4138)                          UOWSTATE(ACTIVE)
   CONNTAG(MQCT6147BA6800020040QM1_2025-09-05_02.13.44amqrrmfa)

   OBJNAME(SYSTEM.CLUSTER.COMMAND.QUEUE)   OBJTYPE(QUEUE)
   ASTATE(NONE)                            HSTATE(ACTIVE)
   OPENOPTS(MQOO_INPUT_EXCLUSIVE,MQOO_INQUIRE,MQOO_SET)
   READA(NO)                            

   OBJNAME(SYSTEM.CLUSTER.REPOSITORY.QUEUE)
   OBJTYPE(QUEUE)                          ASTATE(NONE)
   HSTATE(INACTIVE)                     
   OPENOPTS(MQOO_INPUT_EXCLUSIVE,MQOO_BROWSE,MQOO_OUTPUT)
   READA(NO)                            
AMQ8276I: Display Connection details.
   CONN(6147BA68001E0040)                
   EXTCONN(414D5143514D31202020202020202020)
   TYPE(*)                               
   PID(1304)                               TID(1) 
   APPLDESC(IBM MQ Queued Pub/Sub Controller)
   APPLTAG(amqfqpub)                       APPLTYPE(SYSTEM)
   ASTATE(NONE)                            CHANNEL( )
   CLIENTID( )                             CONNAME( )
   CONNOPTS(MQCNO_FASTPATH_BINDING)        USERID(mqm)
   UOWLOG( )                               UOWSTDA( )
   UOWSTTI( )                              UOWLOGDA( )
   UOWLOGTI( )                             URTYPE(QMGR)
   EXTURID(XA_FORMATID[] XA_GTRID[] XA_BQUAL[])
   QMURID(0.0)                             UOWSTATE(NONE)
   CONNTAG(MQCT6147BA68001E0040QM1_2025-09-05_02.13.44amqfqpub)

   OBJNAME(QM1)                            OBJTYPE(QMGR)
   ASTATE(NONE)                            HSTATE(INACTIVE)
   OPENOPTS(MQOO_INQUIRE)                  READA(NO)

   OBJNAME(SYSTEM.BROKER.ADMIN.STREAM)     OBJTYPE(QUEUE)
   ASTATE(NONE)                            HSTATE(INACTIVE)
   OPENOPTS(MQOO_OUTPUT,MQOO_SET_ALL_CONTEXT)
   READA(NO)                            
AMQ8276I: Display Connection details.
   CONN(6147BA6800270040)                
   EXTCONN(414D5143514D31202020202020202020)
   TYPE(*)                               
   PID(1323)                               TID(9) 
   APPLDESC(IBM MQ Queued Pub/Sub Worker)
   APPLTAG(amqfcxba)                       APPLTYPE(SYSTEM)
   ASTATE(NONE)                            CHANNEL( )
   CLIENTID( )                             CONNAME( )
   CONNOPTS(MQCNO_FASTPATH_BINDING)        USERID(mqm)
   UOWLOG( )                               UOWSTDA(2025-09-05)
   UOWSTTI(02.13.57)                       UOWLOGDA( )
   UOWLOGTI( )                             URTYPE(QMGR)
   EXTURID(XA_FORMATID[] XA_GTRID[] XA_BQUAL[])
   QMURID(0.16414)                         UOWSTATE(ACTIVE)
   CONNTAG(MQCT6147BA6800270040QM1_2025-09-05_02.13.44amqfcxba)

   OBJNAME(SYSTEM.BROKER.DEFAULT.STREAM)   OBJTYPE(QUEUE)
   ASTATE(NONE)                            HSTATE(ACTIVE)
   OPENOPTS(MQOO_INPUT_SHARED,MQOO_SAVE_ALL_CONTEXT)
   READA(NO)                            
AMQ8276I: Display Connection details.
   CONN(6147BA6800060040)                
   EXTCONN(414D5143514D31202020202020202020)
   TYPE(*)                               
   PID(1244)                               TID(1) 
   APPLDESC(IBM MQ Command Server)         APPLTAG(amqpcsea)
   APPLTYPE(SYSTEM)                        ASTATE(NONE)
   CHANNEL( )                              CLIENTID( )
   CONNAME( )                              CONNOPTS(MQCNO_SHARED_BINDING)
   USERID(mqm)                             UOWLOG( )
   UOWSTDA( )                              UOWSTTI( )
   UOWLOGDA( )                             UOWLOGTI( )
   URTYPE(QMGR)                         
   EXTURID(XA_FORMATID[] XA_GTRID[] XA_BQUAL[])
   QMURID(0.0)                             UOWSTATE(NONE)
   CONNTAG(MQCT6147BA6800060040QM1_2025-09-05_02.13.44amqpcsea)

   OBJNAME(SYSTEM.ADMIN.COMMAND.QUEUE)     OBJTYPE(QUEUE)
   ASTATE(NONE)                            HSTATE(ACTIVE)
   OPENOPTS(MQOO_INPUT_EXCLUSIVE,MQOO_INQUIRE,MQOO_SAVE_ALL_CONTEXT)
   READA(NO)                            
AMQ8276I: Display Connection details.
   CONN(6147BA6800140040)                
   EXTCONN(414D5143514D31202020202020202020)
   TYPE(*)                               
   PID(1210)                               TID(16) 
   APPLDESC(IBM MQ Deferred Message Processor)
   APPLTAG(amqzmur0)                       APPLTYPE(SYSTEM)
   ASTATE(NONE)                            CHANNEL( )
   CLIENTID( )                             CONNAME( )
   CONNOPTS(MQCNO_SHARED_BINDING)          USERID(mqm)
   UOWLOG( )                               UOWSTDA( )
   UOWSTTI( )                              UOWLOGDA( )
   UOWLOGTI( )                             URTYPE(QMGR)
   EXTURID(XA_FORMATID[] XA_GTRID[] XA_BQUAL[])
   QMURID(0.0)                             UOWSTATE(NONE)
   CONNTAG(MQCT6147BA6800140040QM1_2025-09-05_02.13.44amqzmur0)

   OBJNAME(SYSTEM.PENDING.DATA.QUEUE)      OBJTYPE(QUEUE)
   ASTATE(NONE)                            HSTATE(INACTIVE)
   OPENOPTS(MQOO_INPUT_EXCLUSIVE,MQOO_BROWSE,MQOO_OUTPUT,MQOO_INQUIRE)
   READA(NO)                            
AMQ8276I: Display Connection details.
   CONN(6147BA6800220040)                
   EXTCONN(414D5143514D31202020202020202020)
   TYPE(*)                               
   PID(1323)                               TID(5) 
   APPLDESC(IBM MQ Queued Pub/Sub Worker)
   APPLTAG(amqfcxba)                       APPLTYPE(SYSTEM)
   ASTATE(NONE)                            CHANNEL( )
   CLIENTID( )                             CONNAME( )
   CONNOPTS(MQCNO_FASTPATH_BINDING)        USERID(mqm)
   UOWLOG( )                               UOWSTDA( )
   UOWSTTI( )                              UOWLOGDA( )
   UOWLOGTI( )                             URTYPE(QMGR)
   EXTURID(XA_FORMATID[] XA_GTRID[] XA_BQUAL[])
   QMURID(0.0)                             UOWSTATE(NONE)
   CONNTAG(MQCT6147BA6800220040QM1_2025-09-05_02.13.44amqfcxba)

   OBJNAME(SYSTEM.BROKER.CONTROL.QUEUE)    OBJTYPE(QUEUE)
   ASTATE(NONE)                            HSTATE(INACTIVE)
   OPENOPTS(MQOO_INPUT_SHARED,MQOO_FAIL_IF_QUIESCING)
   READA(NO)                            
AMQ8276I: Display Connection details.
   CONN(6147BA68000F0040)                
   EXTCONN(414D5143514D31202020202020202020)
   TYPE(*)                               
   PID(1195)                               TID(46) 
   APPLDESC(IBM MQ Resource Monitor Task)
   APPLTAG(amqzmuc0)                       APPLTYPE(SYSTEM)
   ASTATE(NONE)                            CHANNEL( )
   CLIENTID( )                             CONNAME( )
   CONNOPTS(MQCNO_FASTPATH_BINDING)        USERID(mqm)
   UOWLOG( )                               UOWSTDA( )
   UOWSTTI( )                              UOWLOGDA( )
   UOWLOGTI( )                             URTYPE(QMGR)
   EXTURID(XA_FORMATID[] XA_GTRID[] XA_BQUAL[])
   QMURID(0.0)                             UOWSTATE(NONE)
   CONNTAG(MQCT6147BA68000F0040QM1_2025-09-05_02.13.44amqzmuc0)

   OBJNAME( )                              OBJTYPE(TOPIC)
   ASTATE(NONE)                            HSTATE(INACTIVE)
   OPENOPTS(MQOO_OUTPUT,MQOO_FAIL_IF_QUIESCING)
   READA(NO)                            
   TOPICSTR($SYS/MQ/INFO/QMGR/QM1/Monitor/CPU/SystemSummary)

   OBJNAME( )                              OBJTYPE(TOPIC)
   ASTATE(NONE)                            HSTATE(INACTIVE)
   OPENOPTS(MQOO_OUTPUT,MQOO_FAIL_IF_QUIESCING)
   READA(NO)                            
   TOPICSTR($SYS/MQ/INFO/QMGR/QM1/Monitor/CPU/QMgrSummary)

   OBJNAME( )                              OBJTYPE(TOPIC)
   ASTATE(NONE)                            HSTATE(INACTIVE)
   OPENOPTS(MQOO_OUTPUT,MQOO_FAIL_IF_QUIESCING)
   READA(NO)                            
   TOPICSTR($SYS/MQ/INFO/QMGR/QM1/Monitor/DISK/SystemSummary)

   OBJNAME( )                              OBJTYPE(TOPIC)
   ASTATE(NONE)                            HSTATE(INACTIVE)
   OPENOPTS(MQOO_OUTPUT,MQOO_FAIL_IF_QUIESCING)
   READA(NO)                            
   TOPICSTR($SYS/MQ/INFO/QMGR/QM1/Monitor/DISK/QMgrSummary)

   OBJNAME( )                              OBJTYPE(TOPIC)
   ASTATE(NONE)                            HSTATE(INACTIVE)
   OPENOPTS(MQOO_OUTPUT,MQOO_FAIL_IF_QUIESCING)
   READA(NO)                            
   TOPICSTR($SYS/MQ/INFO/QMGR/QM1/Monitor/DISK/Log)

   OBJNAME( )                              OBJTYPE(TOPIC)
   ASTATE(NONE)                            HSTATE(INACTIVE)
   OPENOPTS(MQOO_OUTPUT,MQOO_FAIL_IF_QUIESCING)
   READA(NO)                            
   TOPICSTR($SYS/MQ/INFO/QMGR/QM1/Monitor/STATMQI/CONNDISC)

   OBJNAME( )                              OBJTYPE(TOPIC)
   ASTATE(NONE)                            HSTATE(INACTIVE)
   OPENOPTS(MQOO_OUTPUT,MQOO_FAIL_IF_QUIESCING)
   READA(NO)                            
   TOPICSTR($SYS/MQ/INFO/QMGR/QM1/Monitor/STATMQI/OPENCLOSE)

   OBJNAME( )                              OBJTYPE(TOPIC)
   ASTATE(NONE)                            HSTATE(INACTIVE)
   OPENOPTS(MQOO_OUTPUT,MQOO_FAIL_IF_QUIESCING)
   READA(NO)                            
   TOPICSTR($SYS/MQ/INFO/QMGR/QM1/Monitor/STATMQI/INQSET)

   OBJNAME( )                              OBJTYPE(TOPIC)
   ASTATE(NONE)                            HSTATE(INACTIVE)
   OPENOPTS(MQOO_OUTPUT,MQOO_FAIL_IF_QUIESCING)
   READA(NO)                            
   TOPICSTR($SYS/MQ/INFO/QMGR/QM1/Monitor/STATMQI/PUT)

   OBJNAME( )                              OBJTYPE(TOPIC)
   ASTATE(NONE)                            HSTATE(INACTIVE)
   OPENOPTS(MQOO_OUTPUT,MQOO_FAIL_IF_QUIESCING)
   READA(NO)                            
   TOPICSTR($SYS/MQ/INFO/QMGR/QM1/Monitor/STATMQI/GET)

   OBJNAME( )                              OBJTYPE(TOPIC)
   ASTATE(NONE)                            HSTATE(INACTIVE)
   OPENOPTS(MQOO_OUTPUT,MQOO_FAIL_IF_QUIESCING)
   READA(NO)                            
   TOPICSTR($SYS/MQ/INFO/QMGR/QM1/Monitor/STATMQI/SYNCPOINT)

   OBJNAME( )                              OBJTYPE(TOPIC)
   ASTATE(NONE)                            HSTATE(INACTIVE)
   OPENOPTS(MQOO_OUTPUT,MQOO_FAIL_IF_QUIESCING)
   READA(NO)                            
   TOPICSTR($SYS/MQ/INFO/QMGR/QM1/Monitor/STATMQI/SUBSCRIBE)

   OBJNAME( )                              OBJTYPE(TOPIC)
   ASTATE(NONE)                            HSTATE(INACTIVE)
   OPENOPTS(MQOO_OUTPUT,MQOO_FAIL_IF_QUIESCING)
   READA(NO)                            
   TOPICSTR($SYS/MQ/INFO/QMGR/QM1/Monitor/STATMQI/PUBLISH)
AMQ8276I: Display Connection details.
   CONN(6147BA68001D0040)                
   EXTCONN(414D5143514D31202020202020202020)
   TYPE(*)                               
   PID(1226)                               TID(10) 
   APPLDESC(IBM MQ Distributed Pub/Sub Publish Task)
   APPLTAG(amqzmuf0)                       APPLTYPE(SYSTEM)
   ASTATE(NONE)                            CHANNEL( )
   CLIENTID( )                             CONNAME( )
   CONNOPTS(MQCNO_FASTPATH_BINDING)        USERID(mqm)
   UOWLOG( )                               UOWSTDA(2025-09-05)
   UOWSTTI(02.13.56)                       UOWLOGDA( )
   UOWLOGTI( )                             URTYPE(QMGR)
   EXTURID(XA_FORMATID[] XA_GTRID[] XA_BQUAL[])
   QMURID(0.4114)                          UOWSTATE(ACTIVE)
   CONNTAG(MQCT6147BA68001D0040QM1_2025-09-05_02.13.44amqzmuf0)

   OBJNAME(SYSTEM.INTER.QMGR.PUBS)         OBJTYPE(QUEUE)
   ASTATE(NONE)                            HSTATE(ACTIVE)
   OPENOPTS(MQOO_INPUT_SHARED,MQOO_SAVE_ALL_CONTEXT,MQOO_FAIL_IF_QUIESCING)
   READA(NO)                            
AMQ8276I: Display Connection details.
   CONN(6147BA6800180040)                
   EXTCONN(414D5143514D31202020202020202020)
   TYPE(*)                               
   PID(1226)                               TID(9) 
   APPLDESC(IBM MQ Distributed Pub/Sub Command Task)
   APPLTAG(amqzmuf0)                       APPLTYPE(SYSTEM)
   ASTATE(NONE)                            CHANNEL( )
   CLIENTID( )                             CONNAME( )
   CONNOPTS(MQCNO_FASTPATH_BINDING)        USERID(mqm)
   UOWLOG( )                               UOWSTDA(2025-09-05)
   UOWSTTI(02.13.56)                       UOWLOGDA( )
   UOWLOGTI( )                             URTYPE(QMGR)
   EXTURID(XA_FORMATID[] XA_GTRID[] XA_BQUAL[])
   QMURID(0.16413)                         UOWSTATE(ACTIVE)
   CONNTAG(MQCT6147BA6800180040QM1_2025-09-05_02.13.44amqzmuf0)

   OBJNAME(SYSTEM.INTER.QMGR.CONTROL)      OBJTYPE(QUEUE)
   ASTATE(NONE)                            HSTATE(ACTIVE)
   OPENOPTS(MQOO_INPUT_SHARED,MQOO_SAVE_ALL_CONTEXT,MQOO_FAIL_IF_QUIESCING)
   READA(NO)                            
AMQ8276I: Display Connection details.
   CONN(6147BA6800260040)                
   EXTCONN(414D5143514D31202020202020202020)
   TYPE(*)                               
   PID(1323)                               TID(8) 
   APPLDESC(IBM MQ Queued Pub/Sub Worker)
   APPLTAG(amqfcxba)                       APPLTYPE(SYSTEM)
   ASTATE(NONE)                            CHANNEL( )
   CLIENTID( )                             CONNAME( )
   CONNOPTS(MQCNO_FASTPATH_BINDING)        USERID(mqm)
   UOWLOG( )                               UOWSTDA(2025-09-05)
   UOWSTTI(02.13.57)                       UOWLOGDA( )
   UOWLOGTI( )                             URTYPE(QMGR)
   EXTURID(XA_FORMATID[] XA_GTRID[] XA_BQUAL[])
   QMURID(0.8196)                          UOWSTATE(ACTIVE)
   CONNTAG(MQCT6147BA6800260040QM1_2025-09-05_02.13.44amqfcxba)

   OBJNAME(SYSTEM.BROKER.ADMIN.STREAM)     OBJTYPE(QUEUE)
   ASTATE(NONE)                            HSTATE(ACTIVE)
   OPENOPTS(MQOO_INPUT_SHARED,MQOO_SAVE_ALL_CONTEXT)
   READA(NO)                            
AMQ8276I: Display Connection details.
   CONN(6147BA6800210040)                
   EXTCONN(414D5143514D31202020202020202020)
   TYPE(*)                               
   PID(1323)                               TID(4) 
   APPLDESC(IBM MQ Queued Pub/Sub Worker)
   APPLTAG(amqfcxba)                       APPLTYPE(SYSTEM)
   ASTATE(NONE)                            CHANNEL( )
   CLIENTID( )                             CONNAME( )
   CONNOPTS(MQCNO_FASTPATH_BINDING)        USERID(mqm)
   UOWLOG( )                               UOWSTDA( )
   UOWSTTI( )                              UOWLOGDA( )
   UOWLOGTI( )                             URTYPE(QMGR)
   EXTURID(XA_FORMATID[] XA_GTRID[] XA_BQUAL[])
   QMURID(0.0)                             UOWSTATE(NONE)
   CONNTAG(MQCT6147BA6800210040QM1_2025-09-05_02.13.44amqfcxba)

   OBJNAME(SYSTEM.BROKER.CONTROL.QUEUE)    OBJTYPE(QUEUE)
   ASTATE(NONE)                            HSTATE(INACTIVE)
   OPENOPTS(MQOO_INPUT_SHARED,MQOO_FAIL_IF_QUIESCING)
   READA(NO)                            
AMQ8276I: Display Connection details.
   CONN(6147BA68000E0040)                
   EXTCONN(414D5143514D31202020202020202020)
   TYPE(*)                               
   PID(1226)                               TID(4) 
   APPLDESC(IBM MQ Queued Pub/Sub Initiator)
   APPLTAG(amqzmuf0)                       APPLTYPE(SYSTEM)
   ASTATE(NONE)                            CHANNEL( )
   CLIENTID( )                             CONNAME( )
   CONNOPTS(MQCNO_FASTPATH_BINDING)        USERID(mqm)
   UOWLOG( )                               UOWSTDA( )
   UOWSTTI( )                              UOWLOGDA( )
   UOWLOGTI( )                             URTYPE(QMGR)
   EXTURID(XA_FORMATID[] XA_GTRID[] XA_BQUAL[])
   QMURID(0.0)                             UOWSTATE(NONE)
   CONNTAG(MQCT6147BA68000E0040QM1_2025-09-05_02.13.44amqzmuf0)

   OBJNAME(QM1)                            OBJTYPE(QMGR)
   ASTATE(NONE)                            HSTATE(INACTIVE)
   OPENOPTS(MQOO_INQUIRE)                  READA(NO)
AMQ8276I: Display Connection details.
   CONN(6147BA6800090040)                
   EXTCONN(414D5143514D31202020202020202020)
   TYPE(*)                               
   PID(1245)                               TID(1) 
   APPLDESC(IBM MQ Channel Initiator)      APPLTAG(runmqchi)
   APPLTYPE(CHINIT)                        ASTATE(STARTED)
   CHANNEL( )                              CLIENTID( )
   CONNAME( )                           
   CONNOPTS(MQCNO_HANDLE_SHARE_BLOCK,MQCNO_SHARED_BINDING)
   USERID(mqm)                             UOWLOG( )
   UOWSTDA( )                              UOWSTTI( )
   UOWLOGDA( )                             UOWLOGTI( )
   URTYPE(QMGR)                         
   EXTURID(XA_FORMATID[] XA_GTRID[] XA_BQUAL[])
   QMURID(0.0)                             UOWSTATE(NONE)
   CONNTAG(MQCT6147BA6800090040QM1_2025-09-05_02.13.44runmqchi)

   OBJNAME(SYSTEM.CHANNEL.INITQ)           OBJTYPE(QUEUE)
   ASTATE(NONE)                            HSTATE(ACTIVE)
   OPENOPTS(MQOO_INPUT_EXCLUSIVE,MQOO_SET,MQOO_FAIL_IF_QUIESCING)
   READA(NO)                            
AMQ8276I: Display Connection details.
   CONN(6147BA6800250040)                
   EXTCONN(414D5143514D31202020202020202020)
   TYPE(*)                               
   PID(1323)                               TID(7) 
   APPLDESC(IBM MQ Queued Pub/Sub Worker)
   APPLTAG(amqfcxba)                       APPLTYPE(SYSTEM)
   ASTATE(NONE)                            CHANNEL( )
   CLIENTID( )                             CONNAME( )
   CONNOPTS(MQCNO_FASTPATH_BINDING)        USERID(mqm)
   UOWLOG( )                               UOWSTDA( )
   UOWSTTI( )                              UOWLOGDA( )
   UOWLOGTI( )                             URTYPE(QMGR)
   EXTURID(XA_FORMATID[] XA_GTRID[] XA_BQUAL[])
   QMURID(0.0)                             UOWSTATE(NONE)
   CONNTAG(MQCT6147BA6800250040QM1_2025-09-05_02.13.44amqfcxba)

   OBJNAME(SYSTEM.BROKER.CONTROL.QUEUE)    OBJTYPE(QUEUE)
   ASTATE(NONE)                            HSTATE(ACTIVE)
   OPENOPTS(MQOO_BROWSE,MQOO_FAIL_IF_QUIESCING)
   READA(NO)                            
AMQ8276I: Display Connection details.
   CONN(6147BA6800120040)                
   EXTCONN(414D5143514D31202020202020202020)
   TYPE(*)                               
   PID(1226)                               TID(7) 
   APPLDESC(IBM MQ Distributed Pub/Sub Controller)
   APPLTAG(amqzmuf0)                       APPLTYPE(SYSTEM)
   ASTATE(NONE)                            CHANNEL( )
   CLIENTID( )                             CONNAME( )
   CONNOPTS(MQCNO_FASTPATH_BINDING)        USERID(mqm)
   UOWLOG( )                               UOWSTDA( )
   UOWSTTI( )                              UOWLOGDA( )
   UOWLOGTI( )                             URTYPE(QMGR)
   EXTURID(XA_FORMATID[] XA_GTRID[] XA_BQUAL[])
   QMURID(0.0)                             UOWSTATE(NONE)
   CONNTAG(MQCT6147BA6800120040QM1_2025-09-05_02.13.44amqzmuf0)

   OBJNAME(QM1)                            OBJTYPE(QMGR)
   ASTATE(NONE)                            HSTATE(INACTIVE)
   OPENOPTS(MQOO_INQUIRE)                  READA(NO)
AMQ8276I: Display Connection details.
   CONN(6147BA6800200040)                
   EXTCONN(414D5143514D31202020202020202020)
   TYPE(*)                               
   PID(1323)                               TID(1) 
   APPLDESC(IBM MQ Queued Pub/Sub Worker)
   APPLTAG(amqfcxba)                       APPLTYPE(SYSTEM)
   ASTATE(NONE)                            CHANNEL( )
   CLIENTID( )                             CONNAME( )
   CONNOPTS(MQCNO_FASTPATH_BINDING)        USERID(mqm)
   UOWLOG( )                               UOWSTDA( )
   UOWSTTI( )                              UOWLOGDA( )
   UOWLOGTI( )                             URTYPE(QMGR)
   EXTURID(XA_FORMATID[] XA_GTRID[] XA_BQUAL[])
   QMURID(0.0)                             UOWSTATE(NONE)
   CONNTAG(MQCT6147BA6800200040QM1_2025-09-05_02.13.44amqfcxba)
AMQ8276I: Display Connection details.
   CONN(6147BA68001B0040)                
   EXTCONN(414D5143514D31202020202020202020)
   TYPE(*)                               
   PID(1210)                               TID(15) 
   APPLDESC(IBM MQ Delayed Delivery Processor)
   APPLTAG(amqzmur0)                       APPLTYPE(SYSTEM)
   ASTATE(NONE)                            CHANNEL( )
   CLIENTID( )                             CONNAME( )
   CONNOPTS(MQCNO_SHARED_BINDING)          USERID(mqm)
   UOWLOG( )                               UOWSTDA( )
   UOWSTTI( )                              UOWLOGDA( )
   UOWLOGTI( )                             URTYPE(QMGR)
   EXTURID(XA_FORMATID[] XA_GTRID[] XA_BQUAL[])
   QMURID(0.0)                             UOWSTATE(NONE)
   CONNTAG(MQCT6147BA68001B0040QM1_2025-09-05_02.13.44amqzmur0)

   OBJNAME(SYSTEM.DDELAY.LOCAL.QUEUE)      OBJTYPE(QUEUE)
   ASTATE(NONE)                            HSTATE(ACTIVE)
   OPENOPTS(MQOO_BROWSE)                   READA(NO)

   OBJNAME(SYSTEM.DDELAY.LOCAL.QUEUE)      OBJTYPE(QUEUE)
   ASTATE(NONE)                            HSTATE(INACTIVE)
   OPENOPTS(MQOO_INPUT_EXCLUSIVE)          READA(NO)
One MQSC command read.
No commands have a syntax error.
All valid MQSC commands were processed.

╔════════════════════════════════════════════════════════════════╗
║ Checking QM2 for connections with APPLTAG 'DEBUG-1757096506604' ║
╚════════════════════════════════════════════════════════════════╝
✅ FOUND CONNECTION(S) ON QM2:
5724-H72 (C) Copyright IBM Corp. 1994, 2025.
Starting MQSC for queue manager QM2.


     1 : DIS CONN(*) WHERE(APPLTAG EQ 'DEBUG-1757096506604') ALL
AMQ8461I: Connection identifier not found.
One MQSC command read.
No commands have a syntax error.
One valid MQSC command could not be processed.

📍 DETAILED CONNECTION INFO FOR *:
5724-H72 (C) Copyright IBM Corp. 1994, 2025.
Starting MQSC for queue manager QM2.


     1 : DIS CONN(*) TYPE(*) ALL
AMQ8276I: Display Connection details.
   CONN(5D47BA68000F0040)                
   EXTCONN(414D5143514D32202020202020202020)
   TYPE(*)                               
   PID(1232)                               TID(4) 
   APPLDESC(IBM MQ Queued Pub/Sub Initiator)
   APPLTAG(amqzmuf0)                       APPLTYPE(SYSTEM)
   ASTATE(NONE)                            CHANNEL( )
   CLIENTID( )                             CONNAME( )
   CONNOPTS(MQCNO_FASTPATH_BINDING)        USERID(mqm)
   UOWLOG( )                               UOWSTDA( )
   UOWSTTI( )                              UOWLOGDA( )
   UOWLOGTI( )                             URTYPE(QMGR)
   EXTURID(XA_FORMATID[] XA_GTRID[] XA_BQUAL[])
   QMURID(0.0)                             UOWSTATE(NONE)
   CONNTAG(MQCT5D47BA68000F0040QM2_2025-09-05_02.13.42amqzmuf0)

   OBJNAME(QM2)                            OBJTYPE(QMGR)
   ASTATE(NONE)                            HSTATE(INACTIVE)
   OPENOPTS(MQOO_INQUIRE)                  READA(NO)
AMQ8276I: Display Connection details.
   CONN(5D47BA68001D0040)                
   EXTCONN(414D5143514D32202020202020202020)
   TYPE(*)                               
   PID(1201)                               TID(46) 
   APPLDESC(IBM MQ Resource Monitor Task)
   APPLTAG(amqzmuc0)                       APPLTYPE(SYSTEM)
   ASTATE(NONE)                            CHANNEL( )
   CLIENTID( )                             CONNAME( )
   CONNOPTS(MQCNO_FASTPATH_BINDING)        USERID(mqm)
   UOWLOG( )                               UOWSTDA( )
   UOWSTTI( )                              UOWLOGDA( )
   UOWLOGTI( )                             URTYPE(QMGR)
   EXTURID(XA_FORMATID[] XA_GTRID[] XA_BQUAL[])
   QMURID(0.0)                             UOWSTATE(NONE)
   CONNTAG(MQCT5D47BA68001D0040QM2_2025-09-05_02.13.42amqzmuc0)

   OBJNAME( )                              OBJTYPE(TOPIC)
   ASTATE(NONE)                            HSTATE(INACTIVE)
   OPENOPTS(MQOO_OUTPUT,MQOO_FAIL_IF_QUIESCING)
   READA(NO)                            
   TOPICSTR($SYS/MQ/INFO/QMGR/QM2/Monitor/CPU/SystemSummary)

   OBJNAME( )                              OBJTYPE(TOPIC)
   ASTATE(NONE)                            HSTATE(INACTIVE)
   OPENOPTS(MQOO_OUTPUT,MQOO_FAIL_IF_QUIESCING)
   READA(NO)                            
   TOPICSTR($SYS/MQ/INFO/QMGR/QM2/Monitor/CPU/QMgrSummary)

   OBJNAME( )                              OBJTYPE(TOPIC)
   ASTATE(NONE)                            HSTATE(INACTIVE)
   OPENOPTS(MQOO_OUTPUT,MQOO_FAIL_IF_QUIESCING)
   READA(NO)                            
   TOPICSTR($SYS/MQ/INFO/QMGR/QM2/Monitor/DISK/SystemSummary)

   OBJNAME( )                              OBJTYPE(TOPIC)
   ASTATE(NONE)                            HSTATE(INACTIVE)
   OPENOPTS(MQOO_OUTPUT,MQOO_FAIL_IF_QUIESCING)
   READA(NO)                            
   TOPICSTR($SYS/MQ/INFO/QMGR/QM2/Monitor/DISK/QMgrSummary)

   OBJNAME( )                              OBJTYPE(TOPIC)
   ASTATE(NONE)                            HSTATE(INACTIVE)
   OPENOPTS(MQOO_OUTPUT,MQOO_FAIL_IF_QUIESCING)
   READA(NO)                            
   TOPICSTR($SYS/MQ/INFO/QMGR/QM2/Monitor/DISK/Log)

   OBJNAME( )                              OBJTYPE(TOPIC)
   ASTATE(NONE)                            HSTATE(INACTIVE)
   OPENOPTS(MQOO_OUTPUT,MQOO_FAIL_IF_QUIESCING)
   READA(NO)                            
   TOPICSTR($SYS/MQ/INFO/QMGR/QM2/Monitor/STATMQI/CONNDISC)

   OBJNAME( )                              OBJTYPE(TOPIC)
   ASTATE(NONE)                            HSTATE(INACTIVE)
   OPENOPTS(MQOO_OUTPUT,MQOO_FAIL_IF_QUIESCING)
   READA(NO)                            
   TOPICSTR($SYS/MQ/INFO/QMGR/QM2/Monitor/STATMQI/OPENCLOSE)

   OBJNAME( )                              OBJTYPE(TOPIC)
   ASTATE(NONE)                            HSTATE(INACTIVE)
   OPENOPTS(MQOO_OUTPUT,MQOO_FAIL_IF_QUIESCING)
   READA(NO)                            
   TOPICSTR($SYS/MQ/INFO/QMGR/QM2/Monitor/STATMQI/INQSET)

   OBJNAME( )                              OBJTYPE(TOPIC)
   ASTATE(NONE)                            HSTATE(INACTIVE)
   OPENOPTS(MQOO_OUTPUT,MQOO_FAIL_IF_QUIESCING)
   READA(NO)                            
   TOPICSTR($SYS/MQ/INFO/QMGR/QM2/Monitor/STATMQI/PUT)

   OBJNAME( )                              OBJTYPE(TOPIC)
   ASTATE(NONE)                            HSTATE(INACTIVE)
   OPENOPTS(MQOO_OUTPUT,MQOO_FAIL_IF_QUIESCING)
   READA(NO)                            
   TOPICSTR($SYS/MQ/INFO/QMGR/QM2/Monitor/STATMQI/GET)

   OBJNAME( )                              OBJTYPE(TOPIC)
   ASTATE(NONE)                            HSTATE(INACTIVE)
   OPENOPTS(MQOO_OUTPUT,MQOO_FAIL_IF_QUIESCING)
   READA(NO)                            
   TOPICSTR($SYS/MQ/INFO/QMGR/QM2/Monitor/STATMQI/SYNCPOINT)

   OBJNAME( )                              OBJTYPE(TOPIC)
   ASTATE(NONE)                            HSTATE(INACTIVE)
   OPENOPTS(MQOO_OUTPUT,MQOO_FAIL_IF_QUIESCING)
   READA(NO)                            
   TOPICSTR($SYS/MQ/INFO/QMGR/QM2/Monitor/STATMQI/SUBSCRIBE)

   OBJNAME( )                              OBJTYPE(TOPIC)
   ASTATE(NONE)                            HSTATE(INACTIVE)
   OPENOPTS(MQOO_OUTPUT,MQOO_FAIL_IF_QUIESCING)
   READA(NO)                            
   TOPICSTR($SYS/MQ/INFO/QMGR/QM2/Monitor/STATMQI/PUBLISH)
AMQ8276I: Display Connection details.
   CONN(5D47BA6800180040)                
   EXTCONN(414D5143514D32202020202020202020)
   TYPE(*)                               
   PID(1232)                               TID(10) 
   APPLDESC(IBM MQ Distributed Pub/Sub Publish Task)
   APPLTAG(amqzmuf0)                       APPLTYPE(SYSTEM)
   ASTATE(NONE)                            CHANNEL( )
   CLIENTID( )                             CONNAME( )
   CONNOPTS(MQCNO_FASTPATH_BINDING)        USERID(mqm)
   UOWLOG( )                               UOWSTDA(2025-09-05)
   UOWSTTI(02.13.51)                       UOWLOGDA( )
   UOWLOGTI( )                             URTYPE(QMGR)
   EXTURID(XA_FORMATID[] XA_GTRID[] XA_BQUAL[])
   QMURID(0.16384)                         UOWSTATE(ACTIVE)
   CONNTAG(MQCT5D47BA6800180040QM2_2025-09-05_02.13.42amqzmuf0)

   OBJNAME(SYSTEM.INTER.QMGR.PUBS)         OBJTYPE(QUEUE)
   ASTATE(NONE)                            HSTATE(ACTIVE)
   OPENOPTS(MQOO_INPUT_SHARED,MQOO_SAVE_ALL_CONTEXT,MQOO_FAIL_IF_QUIESCING)
   READA(NO)                            
AMQ8276I: Display Connection details.
   CONN(5D47BA6800260040)                
   EXTCONN(414D5143514D32202020202020202020)
   TYPE(*)                               
   PID(1302)                               TID(8) 
   APPLDESC(IBM MQ Queued Pub/Sub Worker)
   APPLTAG(amqfcxba)                       APPLTYPE(SYSTEM)
   ASTATE(NONE)                            CHANNEL( )
   CLIENTID( )                             CONNAME( )
   CONNOPTS(MQCNO_FASTPATH_BINDING)        USERID(mqm)
   UOWLOG( )                               UOWSTDA(2025-09-05)
   UOWSTTI(02.13.51)                       UOWLOGDA( )
   UOWLOGTI( )                             URTYPE(QMGR)
   EXTURID(XA_FORMATID[] XA_GTRID[] XA_BQUAL[])
   QMURID(0.8197)                          UOWSTATE(ACTIVE)
   CONNTAG(MQCT5D47BA6800260040QM2_2025-09-05_02.13.42amqfcxba)

   OBJNAME(SYSTEM.BROKER.ADMIN.STREAM)     OBJTYPE(QUEUE)
   ASTATE(NONE)                            HSTATE(ACTIVE)
   OPENOPTS(MQOO_INPUT_SHARED,MQOO_SAVE_ALL_CONTEXT)
   READA(NO)                            
AMQ8276I: Display Connection details.
   CONN(5D47BA6800130040)                
   EXTCONN(414D5143514D32202020202020202020)
   TYPE(*)                               
   PID(1216)                               TID(16) 
   APPLDESC(IBM MQ Deferred Message Processor)
   APPLTAG(amqzmur0)                       APPLTYPE(SYSTEM)
   ASTATE(NONE)                            CHANNEL( )
   CLIENTID( )                             CONNAME( )
   CONNOPTS(MQCNO_SHARED_BINDING)          USERID(mqm)
   UOWLOG( )                               UOWSTDA( )
   UOWSTTI( )                              UOWLOGDA( )
   UOWLOGTI( )                             URTYPE(QMGR)
   EXTURID(XA_FORMATID[] XA_GTRID[] XA_BQUAL[])
   QMURID(0.0)                             UOWSTATE(NONE)
   CONNTAG(MQCT5D47BA6800130040QM2_2025-09-05_02.13.42amqzmur0)

   OBJNAME(SYSTEM.PENDING.DATA.QUEUE)      OBJTYPE(QUEUE)
   ASTATE(NONE)                            HSTATE(INACTIVE)
   OPENOPTS(MQOO_INPUT_EXCLUSIVE,MQOO_BROWSE,MQOO_OUTPUT,MQOO_INQUIRE)
   READA(NO)                            
AMQ8276I: Display Connection details.
   CONN(5D47BA6800210040)                
   EXTCONN(414D5143514D32202020202020202020)
   TYPE(*)                               
   PID(1302)                               TID(5) 
   APPLDESC(IBM MQ Queued Pub/Sub Worker)
   APPLTAG(amqfcxba)                       APPLTYPE(SYSTEM)
   ASTATE(NONE)                            CHANNEL( )
   CLIENTID( )                             CONNAME( )
   CONNOPTS(MQCNO_FASTPATH_BINDING)        USERID(mqm)
   UOWLOG( )                               UOWSTDA( )
   UOWSTTI( )                              UOWLOGDA( )
   UOWLOGTI( )                             URTYPE(QMGR)
   EXTURID(XA_FORMATID[] XA_GTRID[] XA_BQUAL[])
   QMURID(0.0)                             UOWSTATE(NONE)
   CONNTAG(MQCT5D47BA6800210040QM2_2025-09-05_02.13.42amqfcxba)

   OBJNAME(SYSTEM.BROKER.CONTROL.QUEUE)    OBJTYPE(QUEUE)
   ASTATE(NONE)                            HSTATE(INACTIVE)
   OPENOPTS(MQOO_INPUT_SHARED,MQOO_FAIL_IF_QUIESCING)
   READA(NO)                            
AMQ8276I: Display Connection details.
   CONN(5D47BA68001C0040)                
   EXTCONN(414D5143514D32202020202020202020)
   TYPE(*)                               
   PID(1216)                               TID(15) 
   APPLDESC(IBM MQ Delayed Delivery Processor)
   APPLTAG(amqzmur0)                       APPLTYPE(SYSTEM)
   ASTATE(NONE)                            CHANNEL( )
   CLIENTID( )                             CONNAME( )
   CONNOPTS(MQCNO_SHARED_BINDING)          USERID(mqm)
   UOWLOG( )                               UOWSTDA( )
   UOWSTTI( )                              UOWLOGDA( )
   UOWLOGTI( )                             URTYPE(QMGR)
   EXTURID(XA_FORMATID[] XA_GTRID[] XA_BQUAL[])
   QMURID(0.0)                             UOWSTATE(NONE)
   CONNTAG(MQCT5D47BA68001C0040QM2_2025-09-05_02.13.42amqzmur0)

   OBJNAME(SYSTEM.DDELAY.LOCAL.QUEUE)      OBJTYPE(QUEUE)
   ASTATE(NONE)                            HSTATE(ACTIVE)
   OPENOPTS(MQOO_BROWSE)                   READA(NO)

   OBJNAME(SYSTEM.DDELAY.LOCAL.QUEUE)      OBJTYPE(QUEUE)
   ASTATE(NONE)                            HSTATE(INACTIVE)
   OPENOPTS(MQOO_INPUT_EXCLUSIVE)          READA(NO)
AMQ8276I: Display Connection details.
   CONN(5D47BA6800170040)                
   EXTCONN(414D5143514D32202020202020202020)
   TYPE(*)                               
   PID(1232)                               TID(9) 
   APPLDESC(IBM MQ Distributed Pub/Sub Command Task)
   APPLTAG(amqzmuf0)                       APPLTYPE(SYSTEM)
   ASTATE(NONE)                            CHANNEL( )
   CLIENTID( )                             CONNAME( )
   CONNOPTS(MQCNO_FASTPATH_BINDING)        USERID(mqm)
   UOWLOG( )                               UOWSTDA(2025-09-05)
   UOWSTTI(02.13.51)                       UOWLOGDA( )
   UOWLOGTI( )                             URTYPE(QMGR)
   EXTURID(XA_FORMATID[] XA_GTRID[] XA_BQUAL[])
   QMURID(0.8193)                          UOWSTATE(ACTIVE)
   CONNTAG(MQCT5D47BA6800170040QM2_2025-09-05_02.13.42amqzmuf0)

   OBJNAME(SYSTEM.INTER.QMGR.CONTROL)      OBJTYPE(QUEUE)
   ASTATE(NONE)                            HSTATE(ACTIVE)
   OPENOPTS(MQOO_INPUT_SHARED,MQOO_SAVE_ALL_CONTEXT,MQOO_FAIL_IF_QUIESCING)
   READA(NO)                            
AMQ8276I: Display Connection details.
   CONN(5D47BA6800250040)                
   EXTCONN(414D5143514D32202020202020202020)
   TYPE(*)                               
   PID(1302)                               TID(7) 
   APPLDESC(IBM MQ Queued Pub/Sub Worker)
   APPLTAG(amqfcxba)                       APPLTYPE(SYSTEM)
   ASTATE(NONE)                            CHANNEL( )
   CLIENTID( )                             CONNAME( )
   CONNOPTS(MQCNO_FASTPATH_BINDING)        USERID(mqm)
   UOWLOG( )                               UOWSTDA( )
   UOWSTTI( )                              UOWLOGDA( )
   UOWLOGTI( )                             URTYPE(QMGR)
   EXTURID(XA_FORMATID[] XA_GTRID[] XA_BQUAL[])
   QMURID(0.0)                             UOWSTATE(NONE)
   CONNTAG(MQCT5D47BA6800250040QM2_2025-09-05_02.13.42amqfcxba)

   OBJNAME(SYSTEM.BROKER.CONTROL.QUEUE)    OBJTYPE(QUEUE)
   ASTATE(NONE)                            HSTATE(ACTIVE)
   OPENOPTS(MQOO_BROWSE,MQOO_FAIL_IF_QUIESCING)
   READA(NO)                            
AMQ8276I: Display Connection details.
   CONN(5D47BA6800120040)                
   EXTCONN(414D5143514D32202020202020202020)
   TYPE(*)                               
   PID(1232)                               TID(7) 
   APPLDESC(IBM MQ Distributed Pub/Sub Controller)
   APPLTAG(amqzmuf0)                       APPLTYPE(SYSTEM)
   ASTATE(NONE)                            CHANNEL( )
   CLIENTID( )                             CONNAME( )
   CONNOPTS(MQCNO_FASTPATH_BINDING)        USERID(mqm)
   UOWLOG( )                               UOWSTDA( )
   UOWSTTI( )                              UOWLOGDA( )
   UOWLOGTI( )                             URTYPE(QMGR)
   EXTURID(XA_FORMATID[] XA_GTRID[] XA_BQUAL[])
   QMURID(0.0)                             UOWSTATE(NONE)
   CONNTAG(MQCT5D47BA6800120040QM2_2025-09-05_02.13.42amqzmuf0)

   OBJNAME(QM2)                            OBJTYPE(QMGR)
   ASTATE(NONE)                            HSTATE(INACTIVE)
   OPENOPTS(MQOO_INQUIRE)                  READA(NO)
AMQ8276I: Display Connection details.
   CONN(5D47BA6800200040)                
   EXTCONN(414D5143514D32202020202020202020)
   TYPE(*)                               
   PID(1302)                               TID(1) 
   APPLDESC(IBM MQ Queued Pub/Sub Worker)
   APPLTAG(amqfcxba)                       APPLTYPE(SYSTEM)
   ASTATE(NONE)                            CHANNEL( )
   CLIENTID( )                             CONNAME( )
   CONNOPTS(MQCNO_FASTPATH_BINDING)        USERID(mqm)
   UOWLOG( )                               UOWSTDA( )
   UOWSTTI( )                              UOWLOGDA( )
   UOWLOGTI( )                             URTYPE(QMGR)
   EXTURID(XA_FORMATID[] XA_GTRID[] XA_BQUAL[])
   QMURID(0.0)                             UOWSTATE(NONE)
   CONNTAG(MQCT5D47BA6800200040QM2_2025-09-05_02.13.42amqfcxba)
AMQ8276I: Display Connection details.
   CONN(5D47BA6801B90740)                
   EXTCONN(414D5143514D32202020202020202020)
   TYPE(*)                               
   PID(23398)                              TID(1) 
   APPLDESC(IBM MQ Script Command Processor)
   APPLTAG(runmqsc)                        APPLTYPE(SYSTEM)
   ASTATE(STOPPED)                         CHANNEL( )
   CLIENTID( )                             CONNAME( )
   CONNOPTS(MQCNO_SHARED_BINDING)          USERID(mqm)
   UOWLOG( )                               UOWSTDA( )
   UOWSTTI( )                              UOWLOGDA( )
   UOWLOGTI( )                             URTYPE(QMGR)
   EXTURID(XA_FORMATID[] XA_GTRID[] XA_BQUAL[])
   QMURID(0.0)                             UOWSTATE(NONE)
   CONNTAG(MQCT5D47BA6801B90740QM2_2025-09-05_02.13.42runmqsc)
AMQ8276I: Display Connection details.
   CONN(5D47BA6800080040)                
   EXTCONN(414D5143514D32202020202020202020)
   TYPE(*)                               
   PID(1242)                               TID(1) 
   APPLDESC(IBM MQ Channel Initiator)      APPLTAG(runmqchi)
   APPLTYPE(CHINIT)                        ASTATE(STARTED)
   CHANNEL( )                              CLIENTID( )
   CONNAME( )                           
   CONNOPTS(MQCNO_HANDLE_SHARE_BLOCK,MQCNO_SHARED_BINDING)
   USERID(mqm)                             UOWLOG( )
   UOWSTDA( )                              UOWSTTI( )
   UOWLOGDA( )                             UOWLOGTI( )
   URTYPE(QMGR)                         
   EXTURID(XA_FORMATID[] XA_GTRID[] XA_BQUAL[])
   QMURID(0.0)                             UOWSTATE(NONE)
   CONNTAG(MQCT5D47BA6800080040QM2_2025-09-05_02.13.42runmqchi)

   OBJNAME(SYSTEM.CHANNEL.INITQ)           OBJTYPE(QUEUE)
   ASTATE(NONE)                            HSTATE(ACTIVE)
   OPENOPTS(MQOO_INPUT_EXCLUSIVE,MQOO_SET,MQOO_FAIL_IF_QUIESCING)
   READA(NO)                            
AMQ8276I: Display Connection details.
   CONN(5D47BA6800160040)                
   EXTCONN(414D5143514D32202020202020202020)
   TYPE(*)                               
   PID(1232)                               TID(8) 
   APPLDESC(IBM MQ Distributed Pub/Sub Fan Out Task)
   APPLTAG(amqzmuf0)                       APPLTYPE(SYSTEM)
   ASTATE(NONE)                            CHANNEL( )
   CLIENTID( )                             CONNAME( )
   CONNOPTS(MQCNO_FASTPATH_BINDING)        USERID(mqm)
   UOWLOG( )                               UOWSTDA(2025-09-05)
   UOWSTTI(02.13.51)                       UOWLOGDA( )
   UOWLOGTI( )                             URTYPE(QMGR)
   EXTURID(XA_FORMATID[] XA_GTRID[] XA_BQUAL[])
   QMURID(0.24577)                         UOWSTATE(ACTIVE)
   CONNTAG(MQCT5D47BA6800160040QM2_2025-09-05_02.13.42amqzmuf0)

   OBJNAME(SYSTEM.INTER.QMGR.FANREQ)       OBJTYPE(QUEUE)
   ASTATE(NONE)                            HSTATE(ACTIVE)
   OPENOPTS(MQOO_INPUT_SHARED,MQOO_OUTPUT,MQOO_SAVE_ALL_CONTEXT,MQOO_FAIL_IF_QUIESCING)
   READA(NO)                            
AMQ8276I: Display Connection details.
   CONN(5D47BA6800240040)                
   EXTCONN(414D5143514D32202020202020202020)
   TYPE(*)                               
   PID(1284)                               TID(5) 
   APPLDESC(IBM MQ Queued Pub/Sub Controller)
   APPLTAG(amqfqpub)                       APPLTYPE(SYSTEM)
   ASTATE(NONE)                            CHANNEL( )
   CLIENTID( )                             CONNAME( )
   CONNOPTS(MQCNO_FASTPATH_BINDING)        USERID(mqm)
   UOWLOG( )                               UOWSTDA(2025-09-05)
   UOWSTTI(02.13.51)                       UOWLOGDA( )
   UOWLOGTI( )                             URTYPE(QMGR)
   EXTURID(XA_FORMATID[] XA_GTRID[] XA_BQUAL[])
   QMURID(0.4125)                          UOWSTATE(ACTIVE)
   CONNTAG(MQCT5D47BA6800240040QM2_2025-09-05_02.13.42amqfqpub)

   OBJNAME(SYSTEM.BROKER.INTER.BROKER.COMMUNICATIONS)
   OBJTYPE(QUEUE)                          ASTATE(NONE)
   HSTATE(ACTIVE)                          OPENOPTS(MQOO_INPUT_EXCLUSIVE)
   READA(NO)                            
AMQ8276I: Display Connection details.
   CONN(5D47BA6800030040)                
   EXTCONN(414D5143514D32202020202020202020)
   TYPE(*)                               
   PID(1193)                               TID(1) 
   APPLDESC(IBM MQ Object Authority Manager)
   APPLTAG(amqzfuma)                       APPLTYPE(SYSTEM)
   ASTATE(NONE)                            CHANNEL( )
   CLIENTID( )                             CONNAME( )
   CONNOPTS(MQCNO_FASTPATH_BINDING)        USERID(mqm)
   UOWLOG( )                               UOWSTDA( )
   UOWSTTI( )                              UOWLOGDA( )
   UOWLOGTI( )                             URTYPE(QMGR)
   EXTURID(XA_FORMATID[] XA_GTRID[] XA_BQUAL[])
   QMURID(0.0)                             UOWSTATE(NONE)
   CONNTAG(MQCT5D47BA6800030040QM2_2025-09-05_02.13.42amqzfuma)

   OBJNAME(SYSTEM.AUTH.DATA.QUEUE)         OBJTYPE(QUEUE)
   ASTATE(NONE)                            HSTATE(INACTIVE)
   OPENOPTS(MQOO_INPUT_EXCLUSIVE,MQOO_BROWSE,MQOO_OUTPUT,MQOO_SET,MQOO_FAIL_IF_QUIESCING)
   READA(NO)                            
AMQ8276I: Display Connection details.
   CONN(5D47BA68001F0040)                
   EXTCONN(414D5143514D32202020202020202020)
   TYPE(*)                               
   PID(1284)                               TID(4) 
   APPLDESC(IBM MQ Queued Pub/Sub Controller)
   APPLTAG(amqfqpub)                       APPLTYPE(SYSTEM)
   ASTATE(NONE)                            CHANNEL( )
   CLIENTID( )                             CONNAME( )
   CONNOPTS(MQCNO_FASTPATH_BINDING)        USERID(mqm)
   UOWLOG( )                               UOWSTDA( )
   UOWSTTI( )                              UOWLOGDA( )
   UOWLOGTI( )                             URTYPE(QMGR)
   EXTURID(XA_FORMATID[] XA_GTRID[] XA_BQUAL[])
   QMURID(0.0)                             UOWSTATE(NONE)
   CONNTAG(MQCT5D47BA68001F0040QM2_2025-09-05_02.13.42amqfqpub)

   OBJNAME(SYSTEM.QPUBSUB.QUEUE.NAMELIST)
   OBJTYPE(NAMELIST)                       ASTATE(NONE)
   HSTATE(INACTIVE)                     
   OPENOPTS(MQOO_INQUIRE,MQOO_FAIL_IF_QUIESCING)
   READA(NO)                            
AMQ8276I: Display Connection details.
   CONN(5D47BA6800070040)                
   EXTCONN(414D5143514D32202020202020202020)
   TYPE(*)                               
   PID(1242)                               TID(1) 
   APPLDESC(IBM MQ Channel Initiator)      APPLTAG(runmqchi)
   APPLTYPE(CHINIT)                        ASTATE(NONE)
   CHANNEL( )                              CLIENTID( )
   CONNAME( )                           
   CONNOPTS(MQCNO_HANDLE_SHARE_BLOCK,MQCNO_SHARED_BINDING)
   USERID(mqm)                             UOWLOG( )
   UOWSTDA( )                              UOWSTTI( )
   UOWLOGDA( )                             UOWLOGTI( )
   URTYPE(QMGR)                         
   EXTURID(XA_FORMATID[] XA_GTRID[] XA_BQUAL[])
   QMURID(0.0)                             UOWSTATE(NONE)
   CONNTAG(MQCT5D47BA6800070040QM2_2025-09-05_02.13.42runmqchi)
AMQ8276I: Display Connection details.
   CONN(5D47BA6800230040)                
   EXTCONN(414D5143514D32202020202020202020)
   TYPE(*)                               
   PID(1302)                               TID(6) 
   APPLDESC(IBM MQ Queued Pub/Sub Worker)
   APPLTAG(amqfcxba)                       APPLTYPE(SYSTEM)
   ASTATE(NONE)                            CHANNEL( )
   CLIENTID( )                             CONNAME( )
   CONNOPTS(MQCNO_FASTPATH_BINDING)        USERID(mqm)
   UOWLOG( )                               UOWSTDA( )
   UOWSTTI( )                              UOWLOGDA( )
   UOWLOGTI( )                             URTYPE(QMGR)
   EXTURID(XA_FORMATID[] XA_GTRID[] XA_BQUAL[])
   QMURID(0.0)                             UOWSTATE(NONE)
   CONNTAG(MQCT5D47BA6800230040QM2_2025-09-05_02.13.42amqfcxba)

   OBJNAME(SYSTEM.BROKER.CONTROL.QUEUE)    OBJTYPE(QUEUE)
   ASTATE(NONE)                            HSTATE(INACTIVE)
   OPENOPTS(MQOO_INPUT_SHARED,MQOO_FAIL_IF_QUIESCING)
   READA(NO)                            
AMQ8276I: Display Connection details.
   CONN(5D47BA6800020040)                
   EXTCONN(414D5143514D32202020202020202020)
   TYPE(*)                               
   PID(1235)                               TID(1) 
   APPLDESC(IBM MQ Cluster Repository)     APPLTAG(amqrrmfa)
   APPLTYPE(SYSTEM)                        ASTATE(NONE)
   CHANNEL( )                              CLIENTID( )
   CONNAME( )                              CONNOPTS(MQCNO_FASTPATH_BINDING)
   USERID(mqm)                             UOWLOG( )
   UOWSTDA(2025-09-05)                     UOWSTTI(18.13.51)
   UOWLOGDA( )                             UOWLOGTI( )
   URTYPE(QMGR)                         
   EXTURID(XA_FORMATID[] XA_GTRID[] XA_BQUAL[])
   QMURID(0.4144)                          UOWSTATE(ACTIVE)
   CONNTAG(MQCT5D47BA6800020040QM2_2025-09-05_02.13.42amqrrmfa)

   OBJNAME(SYSTEM.CLUSTER.COMMAND.QUEUE)   OBJTYPE(QUEUE)
   ASTATE(NONE)                            HSTATE(ACTIVE)
   OPENOPTS(MQOO_INPUT_EXCLUSIVE,MQOO_INQUIRE,MQOO_SET)
   READA(NO)                            

   OBJNAME(SYSTEM.CLUSTER.REPOSITORY.QUEUE)
   OBJTYPE(QUEUE)                          ASTATE(NONE)
   HSTATE(INACTIVE)                     
   OPENOPTS(MQOO_INPUT_EXCLUSIVE,MQOO_BROWSE,MQOO_OUTPUT)
   READA(NO)                            
AMQ8276I: Display Connection details.
   CONN(5D47BA68001E0040)                
   EXTCONN(414D5143514D32202020202020202020)
   TYPE(*)                               
   PID(1284)                               TID(1) 
   APPLDESC(IBM MQ Queued Pub/Sub Controller)
   APPLTAG(amqfqpub)                       APPLTYPE(SYSTEM)
   ASTATE(NONE)                            CHANNEL( )
   CLIENTID( )                             CONNAME( )
   CONNOPTS(MQCNO_FASTPATH_BINDING)        USERID(mqm)
   UOWLOG( )                               UOWSTDA( )
   UOWSTTI( )                              UOWLOGDA( )
   UOWLOGTI( )                             URTYPE(QMGR)
   EXTURID(XA_FORMATID[] XA_GTRID[] XA_BQUAL[])
   QMURID(0.0)                             UOWSTATE(NONE)
   CONNTAG(MQCT5D47BA68001E0040QM2_2025-09-05_02.13.42amqfqpub)

   OBJNAME(QM2)                            OBJTYPE(QMGR)
   ASTATE(NONE)                            HSTATE(INACTIVE)
   OPENOPTS(MQOO_INQUIRE)                  READA(NO)

   OBJNAME(SYSTEM.BROKER.ADMIN.STREAM)     OBJTYPE(QUEUE)
   ASTATE(NONE)                            HSTATE(INACTIVE)
   OPENOPTS(MQOO_OUTPUT,MQOO_SET_ALL_CONTEXT)
   READA(NO)                            
AMQ8276I: Display Connection details.
   CONN(5D47BA6800270040)                
   EXTCONN(414D5143514D32202020202020202020)
   TYPE(*)                               
   PID(1302)                               TID(9) 
   APPLDESC(IBM MQ Queued Pub/Sub Worker)
   APPLTAG(amqfcxba)                       APPLTYPE(SYSTEM)
   ASTATE(NONE)                            CHANNEL( )
   CLIENTID( )                             CONNAME( )
   CONNOPTS(MQCNO_FASTPATH_BINDING)        USERID(mqm)
   UOWLOG( )                               UOWSTDA(2025-09-05)
   UOWSTTI(02.13.51)                       UOWLOGDA( )
   UOWLOGTI( )                             URTYPE(QMGR)
   EXTURID(XA_FORMATID[] XA_GTRID[] XA_BQUAL[])
   QMURID(0.16414)                         UOWSTATE(ACTIVE)
   CONNTAG(MQCT5D47BA6800270040QM2_2025-09-05_02.13.42amqfcxba)

   OBJNAME(SYSTEM.BROKER.DEFAULT.STREAM)   OBJTYPE(QUEUE)
   ASTATE(NONE)                            HSTATE(ACTIVE)
   OPENOPTS(MQOO_INPUT_SHARED,MQOO_SAVE_ALL_CONTEXT)
   READA(NO)                            
AMQ8276I: Display Connection details.
   CONN(5D47BA6800060040)                
   EXTCONN(414D5143514D32202020202020202020)
   TYPE(*)                               
   PID(1241)                               TID(1) 
   APPLDESC(IBM MQ Command Server)         APPLTAG(amqpcsea)
   APPLTYPE(SYSTEM)                        ASTATE(NONE)
   CHANNEL( )                              CLIENTID( )
   CONNAME( )                              CONNOPTS(MQCNO_SHARED_BINDING)
   USERID(mqm)                             UOWLOG( )
   UOWSTDA( )                              UOWSTTI( )
   UOWLOGDA( )                             UOWLOGTI( )
   URTYPE(QMGR)                         
   EXTURID(XA_FORMATID[] XA_GTRID[] XA_BQUAL[])
   QMURID(0.0)                             UOWSTATE(NONE)
   CONNTAG(MQCT5D47BA6800060040QM2_2025-09-05_02.13.42amqpcsea)

   OBJNAME(SYSTEM.ADMIN.COMMAND.QUEUE)     OBJTYPE(QUEUE)
   ASTATE(NONE)                            HSTATE(ACTIVE)
   OPENOPTS(MQOO_INPUT_EXCLUSIVE,MQOO_INQUIRE,MQOO_SAVE_ALL_CONTEXT)
   READA(NO)                            
AMQ8276I: Display Connection details.
   CONN(5D47BA6800220040)                
   EXTCONN(414D5143514D32202020202020202020)
   TYPE(*)                               
   PID(1302)                               TID(4) 
   APPLDESC(IBM MQ Queued Pub/Sub Worker)
   APPLTAG(amqfcxba)                       APPLTYPE(SYSTEM)
   ASTATE(NONE)                            CHANNEL( )
   CLIENTID( )                             CONNAME( )
   CONNOPTS(MQCNO_FASTPATH_BINDING)        USERID(mqm)
   UOWLOG( )                               UOWSTDA( )
   UOWSTTI( )                              UOWLOGDA( )
   UOWLOGTI( )                             URTYPE(QMGR)
   EXTURID(XA_FORMATID[] XA_GTRID[] XA_BQUAL[])
   QMURID(0.0)                             UOWSTATE(NONE)
   CONNTAG(MQCT5D47BA6800220040QM2_2025-09-05_02.13.42amqfcxba)

   OBJNAME(SYSTEM.BROKER.CONTROL.QUEUE)    OBJTYPE(QUEUE)
   ASTATE(NONE)                            HSTATE(INACTIVE)
   OPENOPTS(MQOO_INPUT_SHARED,MQOO_FAIL_IF_QUIESCING)
   READA(NO)                            
One MQSC command read.
No commands have a syntax error.
All valid MQSC commands were processed.

╔════════════════════════════════════════════════════════════════╗
║ Checking QM3 for connections with APPLTAG 'DEBUG-1757096506604' ║
╚════════════════════════════════════════════════════════════════╝
✅ FOUND CONNECTION(S) ON QM3:
5724-H72 (C) Copyright IBM Corp. 1994, 2025.
Starting MQSC for queue manager QM3.


     1 : DIS CONN(*) WHERE(APPLTAG EQ 'DEBUG-1757096506604') ALL
AMQ8461I: Connection identifier not found.
One MQSC command read.
No commands have a syntax error.
One valid MQSC command could not be processed.

📍 DETAILED CONNECTION INFO FOR *:
5724-H72 (C) Copyright IBM Corp. 1994, 2025.
Starting MQSC for queue manager QM3.


     1 : DIS CONN(*) TYPE(*) ALL
AMQ8276I: Display Connection details.
   CONN(6147BA6800080040)                
   EXTCONN(414D5143514D33202020202020202020)
   TYPE(*)                               
   PID(1236)                               TID(1) 
   APPLDESC(IBM MQ Channel Initiator)      APPLTAG(runmqchi)
   APPLTYPE(CHINIT)                        ASTATE(NONE)
   CHANNEL( )                              CLIENTID( )
   CONNAME( )                           
   CONNOPTS(MQCNO_HANDLE_SHARE_BLOCK,MQCNO_SHARED_BINDING)
   USERID(mqm)                             UOWLOG( )
   UOWSTDA( )                              UOWSTTI( )
   UOWLOGDA( )                             UOWLOGTI( )
   URTYPE(QMGR)                         
   EXTURID(XA_FORMATID[] XA_GTRID[] XA_BQUAL[])
   QMURID(0.0)                             UOWSTATE(NONE)
   CONNTAG(MQCT6147BA6800080040QM3_2025-09-05_02.13.44runmqchi)
AMQ8276I: Display Connection details.
   CONN(6147BA6800240040)                
   EXTCONN(414D5143514D33202020202020202020)
   TYPE(*)                               
   PID(1274)                               TID(5) 
   APPLDESC(IBM MQ Queued Pub/Sub Controller)
   APPLTAG(amqfqpub)                       APPLTYPE(SYSTEM)
   ASTATE(NONE)                            CHANNEL( )
   CLIENTID( )                             CONNAME( )
   CONNOPTS(MQCNO_FASTPATH_BINDING)        USERID(mqm)
   UOWLOG( )                               UOWSTDA(2025-09-05)
   UOWSTTI(02.13.55)                       UOWLOGDA( )
   UOWLOGTI( )                             URTYPE(QMGR)
   EXTURID(XA_FORMATID[] XA_GTRID[] XA_BQUAL[])
   QMURID(0.4121)                          UOWSTATE(ACTIVE)
   CONNTAG(MQCT6147BA6800240040QM3_2025-09-05_02.13.44amqfqpub)

   OBJNAME(SYSTEM.BROKER.INTER.BROKER.COMMUNICATIONS)
   OBJTYPE(QUEUE)                          ASTATE(NONE)
   HSTATE(ACTIVE)                          OPENOPTS(MQOO_INPUT_EXCLUSIVE)
   READA(NO)                            
AMQ8276I: Display Connection details.
   CONN(6147BA6800030040)                
   EXTCONN(414D5143514D33202020202020202020)
   TYPE(*)                               
   PID(1187)                               TID(1) 
   APPLDESC(IBM MQ Object Authority Manager)
   APPLTAG(amqzfuma)                       APPLTYPE(SYSTEM)
   ASTATE(NONE)                            CHANNEL( )
   CLIENTID( )                             CONNAME( )
   CONNOPTS(MQCNO_FASTPATH_BINDING)        USERID(mqm)
   UOWLOG( )                               UOWSTDA( )
   UOWSTTI( )                              UOWLOGDA( )
   UOWLOGTI( )                             URTYPE(QMGR)
   EXTURID(XA_FORMATID[] XA_GTRID[] XA_BQUAL[])
   QMURID(0.0)                             UOWSTATE(NONE)
   CONNTAG(MQCT6147BA6800030040QM3_2025-09-05_02.13.44amqzfuma)

   OBJNAME(SYSTEM.AUTH.DATA.QUEUE)         OBJTYPE(QUEUE)
   ASTATE(NONE)                            HSTATE(INACTIVE)
   OPENOPTS(MQOO_INPUT_EXCLUSIVE,MQOO_BROWSE,MQOO_OUTPUT,MQOO_SET,MQOO_FAIL_IF_QUIESCING)
   READA(NO)                            
AMQ8276I: Display Connection details.
   CONN(6147BA6800110040)                
   EXTCONN(414D5143514D33202020202020202020)
   TYPE(*)                               
   PID(1225)                               TID(9) 
   APPLDESC(IBM MQ Distributed Pub/Sub Command Task)
   APPLTAG(amqzmuf0)                       APPLTYPE(SYSTEM)
   ASTATE(NONE)                            CHANNEL( )
   CLIENTID( )                             CONNAME( )
   CONNOPTS(MQCNO_FASTPATH_BINDING)        USERID(mqm)
   UOWLOG( )                               UOWSTDA(2025-09-05)
   UOWSTTI(02.13.54)                       UOWLOGDA( )
   UOWLOGTI( )                             URTYPE(QMGR)
   EXTURID(XA_FORMATID[] XA_GTRID[] XA_BQUAL[])
   QMURID(0.12288)                         UOWSTATE(ACTIVE)
   CONNTAG(MQCT6147BA6800110040QM3_2025-09-05_02.13.44amqzmuf0)

   OBJNAME(SYSTEM.INTER.QMGR.CONTROL)      OBJTYPE(QUEUE)
   ASTATE(NONE)                            HSTATE(ACTIVE)
   OPENOPTS(MQOO_INPUT_SHARED,MQOO_SAVE_ALL_CONTEXT,MQOO_FAIL_IF_QUIESCING)
   READA(NO)                            
AMQ8276I: Display Connection details.
   CONN(6147BA68001F0040)                
   EXTCONN(414D5143514D33202020202020202020)
   TYPE(*)                               
   PID(1274)                               TID(4) 
   APPLDESC(IBM MQ Queued Pub/Sub Controller)
   APPLTAG(amqfqpub)                       APPLTYPE(SYSTEM)
   ASTATE(NONE)                            CHANNEL( )
   CLIENTID( )                             CONNAME( )
   CONNOPTS(MQCNO_FASTPATH_BINDING)        USERID(mqm)
   UOWLOG( )                               UOWSTDA( )
   UOWSTTI( )                              UOWLOGDA( )
   UOWLOGTI( )                             URTYPE(QMGR)
   EXTURID(XA_FORMATID[] XA_GTRID[] XA_BQUAL[])
   QMURID(0.0)                             UOWSTATE(NONE)
   CONNTAG(MQCT6147BA68001F0040QM3_2025-09-05_02.13.44amqfqpub)

   OBJNAME(SYSTEM.QPUBSUB.QUEUE.NAMELIST)
   OBJTYPE(NAMELIST)                       ASTATE(NONE)
   HSTATE(INACTIVE)                     
   OPENOPTS(MQOO_INQUIRE,MQOO_FAIL_IF_QUIESCING)
   READA(NO)                            
AMQ8276I: Display Connection details.
   CONN(6147BA68000C0040)                
   EXTCONN(414D5143514D33202020202020202020)
   TYPE(*)                               
   PID(1225)                               TID(4) 
   APPLDESC(IBM MQ Queued Pub/Sub Initiator)
   APPLTAG(amqzmuf0)                       APPLTYPE(SYSTEM)
   ASTATE(NONE)                            CHANNEL( )
   CLIENTID( )                             CONNAME( )
   CONNOPTS(MQCNO_FASTPATH_BINDING)        USERID(mqm)
   UOWLOG( )                               UOWSTDA( )
   UOWSTTI( )                              UOWLOGDA( )
   UOWLOGTI( )                             URTYPE(QMGR)
   EXTURID(XA_FORMATID[] XA_GTRID[] XA_BQUAL[])
   QMURID(0.0)                             UOWSTATE(NONE)
   CONNTAG(MQCT6147BA68000C0040QM3_2025-09-05_02.13.44amqzmuf0)

   OBJNAME(QM3)                            OBJTYPE(QMGR)
   ASTATE(NONE)                            HSTATE(INACTIVE)
   OPENOPTS(MQOO_INQUIRE)                  READA(NO)
AMQ8276I: Display Connection details.
   CONN(6147BA68001A0040)                
   EXTCONN(414D5143514D33202020202020202020)
   TYPE(*)                               
   PID(1195)                               TID(46) 
   APPLDESC(IBM MQ Resource Monitor Task)
   APPLTAG(amqzmuc0)                       APPLTYPE(SYSTEM)
   ASTATE(NONE)                            CHANNEL( )
   CLIENTID( )                             CONNAME( )
   CONNOPTS(MQCNO_FASTPATH_BINDING)        USERID(mqm)
   UOWLOG( )                               UOWSTDA( )
   UOWSTTI( )                              UOWLOGDA( )
   UOWLOGTI( )                             URTYPE(QMGR)
   EXTURID(XA_FORMATID[] XA_GTRID[] XA_BQUAL[])
   QMURID(0.0)                             UOWSTATE(NONE)
   CONNTAG(MQCT6147BA68001A0040QM3_2025-09-05_02.13.44amqzmuc0)

   OBJNAME( )                              OBJTYPE(TOPIC)
   ASTATE(NONE)                            HSTATE(INACTIVE)
   OPENOPTS(MQOO_OUTPUT,MQOO_FAIL_IF_QUIESCING)
   READA(NO)                            
   TOPICSTR($SYS/MQ/INFO/QMGR/QM3/Monitor/CPU/SystemSummary)

   OBJNAME( )                              OBJTYPE(TOPIC)
   ASTATE(NONE)                            HSTATE(INACTIVE)
   OPENOPTS(MQOO_OUTPUT,MQOO_FAIL_IF_QUIESCING)
   READA(NO)                            
   TOPICSTR($SYS/MQ/INFO/QMGR/QM3/Monitor/CPU/QMgrSummary)

   OBJNAME( )                              OBJTYPE(TOPIC)
   ASTATE(NONE)                            HSTATE(INACTIVE)
   OPENOPTS(MQOO_OUTPUT,MQOO_FAIL_IF_QUIESCING)
   READA(NO)                            
   TOPICSTR($SYS/MQ/INFO/QMGR/QM3/Monitor/DISK/SystemSummary)

   OBJNAME( )                              OBJTYPE(TOPIC)
   ASTATE(NONE)                            HSTATE(INACTIVE)
   OPENOPTS(MQOO_OUTPUT,MQOO_FAIL_IF_QUIESCING)
   READA(NO)                            
   TOPICSTR($SYS/MQ/INFO/QMGR/QM3/Monitor/DISK/QMgrSummary)

   OBJNAME( )                              OBJTYPE(TOPIC)
   ASTATE(NONE)                            HSTATE(INACTIVE)
   OPENOPTS(MQOO_OUTPUT,MQOO_FAIL_IF_QUIESCING)
   READA(NO)                            
   TOPICSTR($SYS/MQ/INFO/QMGR/QM3/Monitor/DISK/Log)

   OBJNAME( )                              OBJTYPE(TOPIC)
   ASTATE(NONE)                            HSTATE(INACTIVE)
   OPENOPTS(MQOO_OUTPUT,MQOO_FAIL_IF_QUIESCING)
   READA(NO)                            
   TOPICSTR($SYS/MQ/INFO/QMGR/QM3/Monitor/STATMQI/CONNDISC)

   OBJNAME( )                              OBJTYPE(TOPIC)
   ASTATE(NONE)                            HSTATE(INACTIVE)
   OPENOPTS(MQOO_OUTPUT,MQOO_FAIL_IF_QUIESCING)
   READA(NO)                            
   TOPICSTR($SYS/MQ/INFO/QMGR/QM3/Monitor/STATMQI/OPENCLOSE)

   OBJNAME( )                              OBJTYPE(TOPIC)
   ASTATE(NONE)                            HSTATE(INACTIVE)
   OPENOPTS(MQOO_OUTPUT,MQOO_FAIL_IF_QUIESCING)
   READA(NO)                            
   TOPICSTR($SYS/MQ/INFO/QMGR/QM3/Monitor/STATMQI/INQSET)

   OBJNAME( )                              OBJTYPE(TOPIC)
   ASTATE(NONE)                            HSTATE(INACTIVE)
   OPENOPTS(MQOO_OUTPUT,MQOO_FAIL_IF_QUIESCING)
   READA(NO)                            
   TOPICSTR($SYS/MQ/INFO/QMGR/QM3/Monitor/STATMQI/PUT)

   OBJNAME( )                              OBJTYPE(TOPIC)
   ASTATE(NONE)                            HSTATE(INACTIVE)
   OPENOPTS(MQOO_OUTPUT,MQOO_FAIL_IF_QUIESCING)
   READA(NO)                            
   TOPICSTR($SYS/MQ/INFO/QMGR/QM3/Monitor/STATMQI/GET)

   OBJNAME( )                              OBJTYPE(TOPIC)
   ASTATE(NONE)                            HSTATE(INACTIVE)
   OPENOPTS(MQOO_OUTPUT,MQOO_FAIL_IF_QUIESCING)
   READA(NO)                            
   TOPICSTR($SYS/MQ/INFO/QMGR/QM3/Monitor/STATMQI/SYNCPOINT)

   OBJNAME( )                              OBJTYPE(TOPIC)
   ASTATE(NONE)                            HSTATE(INACTIVE)
   OPENOPTS(MQOO_OUTPUT,MQOO_FAIL_IF_QUIESCING)
   READA(NO)                            
   TOPICSTR($SYS/MQ/INFO/QMGR/QM3/Monitor/STATMQI/SUBSCRIBE)

   OBJNAME( )                              OBJTYPE(TOPIC)
   ASTATE(NONE)                            HSTATE(INACTIVE)
   OPENOPTS(MQOO_OUTPUT,MQOO_FAIL_IF_QUIESCING)
   READA(NO)                            
   TOPICSTR($SYS/MQ/INFO/QMGR/QM3/Monitor/STATMQI/PUBLISH)
AMQ8276I: Display Connection details.
   CONN(6147BA6800070040)                
   EXTCONN(414D5143514D33202020202020202020)
   TYPE(*)                               
   PID(1235)                               TID(1) 
   APPLDESC(IBM MQ Command Server)         APPLTAG(amqpcsea)
   APPLTYPE(SYSTEM)                        ASTATE(NONE)
   CHANNEL( )                              CLIENTID( )
   CONNAME( )                              CONNOPTS(MQCNO_SHARED_BINDING)
   USERID(mqm)                             UOWLOG( )
   UOWSTDA( )                              UOWSTTI( )
   UOWLOGDA( )                             UOWLOGTI( )
   URTYPE(QMGR)                         
   EXTURID(XA_FORMATID[] XA_GTRID[] XA_BQUAL[])
   QMURID(0.0)                             UOWSTATE(NONE)
   CONNTAG(MQCT6147BA6800070040QM3_2025-09-05_02.13.44amqpcsea)

   OBJNAME(SYSTEM.ADMIN.COMMAND.QUEUE)     OBJTYPE(QUEUE)
   ASTATE(NONE)                            HSTATE(ACTIVE)
   OPENOPTS(MQOO_INPUT_EXCLUSIVE,MQOO_INQUIRE,MQOO_SAVE_ALL_CONTEXT)
   READA(NO)                            
AMQ8276I: Display Connection details.
   CONN(6147BA6800230040)                
   EXTCONN(414D5143514D33202020202020202020)
   TYPE(*)                               
   PID(1296)                               TID(6) 
   APPLDESC(IBM MQ Queued Pub/Sub Worker)
   APPLTAG(amqfcxba)                       APPLTYPE(SYSTEM)
   ASTATE(NONE)                            CHANNEL( )
   CLIENTID( )                             CONNAME( )
   CONNOPTS(MQCNO_FASTPATH_BINDING)        USERID(mqm)
   UOWLOG( )                               UOWSTDA( )
   UOWSTTI( )                              UOWLOGDA( )
   UOWLOGTI( )                             URTYPE(QMGR)
   EXTURID(XA_FORMATID[] XA_GTRID[] XA_BQUAL[])
   QMURID(0.0)                             UOWSTATE(NONE)
   CONNTAG(MQCT6147BA6800230040QM3_2025-09-05_02.13.44amqfcxba)

   OBJNAME(SYSTEM.BROKER.CONTROL.QUEUE)    OBJTYPE(QUEUE)
   ASTATE(NONE)                            HSTATE(INACTIVE)
   OPENOPTS(MQOO_INPUT_SHARED,MQOO_FAIL_IF_QUIESCING)
   READA(NO)                            
AMQ8276I: Display Connection details.
   CONN(6147BA6800020040)                
   EXTCONN(414D5143514D33202020202020202020)
   TYPE(*)                               
   PID(1229)                               TID(1) 
   APPLDESC(IBM MQ Cluster Repository)     APPLTAG(amqrrmfa)
   APPLTYPE(SYSTEM)                        ASTATE(NONE)
   CHANNEL( )                              CLIENTID( )
   CONNAME( )                              CONNOPTS(MQCNO_FASTPATH_BINDING)
   USERID(mqm)                             UOWLOG( )
   UOWSTDA(2025-09-05)                     UOWSTTI(18.13.54)
   UOWLOGDA( )                             UOWLOGTI( )
   URTYPE(QMGR)                         
   EXTURID(XA_FORMATID[] XA_GTRID[] XA_BQUAL[])
   QMURID(0.4140)                          UOWSTATE(ACTIVE)
   CONNTAG(MQCT6147BA6800020040QM3_2025-09-05_02.13.44amqrrmfa)

   OBJNAME(SYSTEM.CLUSTER.COMMAND.QUEUE)   OBJTYPE(QUEUE)
   ASTATE(NONE)                            HSTATE(ACTIVE)
   OPENOPTS(MQOO_INPUT_EXCLUSIVE,MQOO_INQUIRE,MQOO_SET)
   READA(NO)                            

   OBJNAME(SYSTEM.CLUSTER.REPOSITORY.QUEUE)
   OBJTYPE(QUEUE)                          ASTATE(NONE)
   HSTATE(INACTIVE)                     
   OPENOPTS(MQOO_INPUT_EXCLUSIVE,MQOO_BROWSE,MQOO_OUTPUT)
   READA(NO)                            
AMQ8276I: Display Connection details.
   CONN(6147BA6800100040)                
   EXTCONN(414D5143514D33202020202020202020)
   TYPE(*)                               
   PID(1225)                               TID(8) 
   APPLDESC(IBM MQ Distributed Pub/Sub Fan Out Task)
   APPLTAG(amqzmuf0)                       APPLTYPE(SYSTEM)
   ASTATE(NONE)                            CHANNEL( )
   CLIENTID( )                             CONNAME( )
   CONNOPTS(MQCNO_FASTPATH_BINDING)        USERID(mqm)
   UOWLOG( )                               UOWSTDA(2025-09-05)
   UOWSTTI(02.13.55)                       UOWLOGDA( )
   UOWLOGTI( )                             URTYPE(QMGR)
   EXTURID(XA_FORMATID[] XA_GTRID[] XA_BQUAL[])
   QMURID(0.16387)                         UOWSTATE(ACTIVE)
   CONNTAG(MQCT6147BA6800100040QM3_2025-09-05_02.13.44amqzmuf0)

   OBJNAME(SYSTEM.INTER.QMGR.FANREQ)       OBJTYPE(QUEUE)
   ASTATE(NONE)                            HSTATE(ACTIVE)
   OPENOPTS(MQOO_INPUT_SHARED,MQOO_OUTPUT,MQOO_SAVE_ALL_CONTEXT,MQOO_FAIL_IF_QUIESCING)
   READA(NO)                            
AMQ8276I: Display Connection details.
   CONN(6147BA68001E0040)                
   EXTCONN(414D5143514D33202020202020202020)
   TYPE(*)                               
   PID(1274)                               TID(1) 
   APPLDESC(IBM MQ Queued Pub/Sub Controller)
   APPLTAG(amqfqpub)                       APPLTYPE(SYSTEM)
   ASTATE(NONE)                            CHANNEL( )
   CLIENTID( )                             CONNAME( )
   CONNOPTS(MQCNO_FASTPATH_BINDING)        USERID(mqm)
   UOWLOG( )                               UOWSTDA( )
   UOWSTTI( )                              UOWLOGDA( )
   UOWLOGTI( )                             URTYPE(QMGR)
   EXTURID(XA_FORMATID[] XA_GTRID[] XA_BQUAL[])
   QMURID(0.0)                             UOWSTATE(NONE)
   CONNTAG(MQCT6147BA68001E0040QM3_2025-09-05_02.13.44amqfqpub)

   OBJNAME(QM3)                            OBJTYPE(QMGR)
   ASTATE(NONE)                            HSTATE(INACTIVE)
   OPENOPTS(MQOO_INQUIRE)                  READA(NO)

   OBJNAME(SYSTEM.BROKER.ADMIN.STREAM)     OBJTYPE(QUEUE)
   ASTATE(NONE)                            HSTATE(INACTIVE)
   OPENOPTS(MQOO_OUTPUT,MQOO_SET_ALL_CONTEXT)
   READA(NO)                            
AMQ8276I: Display Connection details.
   CONN(6147BA6800270040)                
   EXTCONN(414D5143514D33202020202020202020)
   TYPE(*)                               
   PID(1296)                               TID(9) 
   APPLDESC(IBM MQ Queued Pub/Sub Worker)
   APPLTAG(amqfcxba)                       APPLTYPE(SYSTEM)
   ASTATE(NONE)                            CHANNEL( )
   CLIENTID( )                             CONNAME( )
   CONNOPTS(MQCNO_FASTPATH_BINDING)        USERID(mqm)
   UOWLOG( )                               UOWSTDA(2025-09-05)
   UOWSTTI(02.13.55)                       UOWLOGDA( )
   UOWLOGTI( )                             URTYPE(QMGR)
   EXTURID(XA_FORMATID[] XA_GTRID[] XA_BQUAL[])
   QMURID(0.12292)                         UOWSTATE(ACTIVE)
   CONNTAG(MQCT6147BA6800270040QM3_2025-09-05_02.13.44amqfcxba)

   OBJNAME(SYSTEM.BROKER.ADMIN.STREAM)     OBJTYPE(QUEUE)
   ASTATE(NONE)                            HSTATE(ACTIVE)
   OPENOPTS(MQOO_INPUT_SHARED,MQOO_SAVE_ALL_CONTEXT)
   READA(NO)                            
AMQ8276I: Display Connection details.
   CONN(6147BA6800220040)                
   EXTCONN(414D5143514D33202020202020202020)
   TYPE(*)                               
   PID(1296)                               TID(5) 
   APPLDESC(IBM MQ Queued Pub/Sub Worker)
   APPLTAG(amqfcxba)                       APPLTYPE(SYSTEM)
   ASTATE(NONE)                            CHANNEL( )
   CLIENTID( )                             CONNAME( )
   CONNOPTS(MQCNO_FASTPATH_BINDING)        USERID(mqm)
   UOWLOG( )                               UOWSTDA( )
   UOWSTTI( )                              UOWLOGDA( )
   UOWLOGTI( )                             URTYPE(QMGR)
   EXTURID(XA_FORMATID[] XA_GTRID[] XA_BQUAL[])
   QMURID(0.0)                             UOWSTATE(NONE)
   CONNTAG(MQCT6147BA6800220040QM3_2025-09-05_02.13.44amqfcxba)

   OBJNAME(SYSTEM.BROKER.CONTROL.QUEUE)    OBJTYPE(QUEUE)
   ASTATE(NONE)                            HSTATE(INACTIVE)
   OPENOPTS(MQOO_INPUT_SHARED,MQOO_FAIL_IF_QUIESCING)
   READA(NO)                            
AMQ8276I: Display Connection details.
   CONN(6147BA68000F0040)                
   EXTCONN(414D5143514D33202020202020202020)
   TYPE(*)                               
   PID(1225)                               TID(7) 
   APPLDESC(IBM MQ Distributed Pub/Sub Controller)
   APPLTAG(amqzmuf0)                       APPLTYPE(SYSTEM)
   ASTATE(NONE)                            CHANNEL( )
   CLIENTID( )                             CONNAME( )
   CONNOPTS(MQCNO_FASTPATH_BINDING)        USERID(mqm)
   UOWLOG( )                               UOWSTDA( )
   UOWSTTI( )                              UOWLOGDA( )
   UOWLOGTI( )                             URTYPE(QMGR)
   EXTURID(XA_FORMATID[] XA_GTRID[] XA_BQUAL[])
   QMURID(0.0)                             UOWSTATE(NONE)
   CONNTAG(MQCT6147BA68000F0040QM3_2025-09-05_02.13.44amqzmuf0)

   OBJNAME(QM3)                            OBJTYPE(QMGR)
   ASTATE(NONE)                            HSTATE(INACTIVE)
   OPENOPTS(MQOO_INQUIRE)                  READA(NO)
AMQ8276I: Display Connection details.
   CONN(6147BA6800180040)                
   EXTCONN(414D5143514D33202020202020202020)
   TYPE(*)                               
   PID(1210)                               TID(16) 
   APPLDESC(IBM MQ Deferred Message Processor)
   APPLTAG(amqzmur0)                       APPLTYPE(SYSTEM)
   ASTATE(NONE)                            CHANNEL( )
   CLIENTID( )                             CONNAME( )
   CONNOPTS(MQCNO_SHARED_BINDING)          USERID(mqm)
   UOWLOG( )                               UOWSTDA( )
   UOWSTTI( )                              UOWLOGDA( )
   UOWLOGTI( )                             URTYPE(QMGR)
   EXTURID(XA_FORMATID[] XA_GTRID[] XA_BQUAL[])
   QMURID(0.0)                             UOWSTATE(NONE)
   CONNTAG(MQCT6147BA6800180040QM3_2025-09-05_02.13.44amqzmur0)

   OBJNAME(SYSTEM.PENDING.DATA.QUEUE)      OBJTYPE(QUEUE)
   ASTATE(NONE)                            HSTATE(INACTIVE)
   OPENOPTS(MQOO_INPUT_EXCLUSIVE,MQOO_BROWSE,MQOO_OUTPUT,MQOO_INQUIRE)
   READA(NO)                            
AMQ8276I: Display Connection details.
   CONN(6147BA6800260040)                
   EXTCONN(414D5143514D33202020202020202020)
   TYPE(*)                               
   PID(1296)                               TID(8) 
   APPLDESC(IBM MQ Queued Pub/Sub Worker)
   APPLTAG(amqfcxba)                       APPLTYPE(SYSTEM)
   ASTATE(NONE)                            CHANNEL( )
   CLIENTID( )                             CONNAME( )
   CONNOPTS(MQCNO_FASTPATH_BINDING)        USERID(mqm)
   UOWLOG( )                               UOWSTDA( )
   UOWSTTI( )                              UOWLOGDA( )
   UOWLOGTI( )                             URTYPE(QMGR)
   EXTURID(XA_FORMATID[] XA_GTRID[] XA_BQUAL[])
   QMURID(0.0)                             UOWSTATE(NONE)
   CONNTAG(MQCT6147BA6800260040QM3_2025-09-05_02.13.44amqfcxba)

   OBJNAME(SYSTEM.BROKER.CONTROL.QUEUE)    OBJTYPE(QUEUE)
   ASTATE(NONE)                            HSTATE(ACTIVE)
   OPENOPTS(MQOO_BROWSE,MQOO_FAIL_IF_QUIESCING)
   READA(NO)                            
AMQ8276I: Display Connection details.
   CONN(6147BA6800210040)                
   EXTCONN(414D5143514D33202020202020202020)
   TYPE(*)                               
   PID(1296)                               TID(4) 
   APPLDESC(IBM MQ Queued Pub/Sub Worker)
   APPLTAG(amqfcxba)                       APPLTYPE(SYSTEM)
   ASTATE(NONE)                            CHANNEL( )
   CLIENTID( )                             CONNAME( )
   CONNOPTS(MQCNO_FASTPATH_BINDING)        USERID(mqm)
   UOWLOG( )                               UOWSTDA( )
   UOWSTTI( )                              UOWLOGDA( )
   UOWLOGTI( )                             URTYPE(QMGR)
   EXTURID(XA_FORMATID[] XA_GTRID[] XA_BQUAL[])
   QMURID(0.0)                             UOWSTATE(NONE)
   CONNTAG(MQCT6147BA6800210040QM3_2025-09-05_02.13.44amqfcxba)

   OBJNAME(SYSTEM.BROKER.CONTROL.QUEUE)    OBJTYPE(QUEUE)
   ASTATE(NONE)                            HSTATE(INACTIVE)
   OPENOPTS(MQOO_INPUT_SHARED,MQOO_FAIL_IF_QUIESCING)
   READA(NO)                            
AMQ8276I: Display Connection details.
   CONN(6147BA6801B70740)                
   EXTCONN(414D5143514D33202020202020202020)
   TYPE(*)                               
   PID(23419)                              TID(1) 
   APPLDESC(IBM MQ Script Command Processor)
   APPLTAG(runmqsc)                        APPLTYPE(SYSTEM)
   ASTATE(STOPPED)                         CHANNEL( )
   CLIENTID( )                             CONNAME( )
   CONNOPTS(MQCNO_SHARED_BINDING)          USERID(mqm)
   UOWLOG( )                               UOWSTDA( )
   UOWSTTI( )                              UOWLOGDA( )
   UOWLOGTI( )                             URTYPE(QMGR)
   EXTURID(XA_FORMATID[] XA_GTRID[] XA_BQUAL[])
   QMURID(0.0)                             UOWSTATE(NONE)
   CONNTAG(MQCT6147BA6801B70740QM3_2025-09-05_02.13.44runmqsc)
AMQ8276I: Display Connection details.
   CONN(6147BA6800090040)                
   EXTCONN(414D5143514D33202020202020202020)
   TYPE(*)                               
   PID(1236)                               TID(1) 
   APPLDESC(IBM MQ Channel Initiator)      APPLTAG(runmqchi)
   APPLTYPE(CHINIT)                        ASTATE(STARTED)
   CHANNEL( )                              CLIENTID( )
   CONNAME( )                           
   CONNOPTS(MQCNO_HANDLE_SHARE_BLOCK,MQCNO_SHARED_BINDING)
   USERID(mqm)                             UOWLOG( )
   UOWSTDA( )                              UOWSTTI( )
   UOWLOGDA( )                             UOWLOGTI( )
   URTYPE(QMGR)                         
   EXTURID(XA_FORMATID[] XA_GTRID[] XA_BQUAL[])
   QMURID(0.0)                             UOWSTATE(NONE)
   CONNTAG(MQCT6147BA6800090040QM3_2025-09-05_02.13.44runmqchi)

   OBJNAME(SYSTEM.CHANNEL.INITQ)           OBJTYPE(QUEUE)
   ASTATE(NONE)                            HSTATE(ACTIVE)
   OPENOPTS(MQOO_INPUT_EXCLUSIVE,MQOO_SET,MQOO_FAIL_IF_QUIESCING)
   READA(NO)                            
AMQ8276I: Display Connection details.
   CONN(6147BA6800250040)                
   EXTCONN(414D5143514D33202020202020202020)
   TYPE(*)                               
   PID(1296)                               TID(7) 
   APPLDESC(IBM MQ Queued Pub/Sub Worker)
   APPLTAG(amqfcxba)                       APPLTYPE(SYSTEM)
   ASTATE(NONE)                            CHANNEL( )
   CLIENTID( )                             CONNAME( )
   CONNOPTS(MQCNO_FASTPATH_BINDING)        USERID(mqm)
   UOWLOG( )                               UOWSTDA(2025-09-05)
   UOWSTTI(02.13.55)                       UOWLOGDA( )
   UOWLOGTI( )                             URTYPE(QMGR)
   EXTURID(XA_FORMATID[] XA_GTRID[] XA_BQUAL[])
   QMURID(0.16385)                         UOWSTATE(ACTIVE)
   CONNTAG(MQCT6147BA6800250040QM3_2025-09-05_02.13.44amqfcxba)

   OBJNAME(SYSTEM.BROKER.DEFAULT.STREAM)   OBJTYPE(QUEUE)
   ASTATE(NONE)                            HSTATE(ACTIVE)
   OPENOPTS(MQOO_INPUT_SHARED,MQOO_SAVE_ALL_CONTEXT)
   READA(NO)                            
AMQ8276I: Display Connection details.
   CONN(6147BA6800120040)                
   EXTCONN(414D5143514D33202020202020202020)
   TYPE(*)                               
   PID(1225)                               TID(10) 
   APPLDESC(IBM MQ Distributed Pub/Sub Publish Task)
   APPLTAG(amqzmuf0)                       APPLTYPE(SYSTEM)
   ASTATE(NONE)                            CHANNEL( )
   CLIENTID( )                             CONNAME( )
   CONNOPTS(MQCNO_FASTPATH_BINDING)        USERID(mqm)
   UOWLOG( )                               UOWSTDA(2025-09-05)
   UOWSTTI(02.13.54)                       UOWLOGDA( )
   UOWLOGTI( )                             URTYPE(QMGR)
   EXTURID(XA_FORMATID[] XA_GTRID[] XA_BQUAL[])
   QMURID(0.16384)                         UOWSTATE(ACTIVE)
   CONNTAG(MQCT6147BA6800120040QM3_2025-09-05_02.13.44amqzmuf0)

   OBJNAME(SYSTEM.INTER.QMGR.PUBS)         OBJTYPE(QUEUE)
   ASTATE(NONE)                            HSTATE(ACTIVE)
   OPENOPTS(MQOO_INPUT_SHARED,MQOO_SAVE_ALL_CONTEXT,MQOO_FAIL_IF_QUIESCING)
   READA(NO)                            
AMQ8276I: Display Connection details.
   CONN(6147BA6800200040)                
   EXTCONN(414D5143514D33202020202020202020)
   TYPE(*)                               
   PID(1296)                               TID(1) 
   APPLDESC(IBM MQ Queued Pub/Sub Worker)
   APPLTAG(amqfcxba)                       APPLTYPE(SYSTEM)
   ASTATE(NONE)                            CHANNEL( )
   CLIENTID( )                             CONNAME( )
   CONNOPTS(MQCNO_FASTPATH_BINDING)        USERID(mqm)
   UOWLOG( )                               UOWSTDA( )
   UOWSTTI( )                              UOWLOGDA( )
   UOWLOGTI( )                             URTYPE(QMGR)
   EXTURID(XA_FORMATID[] XA_GTRID[] XA_BQUAL[])
   QMURID(0.0)                             UOWSTATE(NONE)
   CONNTAG(MQCT6147BA6800200040QM3_2025-09-05_02.13.44amqfcxba)
AMQ8276I: Display Connection details.
   CONN(6147BA68001B0040)                
   EXTCONN(414D5143514D33202020202020202020)
   TYPE(*)                               
   PID(1210)                               TID(15) 
   APPLDESC(IBM MQ Delayed Delivery Processor)
   APPLTAG(amqzmur0)                       APPLTYPE(SYSTEM)
   ASTATE(NONE)                            CHANNEL( )
   CLIENTID( )                             CONNAME( )
   CONNOPTS(MQCNO_SHARED_BINDING)          USERID(mqm)
   UOWLOG( )                               UOWSTDA( )
   UOWSTTI( )                              UOWLOGDA( )
   UOWLOGTI( )                             URTYPE(QMGR)
   EXTURID(XA_FORMATID[] XA_GTRID[] XA_BQUAL[])
   QMURID(0.0)                             UOWSTATE(NONE)
   CONNTAG(MQCT6147BA68001B0040QM3_2025-09-05_02.13.44amqzmur0)

   OBJNAME(SYSTEM.DDELAY.LOCAL.QUEUE)      OBJTYPE(QUEUE)
   ASTATE(NONE)                            HSTATE(ACTIVE)
   OPENOPTS(MQOO_BROWSE)                   READA(NO)

   OBJNAME(SYSTEM.DDELAY.LOCAL.QUEUE)      OBJTYPE(QUEUE)
   ASTATE(NONE)                            HSTATE(INACTIVE)
   OPENOPTS(MQOO_INPUT_EXCLUSIVE)          READA(NO)
One MQSC command read.
No commands have a syntax error.
All valid MQSC commands were processed.

══════════════════════════════════════════════════════════════════
📁 Proof saved to: MQSC_PROOF_DEBUG-1757096506604_1757096568.log
✅ This proves that all 5 sessions are on the same queue manager
   as the parent connection (single connection, multiple sessions)
