================================================================================
PCF DEMONSTRATION - CORRELATING JMS WITH MQ USING PCF
================================================================================
Application Tag: PCFDEMO8837

STEP 1: Creating JMS Connection and Sessions
---------------------------------------------
✓ JMS Connection created with APPTAG: PCFDEMO8837
✓ Session 1 created
✓ Session 2 created
✓ Session 3 created
✓ Session 4 created
✓ Session 5 created

JMS Level: 1 Connection + 5 Sessions created and activated

STEP 2: Connecting PCF Monitor
-------------------------------
Error: MQJE001: Completion Code '2', Reason '2035'.
com.ibm.mq.headers.MQExceptionWrapper: MQJE001: Completion Code '2', Reason '2035'.
	at java.base/jdk.internal.reflect.NativeConstructorAccessorImpl.newInstance0(Native Method)
	at java.base/jdk.internal.reflect.NativeConstructorAccessorImpl.newInstance(NativeConstructorAccessorImpl.java:77)
	at java.base/jdk.internal.reflect.DelegatingConstructorAccessorImpl.newInstance(DelegatingConstructorAccessorImpl.java:45)
	at java.base/java.lang.reflect.Constructor.newInstanceWithCaller(Constructor.java:499)
	at java.base/java.lang.reflect.Constructor.newInstance(Constructor.java:480)
	at com.ibm.mq.headers.MQDataException.getMQDataException(MQDataException.java:303)
	at com.ibm.mq.headers.pcf.PCFAgent.open(PCFAgent.java:634)
	at com.ibm.mq.headers.pcf.PCFAgent.open(PCFAgent.java:494)
	at com.ibm.mq.headers.pcf.PCFAgent.connect(PCFAgent.java:251)
	at com.ibm.mq.headers.pcf.PCFAgent.<init>(PCFAgent.java:188)
	at com.ibm.mq.headers.pcf.PCFMessageAgent.<init>(PCFMessageAgent.java:133)
	at PCFUtils.<init>(PCFUtils.java:33)
	at PCFDemo.main(PCFDemo.java:80)

Cleaning up...
Demo completed!
