
[1m[1;33mPHASE 1: Environment Setup[0m
â•â•â•â•â•â•â•â•â•â•â•â•â•â•â•â•â•â•â•â•â•â•â•â•â•â•â•â•â•â•â•â•â•â•â•â•â•â•â•â•
  [0;32mâœ“[0m QM1 is running
  [0;32mâœ“[0m QM2 is running
  [0;32mâœ“[0m QM3 is running
  [0;32mâœ“[0m CCDT file exists
  [0;36mCCDT Configuration:[0m
    "host": "10.10.10.10",
    "port": 1414
    "host": "10.10.10.11",
    "port": 1414
    "host": "10.10.10.12",
    "port": 1414
    "affinity": "none",

[1m[1;33mPHASE 2: Preparing Java JMS Applications[0m
â•â•â•â•â•â•â•â•â•â•â•â•â•â•â•â•â•â•â•â•â•â•â•â•â•â•â•â•â•â•â•â•â•â•â•â•â•â•â•â•
[1;33mCompiling Java JMS applications...[0m
  [0;32mâœ“[0m Using existing compiled JAR

[1m[1;33mPHASE 3: Starting JMS Producers (Using CCDT)[0m
â•â•â•â•â•â•â•â•â•â•â•â•â•â•â•â•â•â•â•â•â•â•â•â•â•â•â•â•â•â•â•â•â•â•â•â•â•â•â•â•
  Starting Producer PROD-1 (3 sessions)
  Starting Producer PROD-2 (3 sessions)
  Starting Producer PROD-3 (3 sessions)
  [0;32mâœ“[0m Started 3 JMS producers

[1m[1;33mPHASE 4: Starting JMS Consumers (Using CCDT)[0m
â•â•â•â•â•â•â•â•â•â•â•â•â•â•â•â•â•â•â•â•â•â•â•â•â•â•â•â•â•â•â•â•â•â•â•â•â•â•â•â•
  Starting Consumer CONS-1 (3 sessions)
  Starting Consumer CONS-2 (3 sessions)
  [0;32mâœ“[0m Started 2 JMS consumers

[1m[1;33mPHASE 5: Monitoring Distribution (180s)[0m
â•â•â•â•â•â•â•â•â•â•â•â•â•â•â•â•â•â•â•â•â•â•â•â•â•â•â•â•â•â•â•â•â•â•â•â•â•â•â•â•
  Waiting for JMS connections to establish...

[0;36mCollecting baseline metrics...[0m

[0;36mSample #0 - 02:39:14[0m
  Connections: QM1= | QM2= | QM3=49 | Total=147
  Sessions:    QM1= | QM2= | QM3=2 | Total=6
