
[1m[1;33mPHASE 1: Environment Setup[0m
â•â•â•â•â•â•â•â•â•â•â•â•â•â•â•â•â•â•â•â•â•â•â•â•â•â•â•â•â•â•â•â•â•â•â•â•â•â•â•â•
  [0;32mâœ“[0m QM1 is running
  [0;32mâœ“[0m QM2 is running
  [0;32mâœ“[0m QM3 is running
  [0;32mâœ“[0m CCDT file exists
  [0;36mCCDT Configuration:[0m
    "host": "10.10.10.10",
    "port": 1414
    "host": "10.10.10.11",
    "port": 1414
    "host": "10.10.10.12",
    "port": 1414
    "affinity": "none",

[1m[1;33mPHASE 2: Preparing Java JMS Applications[0m
â•â•â•â•â•â•â•â•â•â•â•â•â•â•â•â•â•â•â•â•â•â•â•â•â•â•â•â•â•â•â•â•â•â•â•â•â•â•â•â•
[1;33mCompiling Java JMS applications...[0m
  [0;32mâœ“[0m Using existing compiled JAR

[1m[1;33mPHASE 3: Starting JMS Producers (Using CCDT)[0m
â•â•â•â•â•â•â•â•â•â•â•â•â•â•â•â•â•â•â•â•â•â•â•â•â•â•â•â•â•â•â•â•â•â•â•â•â•â•â•â•
  Starting Producer PROD-1 (3 sessions)
  Starting Producer PROD-2 (3 sessions)
  Starting Producer PROD-3 (3 sessions)
  [0;32mâœ“[0m Started 3 JMS producers

[1m[1;33mPHASE 4: Starting JMS Consumers (Using CCDT)[0m
â•â•â•â•â•â•â•â•â•â•â•â•â•â•â•â•â•â•â•â•â•â•â•â•â•â•â•â•â•â•â•â•â•â•â•â•â•â•â•â•
  Starting Consumer CONS-1 (3 sessions)
  Starting Consumer CONS-2 (3 sessions)
  [0;32mâœ“[0m Started 2 JMS consumers

[1m[1;33mPHASE 5: Monitoring Distribution (180s)[0m
â•â•â•â•â•â•â•â•â•â•â•â•â•â•â•â•â•â•â•â•â•â•â•â•â•â•â•â•â•â•â•â•â•â•â•â•â•â•â•â•
  Waiting for JMS connections to establish...

[0;36mCollecting baseline metrics...[0m

[0;36mSample #0 - 02:49:18[0m
  Connections: QM1= | QM2= | QM3=49 | Total=147
  Sessions:    QM1= | QM2= | QM3=2 | Total=6

[0;36mSample #1 - 02:49:29[0m
  Connections: QM1= | QM2= | QM3=49 | Total=147
  Sessions:    QM1= | QM2= | QM3=2 | Total=6

[0;36mSample #2 - 02:49:39[0m
  Connections: QM1= | QM2= | QM3=49 | Total=147
  Sessions:    QM1= | QM2= | QM3=2 | Total=6

[0;36mSample #3 - 02:49:50[0m
  Connections: QM1= | QM2= | QM3=49 | Total=147
  Sessions:    QM1= | QM2= | QM3=2 | Total=6

[0;36mSample #4 - 02:50:02[0m
  Connections: QM1= | QM2= | QM3=49 | Total=147
  Sessions:    QM1= | QM2= | QM3=2 | Total=6

[0;36mSample #5 - 02:50:13[0m
  Connections: QM1= | QM2= | QM3=49 | Total=147
  Sessions:    QM1= | QM2= | QM3=2 | Total=6

[0;36mSample #6 - 02:50:25[0m
  Connections: QM1= | QM2= | QM3=49 | Total=147
  Sessions:    QM1= | QM2= | QM3=2 | Total=6

[0;36mSample #7 - 02:50:36[0m
  Connections: QM1= | QM2= | QM3=49 | Total=147
  Sessions:    QM1= | QM2= | QM3=2 | Total=6

[0;36mSample #8 - 02:50:47[0m
  Connections: QM1= | QM2= | QM3=49 | Total=147
  Sessions:    QM1= | QM2= | QM3=2 | Total=6

[0;36mSample #9 - 02:50:58[0m
  Connections: QM1= | QM2= | QM3=49 | Total=147
  Sessions:    QM1= | QM2= | QM3=2 | Total=6

[0;36mSample #10 - 02:51:09[0m
  Connections: QM1= | QM2= | QM3=49 | Total=147
  Sessions:    QM1= | QM2= | QM3=2 | Total=6

[0;36mSample #11 - 02:51:20[0m
  Connections: QM1= | QM2= | QM3=49 | Total=147
  Sessions:    QM1= | QM2= | QM3=2 | Total=6

[0;36mSample #12 - 02:51:31[0m
  Connections: QM1= | QM2= | QM3=49 | Total=147
  Sessions:    QM1= | QM2= | QM3=2 | Total=6

[0;36mSample #13 - 02:51:42[0m
  Connections: QM1= | QM2= | QM3=49 | Total=147
  Sessions:    QM1= | QM2= | QM3=2 | Total=6

[0;36mSample #14 - 02:51:53[0m
  Connections: QM1= | QM2= | QM3=49 | Total=147
  Sessions:    QM1= | QM2= | QM3=2 | Total=6

[0;36mSample #15 - 02:52:04[0m
  Connections: QM1= | QM2= | QM3=49 | Total=147
  Sessions:    QM1= | QM2= | QM3=2 | Total=6

[0;36mSample #16 - 02:52:15[0m
  Connections: QM1= | QM2= | QM3=49 | Total=147
  Sessions:    QM1= | QM2= | QM3=2 | Total=6
