Comprehensive tracing enabled:
  - MQ Common Services trace: Level 9
  - JMS trace: Level 9
  - WMQ trace: Level 9
  - Trace file: mqtrace_20250908_111255.log

================================================================================
COMPREHENSIVE MQ MONITOR WITH PCF
Timestamp: 20250908_111255
Application Tag: MONITOR-1757329975488
CCDT URL: file:///workspace/ccdt/ccdt-qm1.json
Target Queue Manager: QM1
Session Count: 5
================================================================================

PHASE 1: Creating JMS Connection with External CCDT
------------------------------------------------
MQConnectionFactory configured:
  - CCDT URL: file:///workspace/ccdt/ccdt-qm1.json
  - Queue Manager: QM1
  - Application Name: MONITOR-1757329975488
  - Channel: APP.SVRCONN
  - Auto-reconnect: ENABLED
  - Connection Pooling: ENABLED

ERROR: JMSWMQ2020: Failed to connect to queue manager 'QM1' with connection mode 'Client' and supplied CCDT URL 'file:///workspace/ccdt/ccdt-qm1.json', see linked exception for more information.
com.ibm.msg.client.jms.DetailedJMSException: JMSWMQ2020: Failed to connect to queue manager 'QM1' with connection mode 'Client' and supplied CCDT URL 'file:///workspace/ccdt/ccdt-qm1.json', see linked exception for more information.
Check the queue manager is started and if running in client mode, check there is a listener running. Please see the linked exception for more information.
	at com.ibm.msg.client.wmq.common.internal.Reason.reasonToException(Reason.java:595)
	at com.ibm.msg.client.wmq.common.internal.Reason.createException(Reason.java:215)
	at com.ibm.msg.client.wmq.internal.WMQConnection.<init>(WMQConnection.java:396)
	at com.ibm.msg.client.wmq.factories.WMQConnectionFactory.createV7ProviderConnection(WMQConnectionFactory.java:9009)
	at com.ibm.msg.client.wmq.factories.WMQConnectionFactory.createProviderConnection(WMQConnectionFactory.java:8349)
	at com.ibm.msg.client.jms.admin.JmsConnectionFactoryImpl._createConnection(JmsConnectionFactoryImpl.java:322)
	at com.ibm.msg.client.jms.admin.JmsConnectionFactoryImpl.createConnection(JmsConnectionFactoryImpl.java:242)
	at com.ibm.mq.jms.MQConnectionFactory.createCommonConnection(MQConnectionFactory.java:6193)
	at com.ibm.mq.jms.MQConnectionFactory.createConnection(MQConnectionFactory.java:6222)
	at ComprehensiveMQMonitor.main(ComprehensiveMQMonitor.java:59)
Caused by: com.ibm.mq.MQException: JMSCMQ0001: IBM MQ call failed with compcode '2' ('MQCC_FAILED') reason '2423' ('MQRC_CLIENT_CHANNEL_CONFLICT').
	at com.ibm.msg.client.wmq.common.internal.Reason.createException(Reason.java:203)
	... 8 more
