
========================================================================================================================
       SPRING BOOT MQ FAILOVER COMPLETE DEMO - FULL UNTRUNCATED CONNTAG
========================================================================================================================
Test ID: SBDEMO-1757784159987
Start Time: 17:22:40.081
CCDT URL: file:///workspace/ccdt/ccdt.json

========================================================================================================================
                    HOW SPRING BOOT DETECTS SESSION FAILURES
========================================================================================================================
1. Container creates DefaultJmsListenerContainerFactory with ExceptionListener
2. ExceptionListener monitors for MQ error codes:
   - MQJMS2002: Connection broken to Queue Manager
   - MQJMS2008: Queue Manager not available
   - MQJMS1107: Connection closed by Queue Manager
3. When QM fails, ALL sessions get the exception simultaneously
4. Container marks parent connection as failed
5. All child sessions are automatically invalidated with parent

[17:22:40.660] Creating Connection 1 (C1) with 5 child sessions...
[17:22:43.214] C1 created: 1 parent + 5 sessions

[17:22:43.248] Creating Connection 2 (C2) with 3 child sessions...
[17:22:43.350] C2 created: 1 parent + 3 sessions

========================================================================================================================
                    BEFORE FAILOVER - ALL 10 SESSIONS WITH FULL CONNTAG
========================================================================================================================

BEFORE FAILOVER - Complete Connection Table
------------------------------------------------------------------------------------------------------------------------------------------------------------------------------------
| #   | Type    | Conn | Session | FULL CONNTAG (UNTRUNCATED)                                                                           | CONNECTION_ID             | QM     | Host            | APPTAG                         |
------------------------------------------------------------------------------------------------------------------------------------------------------------------------------------
| 1   | Parent  | C1   | -       | CONNTAG_UNAVAILABLE                                                                                  | UNKNOWN                   | UNKNOWN | unknown         | SBDEMO-1757784159987-C1        |
| 2   | Session | C1   | 1       | CONNTAG_UNAVAILABLE                                                                                  | UNKNOWN                   | UNKNOWN | unknown         | SBDEMO-1757784159987-C1        |
| 3   | Session | C1   | 2       | CONNTAG_UNAVAILABLE                                                                                  | UNKNOWN                   | UNKNOWN | unknown         | SBDEMO-1757784159987-C1        |
| 4   | Session | C1   | 3       | CONNTAG_UNAVAILABLE                                                                                  | UNKNOWN                   | UNKNOWN | unknown         | SBDEMO-1757784159987-C1        |
| 5   | Session | C1   | 4       | CONNTAG_UNAVAILABLE                                                                                  | UNKNOWN                   | UNKNOWN | unknown         | SBDEMO-1757784159987-C1        |
| 6   | Session | C1   | 5       | CONNTAG_UNAVAILABLE                                                                                  | UNKNOWN                   | UNKNOWN | unknown         | SBDEMO-1757784159987-C1        |
| 7   | Parent  | C2   | -       | CONNTAG_UNAVAILABLE                                                                                  | UNKNOWN                   | UNKNOWN | unknown         | SBDEMO-1757784159987-C2        |
| 8   | Session | C2   | 1       | CONNTAG_UNAVAILABLE                                                                                  | UNKNOWN                   | UNKNOWN | unknown         | SBDEMO-1757784159987-C2        |
| 9   | Session | C2   | 2       | CONNTAG_UNAVAILABLE                                                                                  | UNKNOWN                   | UNKNOWN | unknown         | SBDEMO-1757784159987-C2        |
| 10  | Session | C2   | 3       | CONNTAG_UNAVAILABLE                                                                                  | UNKNOWN                   | UNKNOWN | unknown         | SBDEMO-1757784159987-C2        |
------------------------------------------------------------------------------------------------------------------------------------------------------------------------------------

Connection Summary:
  • C1: 1 parent + 5 child sessions = 6 total connections
  • C2: 1 parent + 3 child sessions = 4 total connections

Queue Manager Distribution:
  • UNKNOWN: 10 connections

========================================================================================================================
              HOW UNIFORM CLUSTER HANDLES PARENT-CHILD FAILOVER
========================================================================================================================
1. QUEUE MANAGER FAILURE: QM becomes unavailable (network/crash/maintenance)
2. DETECTION: Parent connection detects failure via heartbeat timeout
3. ATOMIC UNIT: Parent + ALL child sessions treated as single unit
4. CCDT CONSULTATION: Client checks CCDT for available QMs
5. QM SELECTION: Selects next available QM (load balanced)
6. PARENT RECONNECTION: Parent connection established to new QM
7. CHILD RECREATION: All child sessions recreated on SAME QM as parent
8. CONNTAG UPDATE: All get new CONNTAG reflecting new QM
9. AFFINITY PRESERVED: Parent-child relationship maintained

========================================================================================================================
                    CONNECTION POOL BEHAVIOR DURING FAILOVER
========================================================================================================================
NORMAL STATE:
  Pool Size: 2 parent connections
  - Connection 1: 1 parent + 5 cached sessions
  - Connection 2: 1 parent + 3 cached sessions

DURING FAILOVER:
  Step 1: Exception detected → Mark connections as invalid
  Step 2: Remove failed connections from pool
  Step 3: Clear session cache for failed connections
  Step 4: Create new parent connections to available QM
  Step 5: Recreate all sessions in cache
  Step 6: Pool restored with same structure on new QM

[17:22:43.385] Monitoring for failover (2 minutes)...
[17:22:43.386] To trigger: docker stop qm2 (or whichever QM has connections)
[17:22:48.386] Still monitoring... (5 seconds)
[17:23:08.387] Still monitoring... (25 seconds)
