5724-H72 (C) Copyright IBM Corp. 1994, 2025.
Starting MQSC for queue manager QM2.


     1 : DIS CONN(*) ALL
AMQ8276I: Display Connection details.
   CONN(9211C06800030040)                
   EXTCONN(414D5143514D32202020202020202020)
   TYPE(CONN)                            
   PID(4591)                               TID(1) 
   APPLDESC(IBM MQ Object Authority Manager)
   APPLTAG(amqzfuma)                       APPLTYPE(SYSTEM)
   ASTATE(NONE)                            CHANNEL( )
   CLIENTID( )                             CONNAME( )
   CONNOPTS(MQCNO_FASTPATH_BINDING)        USERID(mqm)
   UOWLOG( )                               UOWSTDA( )
   UOWSTTI( )                              UOWLOGDA( )
   UOWLOGTI( )                             URTYPE(QMGR)
   EXTURID(XA_FORMATID[] XA_GTRID[] XA_BQUAL[])
   QMURID(0.0)                             UOWSTATE(NONE)
   CONNTAG(MQCT9211C06800030040QM2_2025-09-05_02.13.42amqzfuma)
AMQ8276I: Display Connection details.
   CONN(9211C068001F0040)                
   EXTCONN(414D5143514D32202020202020202020)
   TYPE(CONN)                            
   PID(4672)                               TID(5) 
   APPLDESC(IBM MQ Queued Pub/Sub Controller)
   APPLTAG(amqfqpub)                       APPLTYPE(SYSTEM)
   ASTATE(NONE)                            CHANNEL( )
   CLIENTID( )                             CONNAME( )
   CONNOPTS(MQCNO_FASTPATH_BINDING)        USERID(mqm)
   UOWLOG( )                               UOWSTDA(2025-09-09)
   UOWSTTI(11.37.54)                       UOWLOGDA( )
   UOWLOGTI( )                             URTYPE(QMGR)
   EXTURID(XA_FORMATID[] XA_GTRID[] XA_BQUAL[])
   QMURID(0.4104)                          UOWSTATE(ACTIVE)
   CONNTAG(MQCT9211C068001F0040QM2_2025-09-05_02.13.42amqfqpub)
AMQ8276I: Display Connection details.
   CONN(9211C068000C0040)                
   EXTCONN(414D5143514D32202020202020202020)
   TYPE(CONN)                            
   PID(4629)                               TID(7) 
   APPLDESC(IBM MQ Distributed Pub/Sub Controller)
   APPLTAG(amqzmuf0)                       APPLTYPE(SYSTEM)
   ASTATE(NONE)                            CHANNEL( )
   CLIENTID( )                             CONNAME( )
   CONNOPTS(MQCNO_FASTPATH_BINDING)        USERID(mqm)
   UOWLOG( )                               UOWSTDA( )
   UOWSTTI( )                              UOWLOGDA( )
   UOWLOGTI( )                             URTYPE(QMGR)
   EXTURID(XA_FORMATID[] XA_GTRID[] XA_BQUAL[])
   QMURID(0.0)                             UOWSTATE(NONE)
   CONNTAG(MQCT9211C068000C0040QM2_2025-09-05_02.13.42amqzmuf0)
AMQ8276I: Display Connection details.
   CONN(9211C068001A0040)                
   EXTCONN(414D5143514D32202020202020202020)
   TYPE(CONN)                            
   PID(4613)                               TID(16) 
   APPLDESC(IBM MQ Deferred Message Processor)
   APPLTAG(amqzmur0)                       APPLTYPE(SYSTEM)
   ASTATE(NONE)                            CHANNEL( )
   CLIENTID( )                             CONNAME( )
   CONNOPTS(MQCNO_SHARED_BINDING)          USERID(mqm)
   UOWLOG( )                               UOWSTDA( )
   UOWSTTI( )                              UOWLOGDA( )
   UOWLOGTI( )                             URTYPE(QMGR)
   EXTURID(XA_FORMATID[] XA_GTRID[] XA_BQUAL[])
   QMURID(0.0)                             UOWSTATE(NONE)
   CONNTAG(MQCT9211C068001A0040QM2_2025-09-05_02.13.42amqzmur0)
AMQ8276I: Display Connection details.
   CONN(9211C06800230040)                
   EXTCONN(414D5143514D32202020202020202020)
   TYPE(CONN)                            
   PID(4690)                               TID(6) 
   APPLDESC(IBM MQ Queued Pub/Sub Worker)
   APPLTAG(amqfcxba)                       APPLTYPE(SYSTEM)
   ASTATE(NONE)                            CHANNEL( )
   CLIENTID( )                             CONNAME( )
   CONNOPTS(MQCNO_FASTPATH_BINDING)        USERID(mqm)
   UOWLOG( )                               UOWSTDA( )
   UOWSTTI( )                              UOWLOGDA( )
   UOWLOGTI( )                             URTYPE(QMGR)
   EXTURID(XA_FORMATID[] XA_GTRID[] XA_BQUAL[])
   QMURID(0.0)                             UOWSTATE(NONE)
   CONNTAG(MQCT9211C06800230040QM2_2025-09-05_02.13.42amqfcxba)
AMQ8276I: Display Connection details.
   CONN(9211C06800020040)                
   EXTCONN(414D5143514D32202020202020202020)
   TYPE(CONN)                            
   PID(4632)                               TID(1) 
   APPLDESC(IBM MQ Cluster Repository)     APPLTAG(amqrrmfa)
   APPLTYPE(SYSTEM)                        ASTATE(NONE)
   CHANNEL( )                              CLIENTID( )
   CONNAME( )                              CONNOPTS(MQCNO_FASTPATH_BINDING)
   USERID(mqm)                             UOWLOG( )
   UOWSTDA(2025-09-09)                     UOWSTTI(11.37.54)
   UOWLOGDA( )                             UOWLOGTI( )
   URTYPE(QMGR)                         
   EXTURID(XA_FORMATID[] XA_GTRID[] XA_BQUAL[])
   QMURID(0.4105)                          UOWSTATE(ACTIVE)
   CONNTAG(MQCT9211C06800020040QM2_2025-09-05_02.13.42amqrrmfa)
AMQ8276I: Display Connection details.
   CONN(9211C068001E0040)                
   EXTCONN(414D5143514D32202020202020202020)
   TYPE(CONN)                            
   PID(4672)                               TID(4) 
   APPLDESC(IBM MQ Queued Pub/Sub Controller)
   APPLTAG(amqfqpub)                       APPLTYPE(SYSTEM)
   ASTATE(NONE)                            CHANNEL( )
   CLIENTID( )                             CONNAME( )
   CONNOPTS(MQCNO_FASTPATH_BINDING)        USERID(mqm)
   UOWLOG( )                               UOWSTDA( )
   UOWSTTI( )                              UOWLOGDA( )
   UOWLOGTI( )                             URTYPE(QMGR)
   EXTURID(XA_FORMATID[] XA_GTRID[] XA_BQUAL[])
   QMURID(0.0)                             UOWSTATE(NONE)
   CONNTAG(MQCT9211C068001E0040QM2_2025-09-05_02.13.42amqfqpub)
AMQ8276I: Display Connection details.
   CONN(9211C068000B0040)                
   EXTCONN(414D5143514D32202020202020202020)
   TYPE(CONN)                            
   PID(4629)                               TID(4) 
   APPLDESC(IBM MQ Queued Pub/Sub Initiator)
   APPLTAG(amqzmuf0)                       APPLTYPE(SYSTEM)
   ASTATE(NONE)                            CHANNEL( )
   CLIENTID( )                             CONNAME( )
   CONNOPTS(MQCNO_FASTPATH_BINDING)        USERID(mqm)
   UOWLOG( )                               UOWSTDA( )
   UOWSTTI( )                              UOWLOGDA( )
   UOWLOGTI( )                             URTYPE(QMGR)
   EXTURID(XA_FORMATID[] XA_GTRID[] XA_BQUAL[])
   QMURID(0.0)                             UOWSTATE(NONE)
   CONNTAG(MQCT9211C068000B0040QM2_2025-09-05_02.13.42amqzmuf0)
AMQ8276I: Display Connection details.
   CONN(9211C06800190040)                
   EXTCONN(414D5143514D32202020202020202020)
   TYPE(CONN)                            
   PID(4629)                               TID(10) 
   APPLDESC(IBM MQ Distributed Pub/Sub Publish Task)
   APPLTAG(amqzmuf0)                       APPLTYPE(SYSTEM)
   ASTATE(NONE)                            CHANNEL( )
   CLIENTID( )                             CONNAME( )
   CONNOPTS(MQCNO_FASTPATH_BINDING)        USERID(mqm)
   UOWLOG( )                               UOWSTDA(2025-09-09)
   UOWSTTI(11.37.54)                       UOWLOGDA( )
   UOWLOGTI( )                             URTYPE(QMGR)
   EXTURID(XA_FORMATID[] XA_GTRID[] XA_BQUAL[])
   QMURID(0.12288)                         UOWSTATE(ACTIVE)
   CONNTAG(MQCT9211C06800190040QM2_2025-09-05_02.13.42amqzmuf0)
AMQ8276I: Display Connection details.
   CONN(9211C06800060040)                
   EXTCONN(414D5143514D32202020202020202020)
   TYPE(CONN)                            
   PID(4638)                               TID(1) 
   APPLDESC(IBM MQ Command Server)         APPLTAG(amqpcsea)
   APPLTYPE(SYSTEM)                        ASTATE(NONE)
   CHANNEL( )                              CLIENTID( )
   CONNAME( )                              CONNOPTS(MQCNO_SHARED_BINDING)
   USERID(mqm)                             UOWLOG( )
   UOWSTDA( )                              UOWSTTI( )
   UOWLOGDA( )                             UOWLOGTI( )
   URTYPE(QMGR)                         
   EXTURID(XA_FORMATID[] XA_GTRID[] XA_BQUAL[])
   QMURID(0.0)                             UOWSTATE(NONE)
   CONNTAG(MQCT9211C06800060040QM2_2025-09-05_02.13.42amqpcsea)
AMQ8276I: Display Connection details.
   CONN(9211C06800220040)                
   EXTCONN(414D5143514D32202020202020202020)
   TYPE(CONN)                            
   PID(4690)                               TID(5) 
   APPLDESC(IBM MQ Queued Pub/Sub Worker)
   APPLTAG(amqfcxba)                       APPLTYPE(SYSTEM)
   ASTATE(NONE)                            CHANNEL( )
   CLIENTID( )                             CONNAME( )
   CONNOPTS(MQCNO_FASTPATH_BINDING)        USERID(mqm)
   UOWLOG( )                               UOWSTDA( )
   UOWSTTI( )                              UOWLOGDA( )
   UOWLOGTI( )                             URTYPE(QMGR)
   EXTURID(XA_FORMATID[] XA_GTRID[] XA_BQUAL[])
   QMURID(0.0)                             UOWSTATE(NONE)
   CONNTAG(MQCT9211C06800220040QM2_2025-09-05_02.13.42amqfcxba)
AMQ8276I: Display Connection details.
   CONN(9211C068001D0040)                
   EXTCONN(414D5143514D32202020202020202020)
   TYPE(CONN)                            
   PID(4672)                               TID(1) 
   APPLDESC(IBM MQ Queued Pub/Sub Controller)
   APPLTAG(amqfqpub)                       APPLTYPE(SYSTEM)
   ASTATE(NONE)                            CHANNEL( )
   CLIENTID( )                             CONNAME( )
   CONNOPTS(MQCNO_FASTPATH_BINDING)        USERID(mqm)
   UOWLOG( )                               UOWSTDA( )
   UOWSTTI( )                              UOWLOGDA( )
   UOWLOGTI( )                             URTYPE(QMGR)
   EXTURID(XA_FORMATID[] XA_GTRID[] XA_BQUAL[])
   QMURID(0.0)                             UOWSTATE(NONE)
   CONNTAG(MQCT9211C068001D0040QM2_2025-09-05_02.13.42amqfqpub)
AMQ8276I: Display Connection details.
   CONN(9211C06800180040)                
   EXTCONN(414D5143514D32202020202020202020)
   TYPE(CONN)                            
   PID(4629)                               TID(9) 
   APPLDESC(IBM MQ Distributed Pub/Sub Command Task)
   APPLTAG(amqzmuf0)                       APPLTYPE(SYSTEM)
   ASTATE(NONE)                            CHANNEL( )
   CLIENTID( )                             CONNAME( )
   CONNOPTS(MQCNO_FASTPATH_BINDING)        USERID(mqm)
   UOWLOG( )                               UOWSTDA(2025-09-09)
   UOWSTTI(11.37.54)                       UOWLOGDA( )
   UOWLOGTI( )                             URTYPE(QMGR)
   EXTURID(XA_FORMATID[] XA_GTRID[] XA_BQUAL[])
   QMURID(0.4101)                          UOWSTATE(ACTIVE)
   CONNTAG(MQCT9211C06800180040QM2_2025-09-05_02.13.42amqzmuf0)
AMQ8276I: Display Connection details.
   CONN(9211C06800260040)                
   EXTCONN(414D5143514D32202020202020202020)
   TYPE(CONN)                            
   PID(4690)                               TID(9) 
   APPLDESC(IBM MQ Queued Pub/Sub Worker)
   APPLTAG(amqfcxba)                       APPLTYPE(SYSTEM)
   ASTATE(NONE)                            CHANNEL( )
   CLIENTID( )                             CONNAME( )
   CONNOPTS(MQCNO_FASTPATH_BINDING)        USERID(mqm)
   UOWLOG( )                               UOWSTDA(2025-09-09)
   UOWSTTI(11.37.54)                       UOWLOGDA( )
   UOWLOGTI( )                             URTYPE(QMGR)
   EXTURID(XA_FORMATID[] XA_GTRID[] XA_BQUAL[])
   QMURID(0.12289)                         UOWSTATE(ACTIVE)
   CONNTAG(MQCT9211C06800260040QM2_2025-09-05_02.13.42amqfcxba)
AMQ8276I: Display Connection details.
   CONN(9211C06802420040)                
   EXTCONN(414D5143514D32202020202020202020)
   TYPE(CONN)                            
   PID(6006)                               TID(1) 
   APPLDESC(IBM MQ Script Command Processor)
   APPLTAG(runmqsc)                        APPLTYPE(SYSTEM)
   ASTATE(STOPPED)                         CHANNEL( )
   CLIENTID( )                             CONNAME( )
   CONNOPTS(MQCNO_SHARED_BINDING)          USERID(mqm)
   UOWLOG( )                               UOWSTDA( )
   UOWSTTI( )                              UOWLOGDA( )
   UOWLOGTI( )                             URTYPE(QMGR)
   EXTURID(XA_FORMATID[] XA_GTRID[] XA_BQUAL[])
   QMURID(0.0)                             UOWSTATE(NONE)
   CONNTAG(MQCT9211C06802420040QM2_2025-09-05_02.13.42runmqsc)
AMQ8276I: Display Connection details.
   CONN(9211C06800130040)                
   EXTCONN(414D5143514D32202020202020202020)
   TYPE(CONN)                            
   PID(4613)                               TID(15) 
   APPLDESC(IBM MQ Delayed Delivery Processor)
   APPLTAG(amqzmur0)                       APPLTYPE(SYSTEM)
   ASTATE(NONE)                            CHANNEL( )
   CLIENTID( )                             CONNAME( )
   CONNOPTS(MQCNO_SHARED_BINDING)          USERID(mqm)
   UOWLOG( )                               UOWSTDA( )
   UOWSTTI( )                              UOWLOGDA( )
   UOWLOGTI( )                             URTYPE(QMGR)
   EXTURID(XA_FORMATID[] XA_GTRID[] XA_BQUAL[])
   QMURID(0.0)                             UOWSTATE(NONE)
   CONNTAG(MQCT9211C06800130040QM2_2025-09-05_02.13.42amqzmur0)
AMQ8276I: Display Connection details.
   CONN(9211C06800210040)                
   EXTCONN(414D5143514D32202020202020202020)
   TYPE(CONN)                            
   PID(4690)                               TID(4) 
   APPLDESC(IBM MQ Queued Pub/Sub Worker)
   APPLTAG(amqfcxba)                       APPLTYPE(SYSTEM)
   ASTATE(NONE)                            CHANNEL( )
   CLIENTID( )                             CONNAME( )
   CONNOPTS(MQCNO_FASTPATH_BINDING)        USERID(mqm)
   UOWLOG( )                               UOWSTDA( )
   UOWSTTI( )                              UOWLOGDA( )
   UOWLOGTI( )                             URTYPE(QMGR)
   EXTURID(XA_FORMATID[] XA_GTRID[] XA_BQUAL[])
   QMURID(0.0)                             UOWSTATE(NONE)
   CONNTAG(MQCT9211C06800210040QM2_2025-09-05_02.13.42amqfcxba)
AMQ8276I: Display Connection details.
   CONN(9211C068000E0040)                
   EXTCONN(414D5143514D32202020202020202020)
   TYPE(CONN)                            
   PID(4629)                               TID(8) 
   APPLDESC(IBM MQ Distributed Pub/Sub Fan Out Task)
   APPLTAG(amqzmuf0)                       APPLTYPE(SYSTEM)
   ASTATE(NONE)                            CHANNEL( )
   CLIENTID( )                             CONNAME( )
   CONNOPTS(MQCNO_FASTPATH_BINDING)        USERID(mqm)
   UOWLOG( )                               UOWSTDA(2025-09-09)
   UOWSTTI(11.37.54)                       UOWLOGDA( )
   UOWLOGTI( )                             URTYPE(QMGR)
   EXTURID(XA_FORMATID[] XA_GTRID[] XA_BQUAL[])
   QMURID(0.24577)                         UOWSTATE(ACTIVE)
   CONNTAG(MQCT9211C068000E0040QM2_2025-09-05_02.13.42amqzmuf0)
AMQ8276I: Display Connection details.
   CONN(9211C06800090040)                
   EXTCONN(414D5143514D32202020202020202020)
   TYPE(CONN)                            
   PID(4639)                               TID(1) 
   APPLDESC(IBM MQ Channel Initiator)      APPLTAG(runmqchi)
   APPLTYPE(CHINIT)                        ASTATE(STARTED)
   CHANNEL( )                              CLIENTID( )
   CONNAME( )                           
   CONNOPTS(MQCNO_HANDLE_SHARE_BLOCK,MQCNO_SHARED_BINDING)
   USERID(mqm)                             UOWLOG( )
   UOWSTDA( )                              UOWSTTI( )
   UOWLOGDA( )                             UOWLOGTI( )
   URTYPE(QMGR)                         
   EXTURID(XA_FORMATID[] XA_GTRID[] XA_BQUAL[])
   QMURID(0.0)                             UOWSTATE(NONE)
   CONNTAG(MQCT9211C06800090040QM2_2025-09-05_02.13.42runmqchi)
AMQ8276I: Display Connection details.
   CONN(9211C06800170040)                
   EXTCONN(414D5143514D32202020202020202020)
   TYPE(CONN)                            
   PID(4598)                               TID(46) 
   APPLDESC(IBM MQ Resource Monitor Task)
   APPLTAG(amqzmuc0)                       APPLTYPE(SYSTEM)
   ASTATE(NONE)                            CHANNEL( )
   CLIENTID( )                             CONNAME( )
   CONNOPTS(MQCNO_FASTPATH_BINDING)        USERID(mqm)
   UOWLOG( )                               UOWSTDA( )
   UOWSTTI( )                              UOWLOGDA( )
   UOWLOGTI( )                             URTYPE(QMGR)
   EXTURID(XA_FORMATID[] XA_GTRID[] XA_BQUAL[])
   QMURID(0.0)                             UOWSTATE(NONE)
   CONNTAG(MQCT9211C06800170040QM2_2025-09-05_02.13.42amqzmuc0)
AMQ8276I: Display Connection details.
   CONN(9211C06800250040)                
   EXTCONN(414D5143514D32202020202020202020)
   TYPE(CONN)                            
   PID(4690)                               TID(8) 
   APPLDESC(IBM MQ Queued Pub/Sub Worker)
   APPLTAG(amqfcxba)                       APPLTYPE(SYSTEM)
   ASTATE(NONE)                            CHANNEL( )
   CLIENTID( )                             CONNAME( )
   CONNOPTS(MQCNO_FASTPATH_BINDING)        USERID(mqm)
   UOWLOG( )                               UOWSTDA(2025-09-09)
   UOWSTTI(11.37.54)                       UOWLOGDA( )
   UOWLOGTI( )                             URTYPE(QMGR)
   EXTURID(XA_FORMATID[] XA_GTRID[] XA_BQUAL[])
   QMURID(0.4109)                          UOWSTATE(ACTIVE)
   CONNTAG(MQCT9211C06800250040QM2_2025-09-05_02.13.42amqfcxba)
AMQ8276I: Display Connection details.
   CONN(9211C06800200040)                
   EXTCONN(414D5143514D32202020202020202020)
   TYPE(CONN)                            
   PID(4690)                               TID(1) 
   APPLDESC(IBM MQ Queued Pub/Sub Worker)
   APPLTAG(amqfcxba)                       APPLTYPE(SYSTEM)
   ASTATE(NONE)                            CHANNEL( )
   CLIENTID( )                             CONNAME( )
   CONNOPTS(MQCNO_FASTPATH_BINDING)        USERID(mqm)
   UOWLOG( )                               UOWSTDA( )
   UOWSTTI( )                              UOWLOGDA( )
   UOWLOGTI( )                             URTYPE(QMGR)
   EXTURID(XA_FORMATID[] XA_GTRID[] XA_BQUAL[])
   QMURID(0.0)                             UOWSTATE(NONE)
   CONNTAG(MQCT9211C06800200040QM2_2025-09-05_02.13.42amqfcxba)
AMQ8276I: Display Connection details.
   CONN(9211C06800080040)                
   EXTCONN(414D5143514D32202020202020202020)
   TYPE(CONN)                            
   PID(4639)                               TID(1) 
   APPLDESC(IBM MQ Channel Initiator)      APPLTAG(runmqchi)
   APPLTYPE(CHINIT)                        ASTATE(NONE)
   CHANNEL( )                              CLIENTID( )
   CONNAME( )                           
   CONNOPTS(MQCNO_HANDLE_SHARE_BLOCK,MQCNO_SHARED_BINDING)
   USERID(mqm)                             UOWLOG( )
   UOWSTDA( )                              UOWSTTI( )
   UOWLOGDA( )                             UOWLOGTI( )
   URTYPE(QMGR)                         
   EXTURID(XA_FORMATID[] XA_GTRID[] XA_BQUAL[])
   QMURID(0.0)                             UOWSTATE(NONE)
   CONNTAG(MQCT9211C06800080040QM2_2025-09-05_02.13.42runmqchi)
AMQ8276I: Display Connection details.
   CONN(9211C06800240040)                
   EXTCONN(414D5143514D32202020202020202020)
   TYPE(CONN)                            
   PID(4690)                               TID(7) 
   APPLDESC(IBM MQ Queued Pub/Sub Worker)
   APPLTAG(amqfcxba)                       APPLTYPE(SYSTEM)
   ASTATE(NONE)                            CHANNEL( )
   CLIENTID( )                             CONNAME( )
   CONNOPTS(MQCNO_FASTPATH_BINDING)        USERID(mqm)
   UOWLOG( )                               UOWSTDA( )
   UOWSTTI( )                              UOWLOGDA( )
   UOWLOGTI( )                             URTYPE(QMGR)
   EXTURID(XA_FORMATID[] XA_GTRID[] XA_BQUAL[])
   QMURID(0.0)                             UOWSTATE(NONE)
   CONNTAG(MQCT9211C06800240040QM2_2025-09-05_02.13.42amqfcxba)
One MQSC command read.
No commands have a syntax error.
All valid MQSC commands were processed.
