5724-H72 (C) Copyright IBM Corp. 1994, 2025.
Starting MQSC for queue manager QM1.


     1 : DIS CONN(*) ALL
AMQ8276I: Display Connection details.
   CONN(8A11C06800220040)                
   EXTCONN(414D5143514D31202020202020202020)
   TYPE(CONN)                            
   PID(5744)                               TID(5) 
   APPLDESC(IBM MQ Queued Pub/Sub Worker)
   APPLTAG(amqfcxba)                       APPLTYPE(SYSTEM)
   ASTATE(NONE)                            CHANNEL( )
   CLIENTID( )                             CONNAME( )
   CONNOPTS(MQCNO_FASTPATH_BINDING)        USERID(mqm)
   UOWLOG( )                               UOWSTDA( )
   UOWSTTI( )                              UOWLOGDA( )
   UOWLOGTI( )                             URTYPE(QMGR)
   EXTURID(XA_FORMATID[] XA_GTRID[] XA_BQUAL[])
   QMURID(0.0)                             UOWSTATE(NONE)
   CONNTAG(MQCT8A11C06800220040QM1_2025-09-05_02.13.44amqfcxba)
AMQ8276I: Display Connection details.
   CONN(8A11C068001D0040)                
   EXTCONN(414D5143514D31202020202020202020)
   TYPE(CONN)                            
   PID(5728)                               TID(1) 
   APPLDESC(IBM MQ Queued Pub/Sub Controller)
   APPLTAG(amqfqpub)                       APPLTYPE(SYSTEM)
   ASTATE(NONE)                            CHANNEL( )
   CLIENTID( )                             CONNAME( )
   CONNOPTS(MQCNO_FASTPATH_BINDING)        USERID(mqm)
   UOWLOG( )                               UOWSTDA( )
   UOWSTTI( )                              UOWLOGDA( )
   UOWLOGTI( )                             URTYPE(QMGR)
   EXTURID(XA_FORMATID[] XA_GTRID[] XA_BQUAL[])
   QMURID(0.0)                             UOWSTATE(NONE)
   CONNTAG(MQCT8A11C068001D0040QM1_2025-09-05_02.13.44amqfqpub)
AMQ8276I: Display Connection details.
   CONN(8A11C06800180040)                
   EXTCONN(414D5143514D31202020202020202020)
   TYPE(CONN)                            
   PID(5672)                               TID(16) 
   APPLDESC(IBM MQ Deferred Message Processor)
   APPLTAG(amqzmur0)                       APPLTYPE(SYSTEM)
   ASTATE(NONE)                            CHANNEL( )
   CLIENTID( )                             CONNAME( )
   CONNOPTS(MQCNO_SHARED_BINDING)          USERID(mqm)
   UOWLOG( )                               UOWSTDA( )
   UOWSTTI( )                              UOWLOGDA( )
   UOWLOGTI( )                             URTYPE(QMGR)
   EXTURID(XA_FORMATID[] XA_GTRID[] XA_BQUAL[])
   QMURID(0.0)                             UOWSTATE(NONE)
   CONNTAG(MQCT8A11C06800180040QM1_2025-09-05_02.13.44amqzmur0)
AMQ8276I: Display Connection details.
   CONN(8A11C06800260040)                
   EXTCONN(414D5143514D31202020202020202020)
   TYPE(CONN)                            
   PID(5744)                               TID(8) 
   APPLDESC(IBM MQ Queued Pub/Sub Worker)
   APPLTAG(amqfcxba)                       APPLTYPE(SYSTEM)
   ASTATE(NONE)                            CHANNEL( )
   CLIENTID( )                             CONNAME( )
   CONNOPTS(MQCNO_FASTPATH_BINDING)        USERID(mqm)
   UOWLOG( )                               UOWSTDA(2025-09-09)
   UOWSTTI(11.37.45)                       UOWLOGDA( )
   UOWLOGTI( )                             URTYPE(QMGR)
   EXTURID(XA_FORMATID[] XA_GTRID[] XA_BQUAL[])
   QMURID(0.28674)                         UOWSTATE(ACTIVE)
   CONNTAG(MQCT8A11C06800260040QM1_2025-09-05_02.13.44amqfcxba)
AMQ8276I: Display Connection details.
   CONN(8A11C06800210040)                
   EXTCONN(414D5143514D31202020202020202020)
   TYPE(CONN)                            
   PID(5744)                               TID(4) 
   APPLDESC(IBM MQ Queued Pub/Sub Worker)
   APPLTAG(amqfcxba)                       APPLTYPE(SYSTEM)
   ASTATE(NONE)                            CHANNEL( )
   CLIENTID( )                             CONNAME( )
   CONNOPTS(MQCNO_FASTPATH_BINDING)        USERID(mqm)
   UOWLOG( )                               UOWSTDA( )
   UOWSTTI( )                              UOWLOGDA( )
   UOWLOGTI( )                             URTYPE(QMGR)
   EXTURID(XA_FORMATID[] XA_GTRID[] XA_BQUAL[])
   QMURID(0.0)                             UOWSTATE(NONE)
   CONNTAG(MQCT8A11C06800210040QM1_2025-09-05_02.13.44amqfcxba)
AMQ8276I: Display Connection details.
   CONN(8A11C068001C0040)                
   EXTCONN(414D5143514D31202020202020202020)
   TYPE(CONN)                            
   PID(5686)                               TID(10) 
   APPLDESC(IBM MQ Distributed Pub/Sub Publish Task)
   APPLTAG(amqzmuf0)                       APPLTYPE(SYSTEM)
   ASTATE(NONE)                            CHANNEL( )
   CLIENTID( )                             CONNAME( )
   CONNOPTS(MQCNO_FASTPATH_BINDING)        USERID(mqm)
   UOWLOG( )                               UOWSTDA(2025-09-09)
   UOWSTTI(11.37.45)                       UOWLOGDA( )
   UOWLOGTI( )                             URTYPE(QMGR)
   EXTURID(XA_FORMATID[] XA_GTRID[] XA_BQUAL[])
   QMURID(0.20480)                         UOWSTATE(ACTIVE)
   CONNTAG(MQCT8A11C068001C0040QM1_2025-09-05_02.13.44amqzmuf0)
AMQ8276I: Display Connection details.
   CONN(8A11C06800090040)                
   EXTCONN(414D5143514D31202020202020202020)
   TYPE(CONN)                            
   PID(5698)                               TID(1) 
   APPLDESC(IBM MQ Channel Initiator)      APPLTAG(runmqchi)
   APPLTYPE(CHINIT)                        ASTATE(STARTED)
   CHANNEL( )                              CLIENTID( )
   CONNAME( )                           
   CONNOPTS(MQCNO_HANDLE_SHARE_BLOCK,MQCNO_SHARED_BINDING)
   USERID(mqm)                             UOWLOG( )
   UOWSTDA( )                              UOWSTTI( )
   UOWLOGDA( )                             UOWLOGTI( )
   URTYPE(QMGR)                         
   EXTURID(XA_FORMATID[] XA_GTRID[] XA_BQUAL[])
   QMURID(0.0)                             UOWSTATE(NONE)
   CONNTAG(MQCT8A11C06800090040QM1_2025-09-05_02.13.44runmqchi)
AMQ8276I: Display Connection details.
   CONN(8A11C06800250040)                
   EXTCONN(414D5143514D31202020202020202020)
   TYPE(CONN)                            
   PID(5744)                               TID(9) 
   APPLDESC(IBM MQ Queued Pub/Sub Worker)
   APPLTAG(amqfcxba)                       APPLTYPE(SYSTEM)
   ASTATE(NONE)                            CHANNEL( )
   CLIENTID( )                             CONNAME( )
   CONNOPTS(MQCNO_FASTPATH_BINDING)        USERID(mqm)
   UOWLOG( )                               UOWSTDA(2025-09-09)
   UOWSTTI(11.37.45)                       UOWLOGDA( )
   UOWLOGTI( )                             URTYPE(QMGR)
   EXTURID(XA_FORMATID[] XA_GTRID[] XA_BQUAL[])
   QMURID(0.4106)                          UOWSTATE(ACTIVE)
   CONNTAG(MQCT8A11C06800250040QM1_2025-09-05_02.13.44amqfcxba)
AMQ8276I: Display Connection details.
   CONN(8A11C06800200040)                
   EXTCONN(414D5143514D31202020202020202020)
   TYPE(CONN)                            
   PID(5744)                               TID(1) 
   APPLDESC(IBM MQ Queued Pub/Sub Worker)
   APPLTAG(amqfcxba)                       APPLTYPE(SYSTEM)
   ASTATE(NONE)                            CHANNEL( )
   CLIENTID( )                             CONNAME( )
   CONNOPTS(MQCNO_FASTPATH_BINDING)        USERID(mqm)
   UOWLOG( )                               UOWSTDA( )
   UOWSTTI( )                              UOWLOGDA( )
   UOWLOGTI( )                             URTYPE(QMGR)
   EXTURID(XA_FORMATID[] XA_GTRID[] XA_BQUAL[])
   QMURID(0.0)                             UOWSTATE(NONE)
   CONNTAG(MQCT8A11C06800200040QM1_2025-09-05_02.13.44amqfcxba)
AMQ8276I: Display Connection details.
   CONN(8A11C068000D0040)                
   EXTCONN(414D5143514D31202020202020202020)
   TYPE(CONN)                            
   PID(5672)                               TID(15) 
   APPLDESC(IBM MQ Delayed Delivery Processor)
   APPLTAG(amqzmur0)                       APPLTYPE(SYSTEM)
   ASTATE(NONE)                            CHANNEL( )
   CLIENTID( )                             CONNAME( )
   CONNOPTS(MQCNO_SHARED_BINDING)          USERID(mqm)
   UOWLOG( )                               UOWSTDA( )
   UOWSTTI( )                              UOWLOGDA( )
   UOWLOGTI( )                             URTYPE(QMGR)
   EXTURID(XA_FORMATID[] XA_GTRID[] XA_BQUAL[])
   QMURID(0.0)                             UOWSTATE(NONE)
   CONNTAG(MQCT8A11C068000D0040QM1_2025-09-05_02.13.44amqzmur0)
AMQ8276I: Display Connection details.
   CONN(8A11C06804630040)                
   EXTCONN(414D5143514D31202020202020202020)
   TYPE(CONN)                            
   PID(7312)                               TID(1) 
   APPLDESC(IBM MQ Script Command Processor)
   APPLTAG(runmqsc)                        APPLTYPE(SYSTEM)
   ASTATE(STOPPED)                         CHANNEL( )
   CLIENTID( )                             CONNAME( )
   CONNOPTS(MQCNO_SHARED_BINDING)          USERID(mqm)
   UOWLOG( )                               UOWSTDA( )
   UOWSTTI( )                              UOWLOGDA( )
   UOWLOGTI( )                             URTYPE(QMGR)
   EXTURID(XA_FORMATID[] XA_GTRID[] XA_BQUAL[])
   QMURID(0.0)                             UOWSTATE(NONE)
   CONNTAG(MQCT8A11C06804630040QM1_2025-09-05_02.13.44runmqsc)
AMQ8276I: Display Connection details.
   CONN(8A11C068001B0040)                
   EXTCONN(414D5143514D31202020202020202020)
   TYPE(CONN)                            
   PID(5686)                               TID(9) 
   APPLDESC(IBM MQ Distributed Pub/Sub Command Task)
   APPLTAG(amqzmuf0)                       APPLTYPE(SYSTEM)
   ASTATE(NONE)                            CHANNEL( )
   CLIENTID( )                             CONNAME( )
   CONNOPTS(MQCNO_FASTPATH_BINDING)        USERID(mqm)
   UOWLOG( )                               UOWSTDA(2025-09-09)
   UOWSTTI(11.37.45)                       UOWLOGDA( )
   UOWLOGTI( )                             URTYPE(QMGR)
   EXTURID(XA_FORMATID[] XA_GTRID[] XA_BQUAL[])
   QMURID(0.16384)                         UOWSTATE(ACTIVE)
   CONNTAG(MQCT8A11C068001B0040QM1_2025-09-05_02.13.44amqzmuf0)
AMQ8276I: Display Connection details.
   CONN(8A11C06800080040)                
   EXTCONN(414D5143514D31202020202020202020)
   TYPE(CONN)                            
   PID(5698)                               TID(1) 
   APPLDESC(IBM MQ Channel Initiator)      APPLTAG(runmqchi)
   APPLTYPE(CHINIT)                        ASTATE(NONE)
   CHANNEL( )                              CLIENTID( )
   CONNAME( )                           
   CONNOPTS(MQCNO_HANDLE_SHARE_BLOCK,MQCNO_SHARED_BINDING)
   USERID(mqm)                             UOWLOG( )
   UOWSTDA( )                              UOWSTTI( )
   UOWLOGDA( )                             UOWLOGTI( )
   URTYPE(QMGR)                         
   EXTURID(XA_FORMATID[] XA_GTRID[] XA_BQUAL[])
   QMURID(0.0)                             UOWSTATE(NONE)
   CONNTAG(MQCT8A11C06800080040QM1_2025-09-05_02.13.44runmqchi)
AMQ8276I: Display Connection details.
   CONN(8A11C06800160040)                
   EXTCONN(414D5143514D31202020202020202020)
   TYPE(CONN)                            
   PID(5657)                               TID(46) 
   APPLDESC(IBM MQ Resource Monitor Task)
   APPLTAG(amqzmuc0)                       APPLTYPE(SYSTEM)
   ASTATE(NONE)                            CHANNEL( )
   CLIENTID( )                             CONNAME( )
   CONNOPTS(MQCNO_FASTPATH_BINDING)        USERID(mqm)
   UOWLOG( )                               UOWSTDA( )
   UOWSTTI( )                              UOWLOGDA( )
   UOWLOGTI( )                             URTYPE(QMGR)
   EXTURID(XA_FORMATID[] XA_GTRID[] XA_BQUAL[])
   QMURID(0.0)                             UOWSTATE(NONE)
   CONNTAG(MQCT8A11C06800160040QM1_2025-09-05_02.13.44amqzmuc0)
AMQ8276I: Display Connection details.
   CONN(8A11C06800240040)                
   EXTCONN(414D5143514D31202020202020202020)
   TYPE(CONN)                            
   PID(5744)                               TID(6) 
   APPLDESC(IBM MQ Queued Pub/Sub Worker)
   APPLTAG(amqfcxba)                       APPLTYPE(SYSTEM)
   ASTATE(NONE)                            CHANNEL( )
   CLIENTID( )                             CONNAME( )
   CONNOPTS(MQCNO_FASTPATH_BINDING)        USERID(mqm)
   UOWLOG( )                               UOWSTDA( )
   UOWSTTI( )                              UOWLOGDA( )
   UOWLOGTI( )                             URTYPE(QMGR)
   EXTURID(XA_FORMATID[] XA_GTRID[] XA_BQUAL[])
   QMURID(0.0)                             UOWSTATE(NONE)
   CONNTAG(MQCT8A11C06800240040QM1_2025-09-05_02.13.44amqfcxba)
AMQ8276I: Display Connection details.
   CONN(8A11C06800030040)                
   EXTCONN(414D5143514D31202020202020202020)
   TYPE(CONN)                            
   PID(5650)                               TID(1) 
   APPLDESC(IBM MQ Object Authority Manager)
   APPLTAG(amqzfuma)                       APPLTYPE(SYSTEM)
   ASTATE(NONE)                            CHANNEL( )
   CLIENTID( )                             CONNAME( )
   CONNOPTS(MQCNO_FASTPATH_BINDING)        USERID(mqm)
   UOWLOG( )                               UOWSTDA( )
   UOWSTTI( )                              UOWLOGDA( )
   UOWLOGTI( )                             URTYPE(QMGR)
   EXTURID(XA_FORMATID[] XA_GTRID[] XA_BQUAL[])
   QMURID(0.0)                             UOWSTATE(NONE)
   CONNTAG(MQCT8A11C06800030040QM1_2025-09-05_02.13.44amqzfuma)
AMQ8276I: Display Connection details.
   CONN(8A11C068001F0040)                
   EXTCONN(414D5143514D31202020202020202020)
   TYPE(CONN)                            
   PID(5728)                               TID(5) 
   APPLDESC(IBM MQ Queued Pub/Sub Controller)
   APPLTAG(amqfqpub)                       APPLTYPE(SYSTEM)
   ASTATE(NONE)                            CHANNEL( )
   CLIENTID( )                             CONNAME( )
   CONNOPTS(MQCNO_FASTPATH_BINDING)        USERID(mqm)
   UOWLOG( )                               UOWSTDA(2025-09-09)
   UOWSTTI(11.37.45)                       UOWLOGDA( )
   UOWLOGTI( )                             URTYPE(QMGR)
   EXTURID(XA_FORMATID[] XA_GTRID[] XA_BQUAL[])
   QMURID(0.28673)                         UOWSTATE(ACTIVE)
   CONNTAG(MQCT8A11C068001F0040QM1_2025-09-05_02.13.44amqfqpub)
AMQ8276I: Display Connection details.
   CONN(8A11C068001A0040)                
   EXTCONN(414D5143514D31202020202020202020)
   TYPE(CONN)                            
   PID(5686)                               TID(8) 
   APPLDESC(IBM MQ Distributed Pub/Sub Fan Out Task)
   APPLTAG(amqzmuf0)                       APPLTYPE(SYSTEM)
   ASTATE(NONE)                            CHANNEL( )
   CLIENTID( )                             CONNAME( )
   CONNOPTS(MQCNO_FASTPATH_BINDING)        USERID(mqm)
   UOWLOG( )                               UOWSTDA(2025-09-09)
   UOWSTTI(11.37.45)                       UOWLOGDA( )
   UOWLOGTI( )                             URTYPE(QMGR)
   EXTURID(XA_FORMATID[] XA_GTRID[] XA_BQUAL[])
   QMURID(0.28676)                         UOWSTATE(ACTIVE)
   CONNTAG(MQCT8A11C068001A0040QM1_2025-09-05_02.13.44amqzmuf0)
AMQ8276I: Display Connection details.
   CONN(8A11C06800070040)                
   EXTCONN(414D5143514D31202020202020202020)
   TYPE(CONN)                            
   PID(5697)                               TID(1) 
   APPLDESC(IBM MQ Command Server)         APPLTAG(amqpcsea)
   APPLTYPE(SYSTEM)                        ASTATE(NONE)
   CHANNEL( )                              CLIENTID( )
   CONNAME( )                              CONNOPTS(MQCNO_SHARED_BINDING)
   USERID(mqm)                             UOWLOG( )
   UOWSTDA( )                              UOWSTTI( )
   UOWLOGDA( )                             UOWLOGTI( )
   URTYPE(QMGR)                         
   EXTURID(XA_FORMATID[] XA_GTRID[] XA_BQUAL[])
   QMURID(0.0)                             UOWSTATE(NONE)
   CONNTAG(MQCT8A11C06800070040QM1_2025-09-05_02.13.44amqpcsea)
AMQ8276I: Display Connection details.
   CONN(8A11C06800150040)                
   EXTCONN(414D5143514D31202020202020202020)
   TYPE(CONN)                            
   PID(5686)                               TID(7) 
   APPLDESC(IBM MQ Distributed Pub/Sub Controller)
   APPLTAG(amqzmuf0)                       APPLTYPE(SYSTEM)
   ASTATE(NONE)                            CHANNEL( )
   CLIENTID( )                             CONNAME( )
   CONNOPTS(MQCNO_FASTPATH_BINDING)        USERID(mqm)
   UOWLOG( )                               UOWSTDA( )
   UOWSTTI( )                              UOWLOGDA( )
   UOWLOGTI( )                             URTYPE(QMGR)
   EXTURID(XA_FORMATID[] XA_GTRID[] XA_BQUAL[])
   QMURID(0.0)                             UOWSTATE(NONE)
   CONNTAG(MQCT8A11C06800150040QM1_2025-09-05_02.13.44amqzmuf0)
AMQ8276I: Display Connection details.
   CONN(8A11C06800230040)                
   EXTCONN(414D5143514D31202020202020202020)
   TYPE(CONN)                            
   PID(5744)                               TID(7) 
   APPLDESC(IBM MQ Queued Pub/Sub Worker)
   APPLTAG(amqfcxba)                       APPLTYPE(SYSTEM)
   ASTATE(NONE)                            CHANNEL( )
   CLIENTID( )                             CONNAME( )
   CONNOPTS(MQCNO_FASTPATH_BINDING)        USERID(mqm)
   UOWLOG( )                               UOWSTDA( )
   UOWSTTI( )                              UOWLOGDA( )
   UOWLOGTI( )                             URTYPE(QMGR)
   EXTURID(XA_FORMATID[] XA_GTRID[] XA_BQUAL[])
   QMURID(0.0)                             UOWSTATE(NONE)
   CONNTAG(MQCT8A11C06800230040QM1_2025-09-05_02.13.44amqfcxba)
AMQ8276I: Display Connection details.
   CONN(8A11C06800020040)                
   EXTCONN(414D5143514D31202020202020202020)
   TYPE(CONN)                            
   PID(5691)                               TID(1) 
   APPLDESC(IBM MQ Cluster Repository)     APPLTAG(amqrrmfa)
   APPLTYPE(SYSTEM)                        ASTATE(NONE)
   CHANNEL( )                              CLIENTID( )
   CONNAME( )                              CONNOPTS(MQCNO_FASTPATH_BINDING)
   USERID(mqm)                             UOWLOG( )
   UOWSTDA(2025-09-09)                     UOWSTTI(11.37.45)
   UOWLOGDA( )                             UOWLOGTI( )
   URTYPE(QMGR)                         
   EXTURID(XA_FORMATID[] XA_GTRID[] XA_BQUAL[])
   QMURID(0.4103)                          UOWSTATE(ACTIVE)
   CONNTAG(MQCT8A11C06800020040QM1_2025-09-05_02.13.44amqrrmfa)
AMQ8276I: Display Connection details.
   CONN(8A11C068001E0040)                
   EXTCONN(414D5143514D31202020202020202020)
   TYPE(CONN)                            
   PID(5728)                               TID(4) 
   APPLDESC(IBM MQ Queued Pub/Sub Controller)
   APPLTAG(amqfqpub)                       APPLTYPE(SYSTEM)
   ASTATE(NONE)                            CHANNEL( )
   CLIENTID( )                             CONNAME( )
   CONNOPTS(MQCNO_FASTPATH_BINDING)        USERID(mqm)
   UOWLOG( )                               UOWSTDA( )
   UOWSTTI( )                              UOWLOGDA( )
   UOWLOGTI( )                             URTYPE(QMGR)
   EXTURID(XA_FORMATID[] XA_GTRID[] XA_BQUAL[])
   QMURID(0.0)                             UOWSTATE(NONE)
   CONNTAG(MQCT8A11C068001E0040QM1_2025-09-05_02.13.44amqfqpub)
AMQ8276I: Display Connection details.
   CONN(8A11C068000B0040)                
   EXTCONN(414D5143514D31202020202020202020)
   TYPE(CONN)                            
   PID(5686)                               TID(4) 
   APPLDESC(IBM MQ Queued Pub/Sub Initiator)
   APPLTAG(amqzmuf0)                       APPLTYPE(SYSTEM)
   ASTATE(NONE)                            CHANNEL( )
   CLIENTID( )                             CONNAME( )
   CONNOPTS(MQCNO_FASTPATH_BINDING)        USERID(mqm)
   UOWLOG( )                               UOWSTDA( )
   UOWSTTI( )                              UOWLOGDA( )
   UOWLOGTI( )                             URTYPE(QMGR)
   EXTURID(XA_FORMATID[] XA_GTRID[] XA_BQUAL[])
   QMURID(0.0)                             UOWSTATE(NONE)
   CONNTAG(MQCT8A11C068000B0040QM1_2025-09-05_02.13.44amqzmuf0)
One MQSC command read.
No commands have a syntax error.
All valid MQSC commands were processed.
