5724-H72 (C) Copyright IBM Corp. 1994, 2025.
Starting MQSC for queue manager QM3.


     1 : DIS CONN(*) ALL
AMQ8276I: Display Connection details.
   CONN(9B11C068000B0040)                
   EXTCONN(414D5143514D33202020202020202020)
   TYPE(CONN)                            
   PID(4601)                               TID(4) 
   APPLDESC(IBM MQ Queued Pub/Sub Initiator)
   APPLTAG(amqzmuf0)                       APPLTYPE(SYSTEM)
   ASTATE(NONE)                            CHANNEL( )
   CLIENTID( )                             CONNAME( )
   CONNOPTS(MQCNO_FASTPATH_BINDING)        USERID(mqm)
   UOWLOG( )                               UOWSTDA( )
   UOWSTTI( )                              UOWLOGDA( )
   UOWLOGTI( )                             URTYPE(QMGR)
   EXTURID(XA_FORMATID[] XA_GTRID[] XA_BQUAL[])
   QMURID(0.0)                             UOWSTATE(NONE)
   CONNTAG(MQCT9B11C068000B0040QM3_2025-09-05_02.13.44amqzmuf0)
AMQ8276I: Display Connection details.
   CONN(9B11C06800190040)                
   EXTCONN(414D5143514D33202020202020202020)
   TYPE(CONN)                            
   PID(4587)                               TID(16) 
   APPLDESC(IBM MQ Deferred Message Processor)
   APPLTAG(amqzmur0)                       APPLTYPE(SYSTEM)
   ASTATE(NONE)                            CHANNEL( )
   CLIENTID( )                             CONNAME( )
   CONNOPTS(MQCNO_SHARED_BINDING)          USERID(mqm)
   UOWLOG( )                               UOWSTDA( )
   UOWSTTI( )                              UOWLOGDA( )
   UOWLOGTI( )                             URTYPE(QMGR)
   EXTURID(XA_FORMATID[] XA_GTRID[] XA_BQUAL[])
   QMURID(0.0)                             UOWSTATE(NONE)
   CONNTAG(MQCT9B11C06800190040QM3_2025-09-05_02.13.44amqzmur0)
AMQ8276I: Display Connection details.
   CONN(9B11C06800140040)                
   EXTCONN(414D5143514D33202020202020202020)
   TYPE(CONN)                            
   PID(4572)                               TID(46) 
   APPLDESC(IBM MQ Resource Monitor Task)
   APPLTAG(amqzmuc0)                       APPLTYPE(SYSTEM)
   ASTATE(NONE)                            CHANNEL( )
   CLIENTID( )                             CONNAME( )
   CONNOPTS(MQCNO_FASTPATH_BINDING)        USERID(mqm)
   UOWLOG( )                               UOWSTDA( )
   UOWSTTI( )                              UOWLOGDA( )
   UOWLOGTI( )                             URTYPE(QMGR)
   EXTURID(XA_FORMATID[] XA_GTRID[] XA_BQUAL[])
   QMURID(0.0)                             UOWSTATE(NONE)
   CONNTAG(MQCT9B11C06800140040QM3_2025-09-05_02.13.44amqzmuc0)
AMQ8276I: Display Connection details.
   CONN(9B11C06800220040)                
   EXTCONN(414D5143514D33202020202020202020)
   TYPE(CONN)                            
   PID(4658)                               TID(5) 
   APPLDESC(IBM MQ Queued Pub/Sub Worker)
   APPLTAG(amqfcxba)                       APPLTYPE(SYSTEM)
   ASTATE(NONE)                            CHANNEL( )
   CLIENTID( )                             CONNAME( )
   CONNOPTS(MQCNO_FASTPATH_BINDING)        USERID(mqm)
   UOWLOG( )                               UOWSTDA( )
   UOWSTTI( )                              UOWLOGDA( )
   UOWLOGTI( )                             URTYPE(QMGR)
   EXTURID(XA_FORMATID[] XA_GTRID[] XA_BQUAL[])
   QMURID(0.0)                             UOWSTATE(NONE)
   CONNTAG(MQCT9B11C06800220040QM3_2025-09-05_02.13.44amqfcxba)
AMQ8276I: Display Connection details.
   CONN(9B11C068001D0040)                
   EXTCONN(414D5143514D33202020202020202020)
   TYPE(CONN)                            
   PID(4643)                               TID(1) 
   APPLDESC(IBM MQ Queued Pub/Sub Controller)
   APPLTAG(amqfqpub)                       APPLTYPE(SYSTEM)
   ASTATE(NONE)                            CHANNEL( )
   CLIENTID( )                             CONNAME( )
   CONNOPTS(MQCNO_FASTPATH_BINDING)        USERID(mqm)
   UOWLOG( )                               UOWSTDA( )
   UOWSTTI( )                              UOWLOGDA( )
   UOWLOGTI( )                             URTYPE(QMGR)
   EXTURID(XA_FORMATID[] XA_GTRID[] XA_BQUAL[])
   QMURID(0.0)                             UOWSTATE(NONE)
   CONNTAG(MQCT9B11C068001D0040QM3_2025-09-05_02.13.44amqfqpub)
AMQ8276I: Display Connection details.
   CONN(9B11C06800260040)                
   EXTCONN(414D5143514D33202020202020202020)
   TYPE(CONN)                            
   PID(4658)                               TID(9) 
   APPLDESC(IBM MQ Queued Pub/Sub Worker)
   APPLTAG(amqfcxba)                       APPLTYPE(SYSTEM)
   ASTATE(NONE)                            CHANNEL( )
   CLIENTID( )                             CONNAME( )
   CONNOPTS(MQCNO_FASTPATH_BINDING)        USERID(mqm)
   UOWLOG( )                               UOWSTDA(2025-09-09)
   UOWSTTI(11.38.03)                       UOWLOGDA( )
   UOWLOGTI( )                             URTYPE(QMGR)
   EXTURID(XA_FORMATID[] XA_GTRID[] XA_BQUAL[])
   QMURID(0.12292)                         UOWSTATE(ACTIVE)
   CONNTAG(MQCT9B11C06800260040QM3_2025-09-05_02.13.44amqfcxba)
AMQ8276I: Display Connection details.
   CONN(9B11C06800210040)                
   EXTCONN(414D5143514D33202020202020202020)
   TYPE(CONN)                            
   PID(4658)                               TID(4) 
   APPLDESC(IBM MQ Queued Pub/Sub Worker)
   APPLTAG(amqfcxba)                       APPLTYPE(SYSTEM)
   ASTATE(NONE)                            CHANNEL( )
   CLIENTID( )                             CONNAME( )
   CONNOPTS(MQCNO_FASTPATH_BINDING)        USERID(mqm)
   UOWLOG( )                               UOWSTDA( )
   UOWSTTI( )                              UOWLOGDA( )
   UOWLOGTI( )                             URTYPE(QMGR)
   EXTURID(XA_FORMATID[] XA_GTRID[] XA_BQUAL[])
   QMURID(0.0)                             UOWSTATE(NONE)
   CONNTAG(MQCT9B11C06800210040QM3_2025-09-05_02.13.44amqfcxba)
AMQ8276I: Display Connection details.
   CONN(9B11C068000E0040)                
   EXTCONN(414D5143514D33202020202020202020)
   TYPE(CONN)                            
   PID(4601)                               TID(7) 
   APPLDESC(IBM MQ Distributed Pub/Sub Controller)
   APPLTAG(amqzmuf0)                       APPLTYPE(SYSTEM)
   ASTATE(NONE)                            CHANNEL( )
   CLIENTID( )                             CONNAME( )
   CONNOPTS(MQCNO_FASTPATH_BINDING)        USERID(mqm)
   UOWLOG( )                               UOWSTDA( )
   UOWSTTI( )                              UOWLOGDA( )
   UOWLOGTI( )                             URTYPE(QMGR)
   EXTURID(XA_FORMATID[] XA_GTRID[] XA_BQUAL[])
   QMURID(0.0)                             UOWSTATE(NONE)
   CONNTAG(MQCT9B11C068000E0040QM3_2025-09-05_02.13.44amqzmuf0)
AMQ8276I: Display Connection details.
   CONN(9B11C06802380040)                
   EXTCONN(414D5143514D33202020202020202020)
   TYPE(CONN)                            
   PID(5854)                               TID(1) 
   APPLDESC(IBM MQ Script Command Processor)
   APPLTAG(runmqsc)                        APPLTYPE(SYSTEM)
   ASTATE(STOPPED)                         CHANNEL( )
   CLIENTID( )                             CONNAME( )
   CONNOPTS(MQCNO_SHARED_BINDING)          USERID(mqm)
   UOWLOG( )                               UOWSTDA( )
   UOWSTTI( )                              UOWLOGDA( )
   UOWLOGTI( )                             URTYPE(QMGR)
   EXTURID(XA_FORMATID[] XA_GTRID[] XA_BQUAL[])
   QMURID(0.0)                             UOWSTATE(NONE)
   CONNTAG(MQCT9B11C06802380040QM3_2025-09-05_02.13.44runmqsc)
AMQ8276I: Display Connection details.
   CONN(9B11C06800090040)                
   EXTCONN(414D5143514D33202020202020202020)
   TYPE(CONN)                            
   PID(4613)                               TID(1) 
   APPLDESC(IBM MQ Channel Initiator)      APPLTAG(runmqchi)
   APPLTYPE(CHINIT)                        ASTATE(STARTED)
   CHANNEL( )                              CLIENTID( )
   CONNAME( )                           
   CONNOPTS(MQCNO_HANDLE_SHARE_BLOCK,MQCNO_SHARED_BINDING)
   USERID(mqm)                             UOWLOG( )
   UOWSTDA( )                              UOWSTTI( )
   UOWLOGDA( )                             UOWLOGTI( )
   URTYPE(QMGR)                         
   EXTURID(XA_FORMATID[] XA_GTRID[] XA_BQUAL[])
   QMURID(0.0)                             UOWSTATE(NONE)
   CONNTAG(MQCT9B11C06800090040QM3_2025-09-05_02.13.44runmqchi)
AMQ8276I: Display Connection details.
   CONN(9B11C06800170040)                
   EXTCONN(414D5143514D33202020202020202020)
   TYPE(CONN)                            
   PID(4601)                               TID(10) 
   APPLDESC(IBM MQ Distributed Pub/Sub Publish Task)
   APPLTAG(amqzmuf0)                       APPLTYPE(SYSTEM)
   ASTATE(NONE)                            CHANNEL( )
   CLIENTID( )                             CONNAME( )
   CONNOPTS(MQCNO_FASTPATH_BINDING)        USERID(mqm)
   UOWLOG( )                               UOWSTDA(2025-09-09)
   UOWSTTI(11.38.03)                       UOWLOGDA( )
   UOWLOGTI( )                             URTYPE(QMGR)
   EXTURID(XA_FORMATID[] XA_GTRID[] XA_BQUAL[])
   QMURID(0.16384)                         UOWSTATE(ACTIVE)
   CONNTAG(MQCT9B11C06800170040QM3_2025-09-05_02.13.44amqzmuf0)
AMQ8276I: Display Connection details.
   CONN(9B11C06800250040)                
   EXTCONN(414D5143514D33202020202020202020)
   TYPE(CONN)                            
   PID(4658)                               TID(8) 
   APPLDESC(IBM MQ Queued Pub/Sub Worker)
   APPLTAG(amqfcxba)                       APPLTYPE(SYSTEM)
   ASTATE(NONE)                            CHANNEL( )
   CLIENTID( )                             CONNAME( )
   CONNOPTS(MQCNO_FASTPATH_BINDING)        USERID(mqm)
   UOWLOG( )                               UOWSTDA(2025-09-09)
   UOWSTTI(11.38.03)                       UOWLOGDA( )
   UOWLOGTI( )                             URTYPE(QMGR)
   EXTURID(XA_FORMATID[] XA_GTRID[] XA_BQUAL[])
   QMURID(0.4104)                          UOWSTATE(ACTIVE)
   CONNTAG(MQCT9B11C06800250040QM3_2025-09-05_02.13.44amqfcxba)
AMQ8276I: Display Connection details.
   CONN(9B11C06800200040)                
   EXTCONN(414D5143514D33202020202020202020)
   TYPE(CONN)                            
   PID(4658)                               TID(1) 
   APPLDESC(IBM MQ Queued Pub/Sub Worker)
   APPLTAG(amqfcxba)                       APPLTYPE(SYSTEM)
   ASTATE(NONE)                            CHANNEL( )
   CLIENTID( )                             CONNAME( )
   CONNOPTS(MQCNO_FASTPATH_BINDING)        USERID(mqm)
   UOWLOG( )                               UOWSTDA( )
   UOWSTTI( )                              UOWLOGDA( )
   UOWLOGTI( )                             URTYPE(QMGR)
   EXTURID(XA_FORMATID[] XA_GTRID[] XA_BQUAL[])
   QMURID(0.0)                             UOWSTATE(NONE)
   CONNTAG(MQCT9B11C06800200040QM3_2025-09-05_02.13.44amqfcxba)
AMQ8276I: Display Connection details.
   CONN(9B11C068001B0040)                
   EXTCONN(414D5143514D33202020202020202020)
   TYPE(CONN)                            
   PID(4587)                               TID(15) 
   APPLDESC(IBM MQ Delayed Delivery Processor)
   APPLTAG(amqzmur0)                       APPLTYPE(SYSTEM)
   ASTATE(NONE)                            CHANNEL( )
   CLIENTID( )                             CONNAME( )
   CONNOPTS(MQCNO_SHARED_BINDING)          USERID(mqm)
   UOWLOG( )                               UOWSTDA( )
   UOWSTTI( )                              UOWLOGDA( )
   UOWLOGTI( )                             URTYPE(QMGR)
   EXTURID(XA_FORMATID[] XA_GTRID[] XA_BQUAL[])
   QMURID(0.0)                             UOWSTATE(NONE)
   CONNTAG(MQCT9B11C068001B0040QM3_2025-09-05_02.13.44amqzmur0)
AMQ8276I: Display Connection details.
   CONN(9B11C06800080040)                
   EXTCONN(414D5143514D33202020202020202020)
   TYPE(CONN)                            
   PID(4613)                               TID(1) 
   APPLDESC(IBM MQ Channel Initiator)      APPLTAG(runmqchi)
   APPLTYPE(CHINIT)                        ASTATE(NONE)
   CHANNEL( )                              CLIENTID( )
   CONNAME( )                           
   CONNOPTS(MQCNO_HANDLE_SHARE_BLOCK,MQCNO_SHARED_BINDING)
   USERID(mqm)                             UOWLOG( )
   UOWSTDA( )                              UOWSTTI( )
   UOWLOGDA( )                             UOWLOGTI( )
   URTYPE(QMGR)                         
   EXTURID(XA_FORMATID[] XA_GTRID[] XA_BQUAL[])
   QMURID(0.0)                             UOWSTATE(NONE)
   CONNTAG(MQCT9B11C06800080040QM3_2025-09-05_02.13.44runmqchi)
AMQ8276I: Display Connection details.
   CONN(9B11C06800160040)                
   EXTCONN(414D5143514D33202020202020202020)
   TYPE(CONN)                            
   PID(4601)                               TID(9) 
   APPLDESC(IBM MQ Distributed Pub/Sub Command Task)
   APPLTAG(amqzmuf0)                       APPLTYPE(SYSTEM)
   ASTATE(NONE)                            CHANNEL( )
   CLIENTID( )                             CONNAME( )
   CONNOPTS(MQCNO_FASTPATH_BINDING)        USERID(mqm)
   UOWLOG( )                               UOWSTDA(2025-09-09)
   UOWSTTI(11.38.03)                       UOWLOGDA( )
   UOWLOGTI( )                             URTYPE(QMGR)
   EXTURID(XA_FORMATID[] XA_GTRID[] XA_BQUAL[])
   QMURID(0.12288)                         UOWSTATE(ACTIVE)
   CONNTAG(MQCT9B11C06800160040QM3_2025-09-05_02.13.44amqzmuf0)
AMQ8276I: Display Connection details.
   CONN(9B11C06800240040)                
   EXTCONN(414D5143514D33202020202020202020)
   TYPE(CONN)                            
   PID(4658)                               TID(6) 
   APPLDESC(IBM MQ Queued Pub/Sub Worker)
   APPLTAG(amqfcxba)                       APPLTYPE(SYSTEM)
   ASTATE(NONE)                            CHANNEL( )
   CLIENTID( )                             CONNAME( )
   CONNOPTS(MQCNO_FASTPATH_BINDING)        USERID(mqm)
   UOWLOG( )                               UOWSTDA( )
   UOWSTTI( )                              UOWLOGDA( )
   UOWLOGTI( )                             URTYPE(QMGR)
   EXTURID(XA_FORMATID[] XA_GTRID[] XA_BQUAL[])
   QMURID(0.0)                             UOWSTATE(NONE)
   CONNTAG(MQCT9B11C06800240040QM3_2025-09-05_02.13.44amqfcxba)
AMQ8276I: Display Connection details.
   CONN(9B11C06800030040)                
   EXTCONN(414D5143514D33202020202020202020)
   TYPE(CONN)                            
   PID(4565)                               TID(1) 
   APPLDESC(IBM MQ Object Authority Manager)
   APPLTAG(amqzfuma)                       APPLTYPE(SYSTEM)
   ASTATE(NONE)                            CHANNEL( )
   CLIENTID( )                             CONNAME( )
   CONNOPTS(MQCNO_FASTPATH_BINDING)        USERID(mqm)
   UOWLOG( )                               UOWSTDA( )
   UOWSTTI( )                              UOWLOGDA( )
   UOWLOGTI( )                             URTYPE(QMGR)
   EXTURID(XA_FORMATID[] XA_GTRID[] XA_BQUAL[])
   QMURID(0.0)                             UOWSTATE(NONE)
   CONNTAG(MQCT9B11C06800030040QM3_2025-09-05_02.13.44amqzfuma)
AMQ8276I: Display Connection details.
   CONN(9B11C068001F0040)                
   EXTCONN(414D5143514D33202020202020202020)
   TYPE(CONN)                            
   PID(4643)                               TID(5) 
   APPLDESC(IBM MQ Queued Pub/Sub Controller)
   APPLTAG(amqfqpub)                       APPLTYPE(SYSTEM)
   ASTATE(NONE)                            CHANNEL( )
   CLIENTID( )                             CONNAME( )
   CONNOPTS(MQCNO_FASTPATH_BINDING)        USERID(mqm)
   UOWLOG( )                               UOWSTDA(2025-09-09)
   UOWSTTI(11.38.03)                       UOWLOGDA( )
   UOWLOGTI( )                             URTYPE(QMGR)
   EXTURID(XA_FORMATID[] XA_GTRID[] XA_BQUAL[])
   QMURID(0.24577)                         UOWSTATE(ACTIVE)
   CONNTAG(MQCT9B11C068001F0040QM3_2025-09-05_02.13.44amqfqpub)
AMQ8276I: Display Connection details.
   CONN(9B11C06800070040)                
   EXTCONN(414D5143514D33202020202020202020)
   TYPE(CONN)                            
   PID(4612)                               TID(1) 
   APPLDESC(IBM MQ Command Server)         APPLTAG(amqpcsea)
   APPLTYPE(SYSTEM)                        ASTATE(NONE)
   CHANNEL( )                              CLIENTID( )
   CONNAME( )                              CONNOPTS(MQCNO_SHARED_BINDING)
   USERID(mqm)                             UOWLOG( )
   UOWSTDA( )                              UOWSTTI( )
   UOWLOGDA( )                             UOWLOGTI( )
   URTYPE(QMGR)                         
   EXTURID(XA_FORMATID[] XA_GTRID[] XA_BQUAL[])
   QMURID(0.0)                             UOWSTATE(NONE)
   CONNTAG(MQCT9B11C06800070040QM3_2025-09-05_02.13.44amqpcsea)
AMQ8276I: Display Connection details.
   CONN(9B11C06800150040)                
   EXTCONN(414D5143514D33202020202020202020)
   TYPE(CONN)                            
   PID(4601)                               TID(8) 
   APPLDESC(IBM MQ Distributed Pub/Sub Fan Out Task)
   APPLTAG(amqzmuf0)                       APPLTYPE(SYSTEM)
   ASTATE(NONE)                            CHANNEL( )
   CLIENTID( )                             CONNAME( )
   CONNOPTS(MQCNO_FASTPATH_BINDING)        USERID(mqm)
   UOWLOG( )                               UOWSTDA(2025-09-09)
   UOWSTTI(11.38.03)                       UOWLOGDA( )
   UOWLOGTI( )                             URTYPE(QMGR)
   EXTURID(XA_FORMATID[] XA_GTRID[] XA_BQUAL[])
   QMURID(0.4106)                          UOWSTATE(ACTIVE)
   CONNTAG(MQCT9B11C06800150040QM3_2025-09-05_02.13.44amqzmuf0)
AMQ8276I: Display Connection details.
   CONN(9B11C06800230040)                
   EXTCONN(414D5143514D33202020202020202020)
   TYPE(CONN)                            
   PID(4658)                               TID(7) 
   APPLDESC(IBM MQ Queued Pub/Sub Worker)
   APPLTAG(amqfcxba)                       APPLTYPE(SYSTEM)
   ASTATE(NONE)                            CHANNEL( )
   CLIENTID( )                             CONNAME( )
   CONNOPTS(MQCNO_FASTPATH_BINDING)        USERID(mqm)
   UOWLOG( )                               UOWSTDA( )
   UOWSTTI( )                              UOWLOGDA( )
   UOWLOGTI( )                             URTYPE(QMGR)
   EXTURID(XA_FORMATID[] XA_GTRID[] XA_BQUAL[])
   QMURID(0.0)                             UOWSTATE(NONE)
   CONNTAG(MQCT9B11C06800230040QM3_2025-09-05_02.13.44amqfcxba)
AMQ8276I: Display Connection details.
   CONN(9B11C06800020040)                
   EXTCONN(414D5143514D33202020202020202020)
   TYPE(CONN)                            
   PID(4606)                               TID(1) 
   APPLDESC(IBM MQ Cluster Repository)     APPLTAG(amqrrmfa)
   APPLTYPE(SYSTEM)                        ASTATE(NONE)
   CHANNEL( )                              CLIENTID( )
   CONNAME( )                              CONNOPTS(MQCNO_FASTPATH_BINDING)
   USERID(mqm)                             UOWLOG( )
   UOWSTDA(2025-09-09)                     UOWSTTI(11.38.03)
   UOWLOGDA( )                             UOWLOGTI( )
   URTYPE(QMGR)                         
   EXTURID(XA_FORMATID[] XA_GTRID[] XA_BQUAL[])
   QMURID(0.4103)                          UOWSTATE(ACTIVE)
   CONNTAG(MQCT9B11C06800020040QM3_2025-09-05_02.13.44amqrrmfa)
AMQ8276I: Display Connection details.
   CONN(9B11C068001E0040)                
   EXTCONN(414D5143514D33202020202020202020)
   TYPE(CONN)                            
   PID(4643)                               TID(4) 
   APPLDESC(IBM MQ Queued Pub/Sub Controller)
   APPLTAG(amqfqpub)                       APPLTYPE(SYSTEM)
   ASTATE(NONE)                            CHANNEL( )
   CLIENTID( )                             CONNAME( )
   CONNOPTS(MQCNO_FASTPATH_BINDING)        USERID(mqm)
   UOWLOG( )                               UOWSTDA( )
   UOWSTTI( )                              UOWLOGDA( )
   UOWLOGTI( )                             URTYPE(QMGR)
   EXTURID(XA_FORMATID[] XA_GTRID[] XA_BQUAL[])
   QMURID(0.0)                             UOWSTATE(NONE)
   CONNTAG(MQCT9B11C068001E0040QM3_2025-09-05_02.13.44amqfqpub)
One MQSC command read.
No commands have a syntax error.
All valid MQSC commands were processed.
